6.000000000000000000e+02 1.726838466492427163e-23 -6.730210262990292124e-125
6.500000000000000000e+02 -3.229854591798350648e+151 -9.228155976566720186e+149
7.000000000000000000e+02 -2.691108346153823569e+99 -7.688880989010925306e+97
7.500000000000000000e+02 1.242682695156981154e+00 3.550521986162803040e-02
8.000000000000000000e+02 8.655304678297225587e-15 2.481848719370821351e-171
8.500000000000000000e+02 2.854027677531785061e-13 2.462036699614722334e-191
9.000000000000000000e+02 6.298939947161544862e-12 -2.206001515202969895e-265
9.500000000000000000e+02 9.920671343573282781e-11 1.104078345452569910e-236
1.000000000000000000e+03 1.173582604736637188e-09 1.360403106211118043e-231
1.050000000000000000e+03 1.086827290273056067e-08 5.120152673897252830e-241
1.100000000000000000e+03 8.150211339940767640e-08 7.857239010584738140e-226
1.150000000000000000e+03 5.089266382121015751e-07 3.596593746990457460e-209
1.200000000000000000e+03 2.708338331242304149e-06 6.658236878488154572e-157
1.250000000000000000e+03 1.252479700863898988e-05 1.459482613521274573e-156
1.300000000000000000e+03 5.116890472125718914e-05 2.429149182267220591e-159
1.350000000000000000e+03 1.872792342244701622e-04 2.214641271736670106e-190
1.400000000000000000e+03 6.214782399008622659e-04 1.042566731738442300e-227
1.450000000000000000e+03 1.889277493929705700e-03 7.481759712017880178e-215
1.500000000000000000e+03 5.308564534266572814e-03 1.570987684003222931e-163
1.550000000000000000e+03 1.389450208580132219e-02 1.927738849363459407e-159
1.600000000000000000e+03 3.410678363216920056e-02 1.276844872757209290e-156
1.650000000000000000e+03 7.898724972077346418e-02 5.461641305519071774e-158
1.700000000000000000e+03 1.734885426269390241e-01 7.765140673158439022e-157
1.750000000000000000e+03 3.630764480797951110e-01 3.775629941297912948e-161
1.800000000000000000e+03 7.269897288672830804e-01 6.576947044117909842e-167
1.850000000000000000e+03 1.397832671439349861e+00 1.084185868127819055e-221
1.900000000000000000e+03 2.589422280859754455e+00 4.492691454977815023e-231
1.950000000000000000e+03 4.634977210091641986e+00 6.875604419565462051e-169
2.000000000000000000e+03 8.037785121886917850e+00 7.659232925848952237e-164
2.050000000000000000e+03 1.353639277845207189e+01 6.302194261778464962e-155
2.100000000000000000e+03 2.218611344644790861e+01 5.162345400298569947e-157
2.150000000000000000e+03 3.545823733211945950e+01 5.004616700340384616e-161
2.200000000000000000e+03 5.535777484113271640e+01 6.711953359907640052e-156
2.250000000000000000e+03 8.455988449165502630e+01 6.624666634443557056e-158
2.300000000000000000e+03 1.265643727257081821e+02 1.243143470322210163e-169
