# lambda(nm)  coeff spline
  800.000 0.00017660     0.0000e+00
  801.000 0.00014067     9.6687e-05
  802.000 0.00016821    -5.9299e-06
  803.000 0.00019840    -5.7068e-05
  804.000 0.00018791    -9.8788e-06
  805.000 0.00017550     8.5063e-05
  806.000 0.00018483    -1.9993e-04
  807.000 0.00012731     3.1357e-04
  808.000 0.00020080    -2.6830e-04
  809.000 0.00017391     1.5734e-04
  810.000 0.00018852    -1.1204e-04
  811.000 0.00015020    -2.6737e-05
  812.000 0.00011234     2.2175e-04
  813.000 0.00017687    -2.4594e-04
  814.000 0.00013707     1.3601e-04
  815.000 0.00012386    -1.3856e-04
  816.000 0.00009375     3.1682e-04
  817.000 0.00018735    -3.8648e-04
  818.000 0.00012780     3.1018e-04
  819.000 0.00016387    -2.8052e-04
  820.000 0.00010443     2.3884e-04
  821.000 0.00015263    -2.9015e-05
  822.000 0.00017974    -2.4932e-04
  823.000 0.00011021     4.4647e-04
  824.000 0.00021403    -4.9646e-04
  825.000 0.00012767     3.9828e-04
  826.000 0.00017986    -2.6536e-04
  827.000 0.00014614     1.4772e-04
  828.000 0.00015674    -5.9583e-05
  829.000 0.00016409     7.1115e-05
  830.000 0.00017087    -2.2830e-04
  831.000 0.00010762     4.2189e-04
  832.000 0.00020682    -4.8457e-04
  833.000 0.00011155     3.4956e-04
  834.000 0.00015029    -1.0961e-04
  835.000 0.00016160    -7.5704e-05
  836.000 0.00012847     1.4579e-04
  837.000 0.00017376    -3.6918e-05
  838.000 0.00019465    -1.4451e-04
  839.000 0.00014013     1.6251e-04
  840.000 0.00015950    -6.2183e-05
  841.000 0.00016447    -1.7829e-07
  842.000 0.00015745    -9.0442e-06
  843.000 0.00015928     8.9455e-05
  844.000 0.00017758    -2.4996e-04
  845.000 0.00011447     4.2191e-04
  846.000 0.00020017    -5.4482e-04
  847.000 0.00007578     4.9682e-04
  848.000 0.00014271    -2.9454e-04
  849.000 0.00012756     1.8886e-04
  850.000 0.00017262    -9.9654e-05
  851.000 0.00016842    -8.5806e-05
  852.000 0.00013235     2.5166e-04
  853.000 0.00019317    -3.3949e-04
  854.000 0.00010830     2.3218e-04
  855.000 0.00011437    -4.3579e-05
  856.000 0.00014939     1.1584e-04
  857.000 0.00021008    -2.6576e-04
  858.000 0.00014716     2.0553e-04
  859.000 0.00018344     3.8844e-05
  860.000 0.00022996    -2.9946e-04
  861.000 0.00011950     2.1713e-04
  862.000 0.00012208     1.0917e-04
  863.000 0.00019727    -2.1816e-04
  864.000 0.00016970     1.4690e-04
  865.000 0.00017523    -1.7083e-04
  866.000 0.00014391     3.1534e-04
  867.000 0.00023051    -3.8299e-04
  868.000 0.00014597     1.8979e-04
  869.000 0.00013586     7.0397e-05
  870.000 0.00019931    -3.0024e-05
  871.000 0.00023132    -1.3894e-04
  872.000 0.00018305     1.0412e-04
  873.000 0.00018860     4.5399e-05
  874.000 0.00021114    -1.8377e-04
  875.000 0.00012847     5.8435e-05
  876.000 0.00010465     3.0314e-04
  877.000 0.00023095    -3.7026e-04
  878.000 0.00020525     2.6589e-04
  879.000 0.00024071    -3.2634e-04
  880.000 0.00014115     2.2934e-04
  881.000 0.00013515    -2.9672e-05
  882.000 0.00016443     1.0102e-04
  883.000 0.00019764    -3.5084e-04
  884.000 0.00009139     4.6559e-04
  885.000 0.00017961    -3.4471e-04
  886.000 0.00014568     1.8035e-04
  887.000 0.00015457    -1.1977e-04
  888.000 0.00014401     1.8204e-04
  889.000 0.00021770    -1.0290e-04
  890.000 0.00022222    -1.8548e-04
  891.000 0.00012439     2.3070e-04
  892.000 0.00015331     2.3185e-05
  893.000 0.00020275    -2.0032e-04
  894.000 0.00014373     1.2733e-04
  895.000 0.00014042     2.5256e-05
  896.000 0.00015689    -1.0967e-04
  897.000 0.00013990     2.1268e-04
  898.000 0.00019720    -2.9531e-04
  899.000 0.00014238     2.9582e-04
  900.000 0.00019134    -2.6530e-04
  901.000 0.00012786     9.0735e-05
  902.000 0.00010935     1.7218e-04
  903.000 0.00018468    -2.1641e-04
  904.000 0.00014856     2.4764e-05
  905.000 0.00011067     1.0673e-04
  906.000 0.00013042    -1.0586e-04
  907.000 0.00012836     1.8585e-04
  908.000 0.00018525    -2.8383e-04
  909.000 0.00012936     2.7279e-04
  910.000 0.00018580    -1.3336e-04
  911.000 0.00019028    -5.1131e-05
  912.000 0.00014854     6.0560e-05
  913.000 0.00015084     7.3133e-05
  914.000 0.00017287    -2.3471e-04
  915.000 0.00011125     3.6381e-04
  916.000 0.00020808    -2.6982e-04
  917.000 0.00018061    -3.0322e-05
  918.000 0.00013805     3.0057e-04
  919.000 0.00021357    -4.6348e-04
  920.000 0.00012061     5.4248e-04
  921.000 0.00022693    -5.1074e-04
  922.000 0.00014253     3.5617e-04
  923.000 0.00016653    -2.6352e-04
  924.000 0.00012485     3.0384e-04
  925.000 0.00019589    -2.7552e-04
  926.000 0.00015050     9.9675e-05
  927.000 0.00012893     1.9742e-05
  928.000 0.00014964     7.5035e-05
  929.000 0.00017977    -2.6336e-04
  930.000 0.00011558     4.1250e-04
  931.000 0.00021345    -4.1427e-04
  932.000 0.00015204     2.8890e-04
  933.000 0.00018118    -1.9803e-04
  934.000 0.00013937     7.7529e-05
  935.000 0.00012208     3.5035e-05
  936.000 0.00013291    -4.8951e-05
  937.000 0.00013649     1.1727e-04
  938.000 0.00018983    -1.2156e-04
  939.000 0.00018237     4.1859e-06
  940.000 0.00016336     3.5520e-05
  941.000 0.00016623    -1.4986e-05
  942.000 0.00016674     1.0264e-05
  943.000 0.00015707    -8.7151e-05
  944.000 0.00011621     1.5120e-04
  945.000 0.00013528    -1.5807e-04
  946.000 0.00010775     2.0149e-04
  947.000 0.00017439    -8.2862e-05
  948.000 0.00020222    -1.0290e-04
  949.000 0.00015732     5.8087e-05
  950.000 0.00013755     2.1332e-05
  951.000 0.00013933    -1.4115e-05
  952.000 0.00015017     8.9487e-05
  953.000 0.00018830    -1.8009e-04
  954.000 0.00014233     1.2628e-04
  955.000 0.00015240     1.1213e-05
  956.000 0.00016711    -1.4329e-04
  957.000 0.00012728     2.3472e-04
  958.000 0.00019245    -1.6557e-04
  959.000 0.00018215    -2.5252e-05
  960.000 0.00015010     1.3608e-04
  961.000 0.00018383    -1.2438e-04
  962.000 0.00017547     1.0889e-04
  963.000 0.00017472    -2.6552e-04
  964.000 0.00009391     4.7284e-04
  965.000 0.00022224    -3.7102e-04
  966.000 0.00019257     6.3219e-05
  967.000 0.00015158     5.0220e-05
  968.000 0.00014734    -4.3599e-05
  969.000 0.00014290     1.2297e-04
  970.000 0.00017960    -2.0146e-04
  971.000 0.00013946     2.2183e-04
  972.000 0.00017031    -2.5991e-04
  973.000 0.00010114     2.1770e-04
  974.000 0.00012330    -6.2892e-05
  975.000 0.00014409     2.5652e-05
  976.000 0.00016146    -6.0236e-05
  977.000 0.00015764     8.8152e-05
  978.000 0.00018095    -1.2959e-04
  979.000 0.00014331     6.4512e-05
  980.000 0.00012886     1.0684e-05
  981.000 0.00013485     1.5393e-05
  982.000 0.00013971    -7.9035e-05
  983.000 0.00010166     4.3288e-05
  984.000 0.00011464     2.1206e-04
  985.000 0.00021878    -3.4458e-04
  986.000 0.00014685     1.0986e-04
  987.000 0.00011240     1.3004e-04
  988.000 0.00017019    -7.6589e-05
  989.000 0.00018684    -7.0529e-05
  990.000 0.00014850     2.8763e-05
  991.000 0.00013562     1.0824e-04
  992.000 0.00016978    -1.7947e-04
  993.000 0.00014104     2.3224e-04
  994.000 0.00018922    -2.8798e-04
  995.000 0.00011781     2.0212e-04
  996.000 0.00011852    -8.7794e-05
  997.000 0.00011506     1.2403e-04
  998.000 0.00016473    -8.9561e-05
  999.000 0.00016889    -3.8849e-05
 1000.000 0.00013986     4.5818e-05
 1001.000 0.00014245     4.5290e-05
 1002.000 0.00016134    -1.2918e-04
 1003.000 0.00012589     1.4537e-04
 1004.000 0.00015611    -5.8242e-05
 1005.000 0.00014835    -1.4027e-04
 1006.000 0.00009684     3.5685e-04
 1007.000 0.00020609    -3.2255e-04
 1008.000 0.00018146     1.3003e-04
 1009.000 0.00017537    -8.6327e-05
 1010.000 0.00015327     1.1923e-04
 1011.000 0.00017154    -1.4840e-04
 1012.000 0.00013736     1.5963e-04
 1013.000 0.00015289    -1.9183e-04
 1014.000 0.00010631     2.3506e-04
 1015.000 0.00015107    -2.0038e-04
 1016.000 0.00012719     1.5461e-04
 1017.000 0.00015063    -1.3411e-04
 1018.000 0.00015068     2.4148e-04
 1019.000 0.00021596    -4.4046e-04
 1020.000 0.00011088     4.9819e-04
 1021.000 0.00018481    -4.7817e-04
 1022.000 0.00011946     5.7878e-04
 1023.000 0.00024011    -7.2094e-04
 1024.000 0.00009721     7.2379e-04
 1025.000 0.00022364    -5.5825e-04
 1026.000 0.00015168     3.1886e-04
 1027.000 0.00017153    -1.6632e-04
 1028.000 0.00015602     1.3426e-04
 1029.000 0.00017620    -1.5657e-04
 1030.000 0.00014324     1.7319e-04
 1031.000 0.00018103    -1.1170e-04
 1032.000 0.00016982    -2.0410e-05
 1033.000 0.00016041     2.0414e-04
 1034.000 0.00022755    -3.3683e-04
 1035.000 0.00014305     2.3335e-04
 1036.000 0.00015088    -4.2591e-05
 1037.000 0.00016310    -3.6645e-05
 1038.000 0.00014340    -2.3484e-06
 1039.000 0.00012114     3.0679e-05
 1040.000 0.00014006     1.2671e-04
 1041.000 0.00019523    -3.2004e-04
 1042.000 0.00011884     3.6407e-04
 1043.000 0.00018089    -3.0560e-04
 1044.000 0.00012967     1.7870e-04
 1045.000 0.00013301    -8.1848e-05
 1046.000 0.00012300     6.8590e-05
 1047.000 0.00015437     5.5769e-05
 1048.000 0.00020230    -1.9230e-04
 1049.000 0.00013852     4.3190e-05
 1050.000 0.00010118     1.7818e-04
 1051.000 0.00016776    -1.3240e-04
 1052.000 0.00017307    -1.6184e-05
 1053.000 0.00013867    -4.1118e-05
 1054.000 0.00010575     1.8954e-04
 1055.000 0.00016212    -1.8129e-04
 1056.000 0.00014025     6.6185e-05
 1057.000 0.00012840    -2.3329e-05
 1058.000 0.00012342     6.8352e-05
 1059.000 0.00015544    -2.8080e-05
 1060.000 0.00016625    -8.3293e-05
 1061.000 0.00014575     1.7339e-04
 1062.000 0.00019878    -1.6909e-04
 1063.000 0.00016224    -3.4453e-05
 1064.000 0.00011884     2.6574e-04
 1065.000 0.00019809    -2.9262e-04
 1066.000 0.00015961     1.9834e-04
 1067.000 0.00017990    -1.4812e-04
 1068.000 0.00014741     7.7477e-05
 1069.000 0.00015527     8.0317e-05
 1070.000 0.00018106    -2.9116e-04
 1071.000 0.00010090     4.4864e-04
 1072.000 0.00021045    -3.6514e-04
 1073.000 0.00017537     1.4414e-04
 1074.000 0.00016986    -3.3994e-05
 1075.000 0.00015980    -3.5461e-05
 1076.000 0.00013286     7.4559e-05
 1077.000 0.00015017     2.7249e-06
 1078.000 0.00015747    -1.4552e-04
 1079.000 0.00010517     2.2175e-04
 1080.000 0.00016585    -6.3600e-05
 1081.000 0.00017967    -2.4851e-04
 1082.000 0.00009321     4.5595e-04
 1083.000 0.00018778    -4.8912e-04
 1084.000 0.00009774     3.9288e-04
 1085.000 0.00014247    -2.7376e-04
 1086.000 0.00010130     1.8676e-04
 1087.000 0.00013395    -3.0365e-05
 1088.000 0.00016466    -7.6943e-05
 1089.000 0.00015213     7.8695e-05
 1090.000 0.00014288    -2.1816e-04
 1091.000 0.00007487     4.4137e-04
 1092.000 0.00019419    -4.2335e-04
 1093.000 0.00013033     1.5295e-04
 1094.000 0.00012653     1.7192e-04
 1095.000 0.00020219    -3.6388e-04
 1096.000 0.00011409     3.0103e-04
 1097.000 0.00014190    -1.4480e-04
 1098.000 0.00014477     1.2852e-04
 1099.000 0.00019240    -1.0072e-04
 1100.000 0.00017758    -1.0033e-04
 1101.000 0.00011456     2.1284e-04
 1102.000 0.00017104    -3.4038e-05
 1103.000 0.00020691    -2.0035e-04
 1104.000 0.00013444     1.8540e-04
 1105.000 0.00014669    -3.2926e-05
 1106.000 0.00016067    -4.3317e-05
 1107.000 0.00014868     5.0373e-05
 1108.000 0.00014414    -1.1347e-04
 1109.000 0.00013250     3.6093e-04
 1110.000 0.00023463    -6.4761e-04
 1111.000 0.00008799     7.3690e-04
 1112.000 0.00022438    -6.0181e-04
 1113.000 0.00012982     2.8462e-04
 1114.000 0.00013936     8.7922e-05
 1115.000 0.00020923    -2.7433e-04
 1116.000 0.00015652     2.7391e-04
 1117.000 0.00020300    -2.2618e-04
 1118.000 0.00015181     4.4804e-05
 1119.000 0.00011916     1.5821e-04
 1120.000 0.00017500    -1.4670e-04
 1121.000 0.00016349     2.4484e-05
 1122.000 0.00014830     2.6684e-05
 1123.000 0.00014319    -7.0738e-05
 1124.000 0.00012301     1.6585e-04
 1125.000 0.00016827    -2.0001e-04
 1126.000 0.00013958     1.9050e-04
 1127.000 0.00017724    -1.6390e-04
 1128.000 0.00016064     1.3953e-04
 1129.000 0.00016869    -2.4631e-04
 1130.000 0.00008482     2.9420e-04
 1131.000 0.00014790    -4.8798e-05
 1132.000 0.00018923    -2.2951e-04
 1133.000 0.00011386     2.6665e-04
 1134.000 0.00015605    -1.3171e-04
 1135.000 0.00015740     1.5149e-05
 1136.000 0.00015607     5.5032e-05
 1137.000 0.00017262    -1.2800e-04
 1138.000 0.00012319     6.1081e-05
 1139.000 0.00010528     7.2795e-05
 1140.000 0.00013789    -4.9139e-05
 1141.000 0.00013994    -5.9598e-05
 1142.000 0.00012686     1.9675e-04
 1143.000 0.00019842    -2.1956e-04
 1144.000 0.00016917     7.6647e-05
 1145.000 0.00013956    -8.9183e-05
 1146.000 0.00011768     3.2647e-04
 1147.000 0.00023591    -3.7602e-04
 1148.000 0.00018562     1.6649e-04
 1149.000 0.00017761    -3.6271e-05
 1150.000 0.00016098    -7.3129e-05
 1151.000 0.00011824     1.7213e-04
 1152.000 0.00015147    -1.5955e-04
 1153.000 0.00012600     1.1389e-04
 1154.000 0.00014769    -1.3045e-05
 1155.000 0.00016098    -1.1211e-04
 1156.000 0.00013541     2.2833e-04
 1157.000 0.00020290    -2.4285e-04
 1158.000 0.00016064     8.4555e-05
 1159.000 0.00014816     8.3306e-05
 1160.000 0.00018976    -9.3300e-05
 1161.000 0.00017764    -3.2428e-05
 1162.000 0.00013046     1.2650e-05
 1163.000 0.00011435     1.6825e-04
 1164.000 0.00016845    -2.6438e-04
 1165.000 0.00011424     2.3940e-04
 1166.000 0.00015586    -1.1823e-04
 1167.000 0.00015219    -3.8229e-05
 1168.000 0.00013037     1.6224e-04
 1169.000 0.00018163    -1.7226e-04
 1170.000 0.00016002     8.9567e-05
 1171.000 0.00016069    -5.2331e-05
 1172.000 0.00016003     1.1178e-04
 1173.000 0.00019019    -2.0986e-04
 1174.000 0.00013058     1.8904e-04
 1175.000 0.00015601    -3.6047e-05
 1176.000 0.00016515    -1.4259e-04
 1177.000 0.00010112     1.6738e-04
 1178.000 0.00014795     1.3823e-04
 1179.000 0.00025755    -3.4368e-04
 1180.000 0.00018207     1.2600e-04
 1181.000 0.00013425     5.6357e-06
 1182.000 0.00013106     1.1924e-04
 1183.000 0.00017279    -2.1306e-04
 1184.000 0.00013481     2.5475e-04
 1185.000 0.00019805    -1.9863e-04
 1186.000 0.00016857    -1.6556e-05
 1187.000 0.00011387     1.1353e-04
 1188.000 0.00013087    -7.3714e-06
 1189.000 0.00016039    -8.9260e-06
 1190.000 0.00017687    -3.5165e-05
 1191.000 0.00016013    -4.9736e-05
 1192.000 0.00012218     1.0685e-04
 1193.000 0.00013912    -4.8316e-05
 1194.000 0.00014758     3.5538e-05
 1195.000 0.00015580    -9.5274e-05
 1196.000 0.00013039     1.4378e-04
 1197.000 0.00016499    -1.1978e-04
 1198.000 0.00014596     1.3564e-05
 1199.000 0.00013109     9.0484e-05
 1200.000 0.00017277    -3.6199e-05
 1201.000 0.00018467    -1.2437e-04
 1202.000 0.00013114     1.4110e-04
 1203.000 0.00013581    -9.0816e-05
 1204.000 0.00011405     6.3587e-05
 1205.000 0.00013081     6.7587e-05
 1206.000 0.00015641    -2.8090e-04
 1207.000 0.00006764     3.6978e-04
 1208.000 0.00015629    -1.3370e-04
 1209.000 0.00019428    -1.3893e-04
 1210.000 0.00013921     1.3105e-04
 1211.000 0.00015608     4.6350e-05
 1212.000 0.00018980    -2.1535e-04
 1213.000 0.00013069     2.5809e-04
 1214.000 0.00017700    -1.8448e-04
 1215.000 0.00015168     5.0049e-05
 1216.000 0.00013899     6.0062e-05
 1217.000 0.00017692     1.3423e-05
 1218.000 0.00020633    -1.6487e-04
 1219.000 0.00015156     1.4099e-04
 1220.000 0.00015572    -4.5525e-05
 1221.000 0.00015568     1.5905e-05
 1222.000 0.00015148    -4.3057e-05
 1223.000 0.00013457     8.0061e-05
 1224.000 0.00015566    -4.9188e-05
 1225.000 0.00015138    -3.5527e-05
 1226.000 0.00013455     1.1600e-04
 1227.000 0.00018507    -2.4365e-05
 1228.000 0.00020611    -1.9542e-04
 1229.000 0.00013031     2.2500e-04
 1230.000 0.00015554    -9.8408e-05
 1231.000 0.00015136    -7.8314e-06
 1232.000 0.00014293     1.0423e-04
 1233.000 0.00017240    -1.8170e-04
 1234.000 0.00012189     1.4269e-04
 1235.000 0.00014718     6.5739e-05
 1236.000 0.00019757    -2.5505e-04
 1237.000 0.00013462     2.7441e-04
 1238.000 0.00017667    -2.1260e-04
 1239.000 0.00013883     9.6647e-05
 1240.000 0.00014304     7.8313e-05
 1241.000 0.00018507    -1.8298e-04
 1242.000 0.00014725     1.7451e-04
 1243.000 0.00017648    -1.1275e-04
 1244.000 0.00016795     4.9926e-05
 1245.000 0.00017223    -1.0095e-05
 1246.000 0.00015931    -1.1275e-04
 1247.000 0.00011341     2.6320e-04
 1248.000 0.00016803    -3.3692e-04
 1249.000 0.00009248     3.0347e-04
 1250.000 0.00014706    -9.6192e-05
 1251.000 0.00018095    -4.2845e-05
 1252.000 0.00017643     3.7113e-05
 1253.000 0.00016756    -1.3171e-04
 1254.000 0.00011331     2.1744e-04
 1255.000 0.00015532    -1.6047e-04
 1256.000 0.00013005     2.0782e-05
 1257.000 0.00010057     5.2087e-05
 1258.000 0.00012156     7.3691e-05
 1259.000 0.00016773    -1.9577e-04
 1260.000 0.00013007     2.0641e-04
 1261.000 0.00017632    -1.2642e-04
 1262.000 0.00015950    -7.9167e-05
 1263.000 0.00009957     1.8443e-04
 1264.000 0.00013452    -8.9256e-05
 1265.000 0.00014970     5.3978e-05
 1266.000 0.00017657    -5.6518e-05
 1267.000 0.00019179     1.0219e-04
 1268.000 0.00022278    -2.5763e-04
 1269.000 0.00013823     2.3509e-04
 1270.000 0.00014603    -1.2864e-04
 1271.000 0.00012603     1.1267e-04
 1272.000 0.00016750     4.6792e-05
 1273.000 0.00021369    -2.7152e-04
 1274.000 0.00013411     2.8465e-04
 1275.000 0.00017600    -1.3826e-04
 1276.000 0.00016752    -3.3837e-05
 1277.000 0.00014971     2.1763e-04
 1278.000 0.00023057    -2.4464e-04
 1279.000 0.00018411    -2.9694e-06
 1280.000 0.00012411     1.7528e-04
 1281.000 0.00017491    -3.3357e-05
 1282.000 0.00020146    -1.8735e-04
 1283.000 0.00013477     2.2333e-04
 1284.000 0.00016345    -1.3374e-04
 1285.000 0.00014547     3.1662e-05
 1286.000 0.00015561     1.7581e-04
 1287.000 0.00021711    -4.2674e-04
 1288.000 0.00009839     4.4981e-04
 1289.000 0.00018227    -1.5692e-04
 1290.000 0.00020909    -1.6450e-04
 1291.000 0.00014207     2.5187e-04
 1292.000 0.00018678    -1.7259e-04
 1293.000 0.00015763    -4.6842e-06
 1294.000 0.00010893     7.4022e-05
 1295.000 0.00011748     5.2095e-05
 1296.000 0.00016274    -6.2143e-05
 1297.000 0.00017968     2.6555e-05
 1298.000 0.00017931    -1.4794e-04
 1299.000 0.00012185     2.2266e-04
 1300.000 0.00015019    -2.2789e-04
 1301.000 0.00009950     2.1474e-04
 1302.000 0.00013034    -1.4189e-04
 1303.000 0.00012838     1.5602e-04
 1304.000 0.00017180    -2.0991e-04
 1305.000 0.00012446     1.3908e-04
 1306.000 0.00013413    -4.3375e-06
 1307.000 0.00016279    -7.7880e-06
 1308.000 0.00017647    -5.4390e-05
 1309.000 0.00014703    -3.3370e-05
 1310.000 0.00011069     1.4647e-04
 1311.000 0.00016271    -2.2353e-05
 1312.000 0.00019201    -1.9338e-04
 1313.000 0.00013373     2.7039e-04
 1314.000 0.00018811    -2.1220e-04
 1315.000 0.00016643     1.2207e-04
 1316.000 0.00015834    -1.9454e-04
 1317.000 0.00009123     3.0197e-04
 1318.000 0.00015954    -2.0083e-04
 1319.000 0.00016650     1.3326e-04
 1320.000 0.00020325    -1.5346e-04
 1321.000 0.00017956     1.1793e-04
 1322.000 0.00018353    -1.5231e-04
 1323.000 0.00015030     2.6810e-04
 1324.000 0.00020827    -3.7290e-04
 1325.000 0.00011649     3.2501e-04
 1326.000 0.00015824    -1.2597e-04
 1327.000 0.00017908     5.3410e-05
 1328.000 0.00019162    -1.3747e-04
 1329.000 0.00012896     4.5269e-05
 1330.000 0.00008290     5.5993e-05
 1331.000 0.00010347     1.3054e-04
 1332.000 0.00018716    -1.9943e-04
 1333.000 0.00015889    -4.5878e-06
 1334.000 0.00012474     1.8250e-04
 1335.000 0.00017016    -2.4799e-04
 1336.000 0.00011218     1.8905e-04
 1337.000 0.00014527     3.8200e-05
 1338.000 0.00019551    -2.3895e-04
 1339.000 0.00012433     1.8909e-04
 1340.000 0.00014149     1.2649e-05
 1341.000 0.00017946    -1.1482e-04
 1342.000 0.00015705     8.4355e-05
 1343.000 0.00016035    -6.8338e-05
 1344.000 0.00015044     1.0974e-04
 1345.000 0.00018675    -9.3290e-05
 1346.000 0.00016556    -8.1576e-05
 1347.000 0.00010986     2.1253e-04
 1348.000 0.00016328    -1.1383e-04
 1349.000 0.00017406    -1.3036e-05
 1350.000 0.00016051     2.0000e-05
 1351.000 0.00015814     1.1681e-07
 1352.000 0.00017171     7.5173e-05
 1353.000 0.00020470    -1.8429e-04
 1354.000 0.00014628     1.1352e-04
 1355.000 0.00013434     9.1016e-06
 1356.000 0.00014140    -3.5923e-05
 1357.000 0.00013246     3.8591e-05
 1358.000 0.00015654     7.9680e-05
 1359.000 0.00018557    -3.2761e-04
 1360.000 0.00007946     4.1992e-04
 1361.000 0.00015297    -2.7435e-04
 1362.000 0.00014694     2.0024e-04
 1363.000 0.00019656    -1.9271e-04
 1364.000 0.00015319     1.2662e-05
 1365.000 0.00011395     1.6684e-04
 1366.000 0.00016576    -1.3373e-04
 1367.000 0.00015744     7.3029e-06
 1368.000 0.00013937     4.6020e-05
 1369.000 0.00015676     2.1379e-05
 1370.000 0.00017880    -1.0363e-04
 1371.000 0.00015172     9.8438e-05
 1372.000 0.00016314    -5.9117e-05
 1373.000 0.00019084     2.3571e-04
 1374.000 0.00027022    -5.7364e-04
 1375.000 0.00011509     6.5178e-04
 1376.000 0.00021325    -5.1375e-04
 1377.000 0.00012916     3.0971e-04
 1378.000 0.00015057    -9.2111e-05
 1379.000 0.00016199    -1.2124e-06
 1380.000 0.00016847     6.7320e-05
 1381.000 0.00021082    -5.2849e-05
 1382.000 0.00019958    -1.7747e-04
 1383.000 0.00011983     3.5165e-04
 1384.000 0.00018233    -3.7565e-04
 1385.000 0.00011619     3.7910e-04
 1386.000 0.00018070    -3.5684e-04
 1387.000 0.00012883     3.4997e-04
 1388.000 0.00019779    -3.1806e-04
 1389.000 0.00015033     2.2376e-04
 1390.000 0.00017520    -1.4300e-04
 1391.000 0.00015642     8.6330e-05
 1392.000 0.00016294    -5.0523e-05
 1393.000 0.00014542    -2.8479e-05
 1394.000 0.00012936     1.7320e-04
 1395.000 0.00019486    -1.7495e-04
 1396.000 0.00016812    -2.6835e-05
 1397.000 0.00012103     1.6019e-04
 1398.000 0.00015851    -1.0651e-04
 1399.000 0.00016439     7.6264e-05
 1400.000 0.00020357     1.2581e-06
 1401.000 0.00022721    -1.7454e-04
 1402.000 0.00018492     3.0131e-04
 1403.000 0.00024767    -4.0045e-04
 1404.000 0.00015815     3.8688e-04
 1405.000 0.00021476    -2.7031e-04
 1406.000 0.00018439     1.7246e-04
 1407.000 0.00019875    -1.5115e-04
 1408.000 0.00017585     2.0859e-04
 1409.000 0.00022558    -2.4744e-04
 1410.000 0.00018663     2.4908e-04
 1411.000 0.00023597    -2.1915e-04
 1412.000 0.00019778     1.0233e-04
 1413.000 0.00018934    -1.1655e-05
 1414.000 0.00018936    -4.9435e-06
 1415.000 0.00020697     1.3697e-04
 1416.000 0.00026401    -3.0635e-04
 1417.000 0.00018704     2.8439e-04
 1418.000 0.00022248    -1.5674e-04
 1419.000 0.00020704     3.7299e-05
 1420.000 0.00020970     1.1615e-04
 1421.000 0.00026101    -2.0998e-04
 1422.000 0.00022443     1.9643e-04
 1423.000 0.00026682    -1.0193e-04
 1424.000 0.00029604     1.3227e-04
 1425.000 0.00036485    -1.8962e-04
 1426.000 0.00035451     1.5132e-04
 1427.000 0.00038964    -1.4285e-04
 1428.000 0.00037503     1.2163e-04
 1429.000 0.00040573    -7.1816e-05
 1430.000 0.00041948     6.3934e-05
 1431.000 0.00045963    -2.5520e-05
 1432.000 0.00050531     7.1327e-05
 1433.000 0.00057046    -1.4297e-04
 1434.000 0.00056351     6.7938e-05
 1435.000 0.00057487    -1.8926e-05
 1436.000 0.00059729     7.4125e-05
 1437.000 0.00065955    -3.8533e-05
 1438.000 0.00071257     2.4568e-05
 1439.000 0.00076782    -4.6359e-05
 1440.000 0.00080904     7.6687e-05
 1441.000 0.00086344    -1.8131e-04
 1442.000 0.00084225     1.9500e-04
 1443.000 0.00091494    -3.5422e-05
 1444.000 0.00096561    -1.8544e-04
 1445.000 0.00095268     3.9556e-04
 1446.000 0.00112110    -3.0872e-04
 1447.000 0.00116310     8.0779e-05
 1448.000 0.00120410    -2.0402e-05
 1449.000 0.00126820     1.3943e-04
 1450.000 0.00140010    -1.3051e-04
 1451.000 0.00147910     6.5219e-05
 1452.000 0.00158480     2.9837e-05
 1453.000 0.00170830    -7.7767e-05
 1454.000 0.00180510     1.2103e-04
 1455.000 0.00196920    -2.5645e-06
 1456.000 0.00214090    -6.5174e-05
 1457.000 0.00227210     2.0259e-05
 1458.000 0.00242570     1.1854e-04
 1459.000 0.00265970    -1.2017e-05
 1460.000 0.00292310     1.0593e-04
 1461.000 0.00323540    -1.1830e-04
 1462.000 0.00352630     2.3888e-04
 1463.000 0.00391650    -2.4142e-04
 1464.000 0.00423560     3.0022e-04
 1465.000 0.00471150    -1.8636e-05
 1466.000 0.00524640     1.2833e-04
 1467.000 0.00584450    -1.1548e-04
 1468.000 0.00646350     4.5900e-04
 1469.000 0.00732640    -2.5713e-04
 1470.000 0.00816100     3.9971e-04
 1471.000 0.00923780     1.1148e-04
 1472.000 0.01045800     1.4781e-05
 1473.000 0.01177600     4.1621e-04
 1474.000 0.01339800     1.4438e-04
 1475.000 0.01522600     2.4228e-04
 1476.000 0.01730300     3.8050e-04
 1477.000 0.01972900     3.2972e-04
 1478.000 0.02253000     5.5059e-04
 1479.000 0.02581000     3.4191e-04
 1480.000 0.02952700     7.0377e-04
 1481.000 0.03389600     7.5504e-04
 1482.000 0.03891900     2.0007e-04
 1483.000 0.04445800     1.5407e-03
 1484.000 0.05108100     1.4132e-04
 1485.000 0.05834100     1.7160e-03
 1486.000 0.06690000     7.8852e-04
 1487.000 0.07648200     1.2678e-03
 1488.000 0.08721600     1.0521e-03
 1489.000 0.09908100     1.3100e-03
 1490.000 0.11228000     1.7120e-03
 1491.000 0.12705000     1.2680e-03
 1492.000 0.14339000     2.6359e-03
 1493.000 0.16167000    -1.7156e-04
 1494.000 0.18082001     3.2704e-03
 1495.000 0.20223000     6.4987e-04
 1496.000 0.22500000     2.2902e-03
 1497.000 0.24979000     2.3092e-03
 1498.000 0.27650999     5.2819e-05
 1499.000 0.30444000     4.7396e-03
 1500.000 0.33534000    -1.1914e-03
 1501.000 0.36659000     2.1260e-03
 1502.000 0.39956001     3.0075e-03
 1503.000 0.43459999    -1.7363e-03
 1504.000 0.46935001     2.1979e-03
 1505.000 0.50551998     1.4645e-03
 1506.000 0.54276001    -1.6353e-03
 1507.000 0.57896000    -1.1633e-03
 1508.000 0.61412998     1.0866e-04
 1509.000 0.64858002    -3.5910e-03
 1510.000 0.68044998    -1.2251e-03
 1511.000 0.71036003    -3.2679e-03
 1512.000 0.73735001    -3.2236e-03
 1513.000 0.76108002    -3.3973e-03
 1514.000 0.78126999    -4.4275e-03
 1515.000 0.79744003    -3.0123e-03
 1516.000 0.81038002    -2.9036e-03
 1517.000 0.82024002    -3.8532e-03
 1518.000 0.82668999    -2.1437e-03
 1519.000 0.83073997    -1.9717e-03
 1520.000 0.83269997    -2.5094e-03
 1521.000 0.83259003    -4.1016e-04
 1522.000 0.83158997    -1.1907e-03
 1523.000 0.82957001    -9.4662e-04
 1524.000 0.82675003     1.7702e-04
 1525.000 0.82384003    -3.0161e-04
 1526.000 0.82082001     3.6932e-04
 1527.000 0.81803001     2.0448e-04
 1528.000 0.81546997     1.9244e-04
 1529.000 0.81328003     1.2464e-03
 1530.000 0.81196999     1.0151e-04
 1531.000 0.81099998     3.8787e-04
 1532.000 0.81051003     1.2273e-03
 1533.000 0.81095001     2.8273e-04
 1534.000 0.81178001    -1.8121e-05
 1535.000 0.81278999     8.6961e-04
 1536.000 0.81444000     3.7984e-04
 1537.000 0.81655998     4.3083e-04
 1538.000 0.81899002    -2.4282e-04
 1539.000 0.82141998     5.3999e-04
 1540.000 0.82416000    -5.6791e-05
 1541.000 0.82696999     1.0694e-04
 1542.000 0.82975998    -4.9091e-04
 1543.000 0.83233002     5.3698e-04
 1544.000 0.83501999    -9.3742e-04
 1545.000 0.83717003    -2.6908e-05
 1546.000 0.83917000     1.4463e-04
 1547.000 0.84105003    -1.2712e-03
 1548.000 0.84219002     4.9991e-04
 1549.000 0.84334999    -6.0849e-04
 1550.000 0.84403000    -9.4573e-04
 1551.000 0.84414001     9.7146e-04
 1552.000 0.84460999    -7.8037e-04
 1553.000 0.84455002    -1.0296e-03
 1554.000 0.84389999     1.3584e-03
 1555.000 0.84374001    -1.4640e-03
 1556.000 0.84293999     6.5726e-04
 1557.000 0.84223999    -5.6496e-04
 1558.000 0.84140999     8.2254e-04
 1559.000 0.84086998    -9.8524e-04
 1560.000 0.83996002     8.9872e-04
 1561.000 0.83960999     7.4988e-04
 1562.000 0.83954002    -2.2178e-03
 1563.000 0.83857002     2.7211e-03
 1564.000 0.83891998    -7.4686e-04
 1565.000 0.83916000    -3.9331e-04
 1566.000 0.83914001     7.6003e-04
 1567.000 0.83971001     8.9307e-04
 1568.000 0.84085999    -8.5240e-04
 1569.000 0.84166000     4.1676e-04
 1570.000 0.84268997     5.6507e-04
 1571.000 0.84415001    -9.6633e-05
 1572.000 0.84556000    -4.7883e-04
 1573.000 0.84680000     9.9207e-04
 1574.000 0.84862000    -9.5183e-06
 1575.000 0.85055000    -2.9390e-04
 1576.000 0.85225998    -1.3507e-04
 1577.000 0.85392998     5.9433e-04
 1578.000 0.85596001    -8.2056e-05
 1579.000 0.85792000    -6.8633e-04
 1580.000 0.85948997     4.8730e-04
 1581.000 0.86125999    -6.2615e-05
 1582.000 0.86304001    -1.7687e-04
 1583.000 0.86468002    -6.9882e-05
 1584.000 0.86610001    -8.6379e-04
 1585.000 0.86717003     1.4253e-03
 1586.000 0.86879997    -1.4778e-03
 1587.000 0.86962997    -3.1386e-04
 1588.000 0.87019997     1.1732e-03
 1589.000 0.87128998    -1.2587e-03
 1590.000 0.87169998    -2.1856e-04
 1591.000 0.87186996     6.9279e-04
 1592.000 0.87234001    -7.5222e-04
 1593.000 0.87248001     3.3579e-04
 1594.000 0.87263000    -5.3097e-04
 1595.000 0.87253998     3.4796e-04
 1596.000 0.87257004    -1.4036e-04
 1597.000 0.87247002    -5.6702e-04
 1598.000 0.87209000     7.2845e-04
 1599.000 0.87199997    -6.0682e-04
 1600.000 0.87165001     1.3923e-04
 1601.000 0.87136002     4.0972e-04
 1602.000 0.87134003    -1.5806e-04
 1603.000 0.87134003     3.4247e-04
 1604.000 0.87139000    -9.1200e-04
 1605.000 0.87111000     1.3257e-03
 1606.000 0.87152000    -2.5076e-04
 1607.000 0.87189003    -5.6252e-04
 1608.000 0.87198997     8.8036e-04
 1609.000 0.87251999    -3.7851e-04
 1610.000 0.87297997     2.1345e-04
 1611.000 0.87353996     1.2482e-04
 1612.000 0.87419998    -1.1262e-04
 1613.000 0.87491997     6.8547e-04
 1614.000 0.87591003    -1.0088e-03
 1615.000 0.87651001     1.0091e-03
 1616.000 0.87750999    -6.2745e-04
 1617.000 0.87830002     2.4097e-04
 1618.000 0.87916000     8.3338e-05
 1619.000 0.88000000    -6.9426e-04
 1620.000 0.88060997     1.3135e-03
 1621.000 0.88166000    -1.9195e-03
 1622.000 0.88185997     1.2641e-03
 1623.000 0.88241997    -9.7671e-04
 1624.000 0.88265999     7.2287e-04
 1625.000 0.88304001    -1.0748e-03
 1626.000 0.88288002     3.3622e-04
 1627.000 0.88268997    -4.5046e-04
 1628.000 0.88223000    -1.5395e-04
 1629.000 0.88154999    -2.5395e-04
 1630.000 0.88059998    -4.5029e-04
 1631.000 0.87930000    -4.4663e-05
 1632.000 0.87788002    -9.1122e-05
 1633.000 0.87637001    -1.3101e-04
 1634.000 0.87467003    -5.2467e-04
 1635.000 0.87261002     6.9506e-05
 1636.000 0.87042000    -5.3338e-04
 1637.000 0.86794998     3.8403e-04
 1638.000 0.86556000    -5.2254e-04
 1639.000 0.86282997    -3.3411e-04
 1640.000 0.85988998     5.9921e-04
 1641.000 0.85721001    -5.0267e-04
 1642.000 0.85431999     1.5123e-04
 1643.000 0.85146004     7.8104e-05
 1644.000 0.84861000    -4.0414e-04
 1645.000 0.84567001     9.9874e-04
 1646.000 0.84316002    -1.0108e-03
 1647.000 0.84027000     7.6454e-04
 1648.000 0.83777000     2.9278e-04
 1649.000 0.83556999    -1.3573e-04
 1650.000 0.83330002    -1.6963e-04
 1651.000 0.83107002     1.0541e-03
 1652.000 0.82950996    -2.7219e-05
 1653.000 0.82806000    -2.8469e-04
 1654.000 0.82651001     5.6585e-04
 1655.000 0.82541000     7.2117e-04
 1656.000 0.82480003    -5.1031e-04
 1657.000 0.82410004     7.7990e-04
 1658.000 0.82378998    -2.6967e-04
 1659.000 0.82357002     8.3941e-04
 1660.000 0.82389999     2.1161e-04
 1661.000 0.82450996    -5.8463e-06
 1662.000 0.82523003     4.7233e-04
 1663.000 0.82632004     3.3622e-04
 1664.000 0.82769997    -7.7715e-05
 1665.000 0.82913002     2.7539e-04
 1666.000 0.83085999     7.7562e-04
 1667.000 0.83299004    -9.7737e-04
 1668.000 0.83480003     1.2136e-03
 1669.000 0.83714996    -6.3725e-04
 1670.000 0.83939003     6.7626e-04
 1671.000 0.84192001    -3.2829e-04
 1672.000 0.84441002     3.9703e-04
 1673.000 0.84702003    -5.3976e-04
 1674.000 0.84944000     6.2173e-04
 1675.000 0.85206001    -7.4688e-04
 1676.000 0.85445999     1.0456e-03
 1677.000 0.85722000    -1.2754e-03
 1678.000 0.85934998     2.7583e-04
 1679.000 0.86147003     1.1257e-04
 1680.000 0.86365997    -3.0682e-04
 1681.000 0.86567001     3.5289e-05
 1682.000 0.86754997    -6.1483e-04
 1683.000 0.86908997     3.8422e-04
 1684.000 0.87070999    -4.4186e-04
 1685.000 0.87197998    -7.1701e-04
 1686.000 0.87272003     1.3026e-04
 1687.000 0.87335999    -4.0463e-04
 1688.000 0.87375999     4.8604e-05
 1689.000 0.87407997    -2.6998e-04
 1690.000 0.87417000    -3.4840e-04
 1691.000 0.87397003    -7.6374e-05
 1692.000 0.87365997    -6.6534e-06
 1693.000 0.87325996    -4.3672e-04
 1694.000 0.87253998    -1.6635e-04
 1695.000 0.87164001     2.2233e-05
 1696.000 0.87064003    -5.2272e-04
 1697.000 0.86939003     5.6854e-04
 1698.000 0.86834999    -4.9166e-04
 1699.000 0.86709000     7.8383e-05
 1700.000 0.86578003    -1.2171e-04
 1701.000 0.86449997     5.8788e-04
 1702.000 0.86348999    -6.0934e-04
 1703.000 0.86225998     5.2928e-04
 1704.000 0.86125999    -1.2761e-04
 1705.000 0.86033997     4.6092e-04
 1706.000 0.85959000    -6.9570e-04
 1707.000 0.85863998     1.1216e-03
 1708.000 0.85825996    -3.7080e-04
 1709.000 0.85786003     2.4210e-04
 1710.000 0.85762001     3.6185e-04
 1711.000 0.85764000    -1.2946e-04
 1712.000 0.85773003     5.7623e-04
 1713.000 0.85810997    -4.3594e-04
 1714.000 0.85832001     1.4811e-04
 1715.000 0.85862999     4.4317e-04
 1716.000 0.85921997    -2.4078e-04
 1717.000 0.85972000    -1.9743e-05
 1718.000 0.86015999    -4.0507e-05
 1719.000 0.86061996     3.0170e-04
 1720.000 0.86121002    -3.8583e-04
 1721.000 0.86154999    -2.5895e-04
 1722.000 0.86171997     4.0174e-04
 1723.000 0.86198997    -7.4789e-04
 1724.000 0.86184998     1.2980e-04
 1725.000 0.86158997    -4.9136e-04
 1726.000 0.86102997     3.5722e-05
 1727.000 0.86028999    -7.3139e-04
 1728.000 0.85903999    -1.7031e-04
 1729.000 0.85754997    -2.7481e-05
 1730.000 0.85593002    -4.9934e-04
 1731.000 0.85386002    -6.7553e-04
 1732.000 0.85129997     2.6122e-04
 1733.000 0.84866997    -7.8913e-04
 1734.000 0.84545998    -5.8462e-04
 1735.000 0.84178001     3.0778e-04
 1736.000 0.83815002    -3.4667e-04
 1737.000 0.83426003    -4.8115e-04
 1738.000 0.83000000     5.1133e-05
 1739.000 0.82564003    -3.2305e-04
 1740.000 0.82112000     2.8067e-04
 1741.000 0.81667000    -3.7941e-04
 1742.000 0.81204002     1.5709e-04
 1743.000 0.80754997     5.9057e-04
 1744.000 0.80336998    -6.5903e-04
 1745.000 0.79891998     4.2551e-04
 1746.000 0.79473000     5.1703e-04
 1747.000 0.79098000     1.4629e-04
 1748.000 0.78745003     2.1800e-04
 1749.000 0.78416000     4.2138e-04
 1750.000 0.78126999     4.9653e-04
 1751.000 0.77880997     1.7244e-04
 1752.000 0.77669998     9.1393e-04
 1753.000 0.77518997    -2.2831e-04
 1754.000 0.77386002     1.0796e-03
 1755.000 0.77321999     4.9304e-05
 1756.000 0.77290001     6.4346e-04
 1757.000 0.77310997     5.5647e-04
 1758.000 0.77383003     1.9125e-04
 1759.000 0.77487999     6.5789e-04
 1760.000 0.77642998     1.7737e-04
 1761.000 0.77837997     1.0327e-03
 1762.000 0.78089996    -8.8815e-04
 1763.000 0.78316002     9.6030e-04
 1764.000 0.78605003     8.2670e-04
 1765.000 0.78948997    -9.6752e-04
 1766.000 0.79246002     2.2402e-04
 1767.000 0.79550003     4.9120e-04
 1768.000 0.79883003    -4.4886e-04
 1769.000 0.80191002    -1.9587e-04
 1770.000 0.80470001    -5.0763e-04
 1771.000 0.80705002    -4.1352e-04
 1772.000 0.80897003    -4.1825e-04
 1773.000 0.81036003    -1.0936e-03
 1774.000 0.81081001    -8.4754e-04
 1775.000 0.81037003    -8.5607e-04
 1776.000 0.80900002    -1.3083e-03
 1777.000 0.80632004    -1.7705e-03
 1778.000 0.80212997    -6.7026e-04
 1779.000 0.79683998    -2.1481e-03
 1780.000 0.78967003    -2.0173e-03
 1781.000 0.78051003    -1.7231e-03
 1782.000 0.76955002    -1.8903e-03
 1783.000 0.75647003    -3.4354e-03
 1784.000 0.74056999    -1.2884e-03
 1785.000 0.72271004    -3.1704e-03
 1786.000 0.70219002    -1.9903e-03
 1787.000 0.67912003    -4.1681e-03
 1788.000 0.65280998    -7.7751e-04
 1789.000 0.62466999    -3.7015e-03
 1790.000 0.59349998    -2.5964e-03
 1791.000 0.55987999    -6.1263e-04
 1792.000 0.52516998    -1.4931e-03
 1793.000 0.48917000    -1.1548e-03
 1794.000 0.45194000    -1.2676e-03
 1795.000 0.41419998     3.1651e-03
 1796.000 0.37786999    -2.9327e-03
 1797.000 0.34085999     4.4857e-03
 1798.000 0.30664000     1.7299e-03
 1799.000 0.27440001     4.7449e-04
 1800.000 0.24344000     4.0520e-03
 1801.000 0.21545000     1.1376e-03
 1802.000 0.18944000     3.2776e-03
 1803.000 0.16621000     2.4320e-03
 1804.000 0.14556000     2.4743e-03
 1805.000 0.12722000     1.5307e-03
 1806.000 0.11070000     2.3227e-03
 1807.000 0.09626200     1.6706e-03
 1808.000 0.08365600     1.9870e-03
 1809.000 0.07278500     7.9163e-04
 1810.000 0.06305600     1.6985e-03
 1811.000 0.05476400     1.0363e-03
 1812.000 0.04758000     8.0446e-04
 1813.000 0.04127100     9.9591e-04
 1814.000 0.03593200     1.0319e-03
 1815.000 0.03142200    -1.4943e-04
 1816.000 0.02716700     1.0958e-03
 1817.000 0.02372400     6.3811e-04
 1818.000 0.02090700     1.0774e-04
 1819.000 0.01832700     3.5295e-04
 1820.000 0.01604800     2.8644e-04
 1821.000 0.01402700     4.9278e-05
 1822.000 0.01219100     6.2645e-04
 1823.000 0.01079000     5.4909e-05
 1824.000 0.00958170     3.1011e-04
 1825.000 0.00856750    -1.3075e-04
 1826.000 0.00755550     2.2609e-04
 1827.000 0.00670100     1.7140e-04
 1828.000 0.00599220    -3.7465e-05
 1829.000 0.00532340     2.1846e-04
 1830.000 0.00477560    -1.1039e-04
 1831.000 0.00421730     1.6010e-04
 1832.000 0.00376580     1.1080e-04
 1833.000 0.00342110     3.7498e-05
 1834.000 0.00312090     6.2046e-06
 1835.000 0.00282880    -1.3717e-05
 1836.000 0.00253690     4.9864e-05
 1837.000 0.00229190     9.5663e-05
 1838.000 0.00211650    -1.4916e-05
 1839.000 0.00194480    -1.3797e-05
 1840.000 0.00176560     2.5105e-05
 1841.000 0.00159620    -2.7821e-05
 1842.000 0.00143650     1.4438e-04
 1843.000 0.00135390    -8.7096e-05
 1844.000 0.00126600     1.7220e-04
 1845.000 0.00122550    -3.1732e-04
 1846.000 0.00106000     3.4708e-04
 1847.000 0.00102020    -3.1678e-04
 1848.000 0.00086757     2.4308e-04
 1849.000 0.00081087    -7.9957e-05
 1850.000 0.00076607     1.4815e-04
 1851.000 0.00077941    -1.6380e-04
 1852.000 0.00070724    -6.0249e-06
 1853.000 0.00062408     1.2196e-04
 1854.000 0.00059941    -1.3086e-04
 1855.000 0.00055075     2.5753e-04
 1856.000 0.00058638    -3.9351e-04
 1857.000 0.00046693     3.8605e-04
 1858.000 0.00049489    -2.6622e-04
 1859.000 0.00043708     1.6422e-04
 1860.000 0.00045056     3.7064e-05
 1861.000 0.00045080    -3.9192e-04
 1862.000 0.00029527     5.9600e-04
 1863.000 0.00041423    -3.4515e-04
 1864.000 0.00040226    -9.7124e-07
 1865.000 0.00035572     1.4162e-04
 1866.000 0.00037097    -1.9476e-04
 1867.000 0.00031276     1.9666e-04
 1868.000 0.00034323    -5.9816e-05
 1869.000 0.00033734    -1.7556e-04
 1870.000 0.00024631     2.5122e-04
 1871.000 0.00028332    -6.1074e-05
 1872.000 0.00030764    -8.3064e-05
 1873.000 0.00028688     1.2285e-04
 1874.000 0.00031323    -1.2567e-04
 1875.000 0.00026136    -8.9495e-05
 1876.000 0.00019178     3.7739e-04
 1877.000 0.00028608    -4.3678e-04
 1878.000 0.00022068     4.1154e-04
 1879.000 0.00030374    -3.1862e-04
 1880.000 0.00025788     8.9411e-05
 1881.000 0.00021832    -1.2244e-06
 1882.000 0.00022350     1.8393e-04
 1883.000 0.00027675    -4.4606e-04
 1884.000 0.00015748     5.6521e-04
 1885.000 0.00026631    -4.4616e-04
 1886.000 0.00020516     1.9956e-04
 1887.000 0.00019583    -4.1163e-05
 1888.000 0.00020324     6.5531e-05
 1889.000 0.00024341    -2.4400e-05
 1890.000 0.00024952    -1.7229e-04
 1891.000 0.00017157     2.0921e-04
 1892.000 0.00019478    -5.7573e-05
 1893.000 0.00019409    -1.2231e-04
 1894.000 0.00013749     2.1137e-04
 1895.000 0.00018190    -1.1711e-04
 1896.000 0.00019190     5.0621e-05
 1897.000 0.00021022    -3.5451e-05
 1898.000 0.00020992    -2.0538e-05
 1899.000 0.00019144     8.5212e-06
 1900.000 0.00017598     4.5726e-06
 1901.000 0.00018691     1.3153e-04
 1902.000 0.00021946    -4.0097e-04
 1903.000 0.00009760     5.4588e-04
 1904.000 0.00019314    -4.7814e-04
 1905.000 0.00013201     4.2668e-04
 1906.000 0.00023392    -2.5034e-04
 1907.000 0.00021239    -1.6597e-04
 1908.000 0.00012901     5.4313e-04
 1909.000 0.00029223    -5.2696e-04
 1910.000 0.00022558     1.8550e-04
 1911.000 0.00018687    -4.7415e-05
 1912.000 0.00016178     8.5874e-05
 1913.000 0.00018091    -3.0760e-05
 1914.000 0.00018789    -3.5733e-05
 1915.000 0.00016663     4.2519e-06
 1916.000 0.00016132     1.1443e-04
 1917.000 0.00019005    -2.5771e-04
 1918.000 0.00012064     3.2759e-04
 1919.000 0.00018836    -2.2987e-04
 1920.000 0.00016278     3.2078e-05
 1921.000 0.00014521     1.4962e-04
 1922.000 0.00019197    -2.4456e-04
 1923.000 0.00015673     3.3662e-04
 1924.000 0.00023855    -3.9956e-04
 1925.000 0.00013999     1.7934e-04
 1926.000 0.00010651     7.2664e-05
 1927.000 0.00015251     6.8785e-06
 1928.000 0.00019278    -1.3456e-04
 1929.000 0.00015634     7.1095e-05
 1930.000 0.00014089    -2.3881e-05
 1931.000 0.00013602     8.7910e-05
 1932.000 0.00018532    -2.7369e-06
 1933.000 0.00021416    -1.9972e-04
 1934.000 0.00013565     1.5753e-04
 1935.000 0.00013913     6.1560e-05
 1936.000 0.00018027    -1.7781e-04
 1937.000 0.00014010     1.6181e-04
 1938.000 0.00017227    -3.5374e-05
 1939.000 0.00018474    -1.3851e-04
 1940.000 0.00013629     2.2389e-04
 1941.000 0.00019370    -1.2190e-04
 1942.000 0.00018496    -1.3320e-04
 1943.000 0.00009795     1.8506e-04
 1944.000 0.00011107    -6.2697e-06
 1945.000 0.00014865    -1.3223e-05
 1946.000 0.00017187    -2.7000e-05
 1947.000 0.00016041    -8.6857e-05
 1948.000 0.00011084     1.4577e-04
 1949.000 0.00013138    -7.5551e-05
 1950.000 0.00014385     1.0802e-04
 1951.000 0.00017757    -2.2902e-04
 1952.000 0.00011301     2.1837e-04
 1953.000 0.00015759     1.0364e-05
 1954.000 0.00019966    -2.7489e-04
 1955.000 0.00012521     3.9008e-04
 1956.000 0.00020701    -3.4792e-04
 1957.000 0.00014736     1.5289e-04
 1958.000 0.00013345     1.0780e-05
 1959.000 0.00015216    -2.9358e-07
 1960.000 0.00015183    -1.2385e-04
 1961.000 0.00011434     2.7272e-04
 1962.000 0.00019232    -2.7420e-04
 1963.000 0.00016015     1.6317e-04
 1964.000 0.00017746    -8.1606e-05
 1965.000 0.00016387    -2.2145e-05
 1966.000 0.00013931     1.0437e-04
 1967.000 0.00016431    -9.7961e-05
 1968.000 0.00015610     8.8216e-05
 1969.000 0.00017564    -8.8404e-05
 1970.000 0.00014735    -2.1579e-05
 1971.000 0.00011497     1.5018e-04
 1972.000 0.00015203    -1.6250e-04
 1973.000 0.00012305     1.0358e-04
 1974.000 0.00012729    -5.2493e-05
 1975.000 0.00011872     2.9534e-05
 1976.000 0.00013148     6.2338e-05
 1977.000 0.00017611    -8.7666e-05
 1978.000 0.00017206    -3.7527e-06
 1979.000 0.00014812    -1.6663e-05
 1980.000 0.00011797     3.3144e-05
 1981.000 0.00011317     3.6187e-05
 1982.000 0.00014339     3.2228e-05
 1983.000 0.00018485    -9.7660e-05
 1984.000 0.00017201     3.2611e-05
 1985.000 0.00014445    -1.2111e-04
 1986.000 0.00009298     3.0835e-04
 1987.000 0.00018882    -2.2844e-04
 1988.000 0.00018445     4.1582e-06
 1989.000 0.00013968    -3.0590e-05
 1990.000 0.00010685     1.8984e-04
 1991.000 0.00017608    -1.1642e-04
 1992.000 0.00018825    -6.6533e-05
 1993.000 0.00016431     1.6589e-04
 1994.000 0.00018790    -3.1185e-04
 1995.000 0.00009797     4.0039e-04
 1996.000 0.00017523    -2.8656e-04
 1997.000 0.00014607     1.0734e-04
 1998.000 0.00014461     2.3393e-05
 1999.000 0.00016373    -7.7433e-05
 2000.000 0.00014870     8.1440e-05
 2001.000 0.00017659     9.2338e-06
 2002.000 0.00019677    -1.6464e-04
 2003.000 0.00014400     2.1167e-04
 2004.000 0.00017650    -1.7035e-04
 2005.000 0.00016016     1.7673e-04
 2006.000 0.00018077    -3.1488e-04
 2007.000 0.00006611     2.7111e-04
 2008.000 0.00009050     6.4830e-05
 2009.000 0.00017641    -1.6140e-04
 2010.000 0.00017264     4.2829e-05
 2011.000 0.00017300     1.4868e-05
 2012.000 0.00017211    -1.0977e-04
 2013.000 0.00012306     1.3526e-04
 2014.000 0.00013975    -3.6791e-05
 2015.000 0.00013197    -1.3489e-04
 2016.000 0.00008562     3.4494e-04
 2017.000 0.00018902    -3.4627e-04
 2018.000 0.00016013     2.4633e-04
 2019.000 0.00020136    -2.1834e-04
 2020.000 0.00014785     5.8637e-05
 2021.000 0.00012662     1.7749e-04
 2022.000 0.00018036    -3.1879e-04
 2023.000 0.00010427     3.1879e-04
 2024.000 0.00014885    -2.3219e-04
 2025.000 0.00012375     1.9194e-04
 2026.000 0.00015607    -1.9109e-04
 2027.000 0.00011593     1.3761e-04
 2028.000 0.00014118     3.2952e-05
 2029.000 0.00018346    -1.6722e-04
 2030.000 0.00015057     1.8485e-04
 2031.000 0.00018432    -1.7229e-04
 2032.000 0.00013994     3.5620e-05
 2033.000 0.00011951     1.7348e-04
 2034.000 0.00019139    -1.7556e-04
 2035.000 0.00016898    -3.6936e-05
 2036.000 0.00012568     1.9797e-04
 2037.000 0.00018363    -1.4738e-04
 2038.000 0.00018024     2.3556e-05
 2039.000 0.00017316     3.1033e-05
 2040.000 0.00017618    -8.7073e-05
 2041.000 0.00014033     8.4000e-05
 2042.000 0.00014376    -1.3233e-05
 2043.000 0.00015952     4.2908e-05
 2044.000 0.00018052    -1.2695e-04
 2045.000 0.00015570     1.8998e-04
 2046.000 0.00020513    -1.8751e-04
 2047.000 0.00018089     1.1794e-04
 2048.000 0.00020062    -2.0427e-05
 2049.000 0.00021293    -8.0742e-05
 2050.000 0.00018043     7.4535e-05
 2051.000 0.00018009    -2.4439e-05
 2052.000 0.00016801    -4.7219e-05
 2053.000 0.00012561     3.1394e-05
 2054.000 0.00011123     8.9764e-05
 2055.000 0.00014211    -1.1889e-04
 2056.000 0.00011923     6.3231e-05
 2057.000 0.00012327     2.7485e-05
 2058.000 0.00014507    -6.6613e-05
 2059.000 0.00014552     1.1087e-04
 2060.000 0.00018296    -1.5491e-04
 2061.000 0.00014837     7.6585e-05
 2062.000 0.00013559    -2.0571e-05
 2063.000 0.00014000     1.0884e-04
 2064.000 0.00018282    -1.8433e-04
 2065.000 0.00013970     1.1284e-04
 2066.000 0.00014585     2.8591e-05
 2067.000 0.00017242    -1.0468e-04
 2068.000 0.00014335     5.6307e-05
 2069.000 0.00015173     1.0416e-04
 2070.000 0.00021177    -1.6298e-04
 2071.000 0.00018880     4.9692e-05
 2072.000 0.00016032    -6.8851e-05
 2073.000 0.00012230     1.6847e-04
 2074.000 0.00017141    -8.2258e-05
 2075.000 0.00018026    -8.1000e-05
 2076.000 0.00012715     3.4497e-05
 2077.000 0.00010641     1.3723e-04
 2078.000 0.00017209    -6.4898e-05
 2079.000 0.00020510    -7.3657e-05
 2080.000 0.00018473     3.9247e-05
 2081.000 0.00017677    -8.8716e-06
 2082.000 0.00017554     3.6619e-05
 2083.000 0.00017622    -1.2615e-04
 2084.000 0.00013890     2.3996e-04
 2085.000 0.00020040    -2.4079e-04
 2086.000 0.00015939     1.0813e-04
 2087.000 0.00015178     8.6744e-06
 2088.000 0.00016685    -6.7460e-06
 2089.000 0.00017173    -4.2830e-05
 2090.000 0.00014702     5.2736e-07
 2091.000 0.00013487     1.1608e-04
 2092.000 0.00017994    -1.2153e-04
 2093.000 0.00016327    -3.9700e-07
 2094.000 0.00014179     9.4259e-05
 2095.000 0.00016561    -1.0484e-04
 2096.000 0.00014956     8.5877e-05
 2097.000 0.00016738    -3.5450e-05
 2098.000 0.00016608    -5.8796e-05
 2099.000 0.00013862     1.1368e-04
 2100.000 0.00017555    -9.5643e-06
 2101.000 0.00020158    -1.4082e-04
 2102.000 0.00016517     1.9820e-04
 2103.000 0.00020177    -2.1391e-04
 2104.000 0.00013875     5.9707e-05
 2105.000 0.00008864     5.2536e-05
 2106.000 0.00008796     2.6728e-05
 2107.000 0.00011884     2.9913e-05
 2108.000 0.00016210    -7.2100e-05
 2109.000 0.00016479     1.5066e-05
 2110.000 0.00016262    -1.7325e-05
 2111.000 0.00014726    -2.4904e-05
 2112.000 0.00012695     8.7243e-05
 2113.000 0.00016360     1.7691e-05
 2114.000 0.00018437    -2.5329e-04
 2115.000 0.00010181     3.7548e-04
 2116.000 0.00017990    -2.8472e-04
 2117.000 0.00016793     2.2304e-04
 2118.000 0.00021303    -2.6501e-04
 2119.000 0.00015574     2.2265e-04
 2120.000 0.00017576    -1.6172e-04
 2121.000 0.00014736     1.3373e-04
 2122.000 0.00016308    -1.0847e-04
 2123.000 0.00014713     1.1012e-04
 2124.000 0.00017142    -9.0579e-05
 2125.000 0.00016758     8.3413e-05
 2126.000 0.00018763    -9.9734e-05
 2127.000 0.00017339     1.0978e-04
 2128.000 0.00018401    -1.9023e-04
 2129.000 0.00012556     2.3673e-04
 2130.000 0.00016457    -1.7193e-04
 2131.000 0.00014403     9.3672e-05
 2132.000 0.00014436    -7.7541e-05
 2133.000 0.00012037     7.0571e-05
 2134.000 0.00012908    -8.5428e-06
 2135.000 0.00013544    -5.0499e-05
 2136.000 0.00012726     1.2330e-04
 2137.000 0.00016880    -1.4438e-04
 2138.000 0.00014250     4.7192e-05
 2139.000 0.00013214     5.1253e-05
 2140.000 0.00015402    -5.8766e-05
 2141.000 0.00013916    -3.6631e-05
 2142.000 0.00010620     9.6690e-05
 2143.000 0.00013213     3.2114e-06
 2144.000 0.00015411    -1.3324e-04
 2145.000 0.00011058     1.3667e-04
 2146.000 0.00013036    -3.3590e-05
 2147.000 0.00015131     4.7090e-06
 2148.000 0.00016656    -1.9446e-05
 2149.000 0.00016711    -1.5126e-05
 2150.000 0.00016384     5.7029e-05
 2151.000 0.00018763    -5.0629e-05
 2152.000 0.00018357    -2.1611e-05
 2153.000 0.00016315     3.8915e-05
 2154.000 0.00016320    -1.1228e-05
 2155.000 0.00016285     3.5962e-06
 2156.000 0.00016364     3.6830e-06
 2157.000 0.00015613    -6.8128e-05
 2158.000 0.00012586     1.3227e-04
 2159.000 0.00015931    -7.8629e-05
 2160.000 0.00017123     5.3069e-05
 2161.000 0.00017541    -1.8009e-04
 2162.000 0.00011859     3.0127e-04
 2163.000 0.00017978    -3.1694e-04
 2164.000 0.00011355     2.0198e-04
 2165.000 0.00011883    -6.1925e-05
 2166.000 0.00013441     1.0752e-04
 2167.000 0.00017961    -1.9042e-04
 2168.000 0.00015136     2.1346e-04
 2169.000 0.00018758    -2.7661e-04
 2170.000 0.00011476     2.3875e-04
 2171.000 0.00014250    -7.5012e-05
 2172.000 0.00015963    -2.3593e-06
 2173.000 0.00015563    -4.2331e-05
 2174.000 0.00013213     5.4683e-05
 2175.000 0.00013503    -1.8003e-05
 2176.000 0.00014023     3.1128e-05
 2177.000 0.00015185    -6.7989e-05
 2178.000 0.00014283     1.1699e-04
 2179.000 0.00017420    -1.5762e-04
 2180.000 0.00014577     1.5468e-04
 2181.000 0.00017594    -1.0952e-04
 2182.000 0.00016132     1.4638e-05
 2183.000 0.00014967     6.8782e-05
 2184.000 0.00016769    -1.1175e-04
 2185.000 0.00013114     5.0784e-05
 2186.000 0.00011928     5.6750e-05
 2187.000 0.00014738    -3.8024e-05
 2188.000 0.00016026     4.0242e-06
 2189.000 0.00015687    -7.5693e-05
 2190.000 0.00013190     1.6927e-04
 2191.000 0.00017517    -1.9194e-04
 2192.000 0.00013220     8.1064e-05
 2193.000 0.00011421     1.7566e-05
 2194.000 0.00012097    -2.8268e-06
 2195.000 0.00013054     1.0601e-05
 2196.000 0.00015866     7.1721e-05
 2197.000 0.00019856    -2.2681e-04
 2198.000 0.00013379     2.0748e-04
 2199.000 0.00016147    -4.8426e-05
 2200.000 0.00017739    -8.4340e-05
 2201.000 0.00013281     2.2785e-05
 2202.000 0.00011262     1.3954e-04
 2203.000 0.00015890    -1.8212e-04
 2204.000 0.00012109     8.4415e-05
 2205.000 0.00012916     1.1974e-04
 2206.000 0.00018188    -2.9549e-04
 2207.000 0.00011795     3.6232e-04
 2208.000 0.00019748    -2.9304e-04
 2209.000 0.00015867     9.9810e-05
 2210.000 0.00014498     4.4524e-05
 2211.000 0.00017017    -4.4627e-05
 2212.000 0.00015662    -9.8456e-05
 2213.000 0.00012189     3.1137e-04
 2214.000 0.00021950    -3.5299e-04
 2215.000 0.00017127     2.2555e-04
 2216.000 0.00018979    -1.4872e-04
 2217.000 0.00016177     9.0099e-05
 2218.000 0.00015013    -1.1339e-04
 2219.000 0.00010567     1.6655e-04
 2220.000 0.00014117    -7.3063e-05
 2221.000 0.00015486    -5.1609e-06
 2222.000 0.00015605     1.8707e-05
 2223.000 0.00015855    -6.1806e-05
 2224.000 0.00014542     1.3474e-04
 2225.000 0.00016198    -2.9901e-04
 2226.000 0.00008546     5.0281e-04
 2227.000 0.00020570    -5.3167e-04
 2228.000 0.00012530     4.2003e-04
 2229.000 0.00019559    -2.4431e-04
 2230.000 0.00016368    -5.5991e-05
 2231.000 0.00009788     2.6494e-04
 2232.000 0.00016565    -2.0233e-04
 2233.000 0.00016614     1.4070e-04
 2234.000 0.00020254    -1.4501e-04
 2235.000 0.00016298    -1.6421e-05
 2236.000 0.00011702     1.7229e-04
 2237.000 0.00015533    -1.6713e-04
 2238.000 0.00012522     8.5716e-05
 2239.000 0.00012950     3.0607e-05
 2240.000 0.00016586    -1.5663e-05
 2241.000 0.00017842    -1.1076e-04
 2242.000 0.00013375     1.1530e-04
 2243.000 0.00014683    -3.9612e-06
 2244.000 0.00017236    -2.4759e-05
 2245.000 0.00016378    -1.0166e-04
 2246.000 0.00012563     2.5399e-04
 2247.000 0.00018207    -3.4674e-04
 2248.000 0.00011296     3.7968e-04
 2249.000 0.00018772    -3.0878e-04
 2250.000 0.00013311     7.9202e-05
 2251.000 0.00010885     1.7407e-04
 2252.000 0.00018092    -1.9750e-04
 2253.000 0.00016724     1.0142e-04
 2254.000 0.00017590    -7.4155e-05
 2255.000 0.00015371     1.0099e-05
 2256.000 0.00014401     1.0870e-04
 2257.000 0.00018307    -1.5234e-04
 2258.000 0.00015366     8.9848e-05
 2259.000 0.00015338    -3.2271e-05
 2260.000 0.00015699     6.2575e-05
 2261.000 0.00017720    -1.1843e-04
 2262.000 0.00014262     8.2403e-05
 2263.000 0.00013952    -2.2302e-05
 2264.000 0.00013513    -9.3323e-07
 2265.000 0.00013384     4.4635e-05
 2266.000 0.00014996    -7.3149e-05
 2267.000 0.00015017     1.5250e-04
 2268.000 0.00019591    -2.6367e-04
 2269.000 0.00013677     2.7289e-04
 2270.000 0.00018908    -1.5918e-04
 2271.000 0.00017571    -3.0228e-05
 2272.000 0.00014650     1.8506e-04
 2273.000 0.00019655    -2.3444e-04
 2274.000 0.00014680     1.5390e-04
 2275.000 0.00014865    -7.1552e-05
 2276.000 0.00014936     1.2547e-04
 2277.000 0.00019040    -1.8834e-04
 2278.000 0.00015401     1.6333e-04
 2279.000 0.00017880    -9.7889e-05
 2280.000 0.00016791     1.4147e-05
 2281.000 0.00015285     1.6280e-05
 2282.000 0.00014262    -5.0287e-05
 2283.000 0.00013175     1.8103e-04
 2284.000 0.00019869    -2.0697e-04
 2285.000 0.00017048     7.5947e-05
 2286.000 0.00015990     8.9606e-06
 2287.000 0.00016628    -1.0030e-05
 2288.000 0.00016869     7.3376e-06
 2289.000 0.00017223    -1.2541e-05
 2290.000 0.00016010    -5.1195e-05
 2291.000 0.00014352     1.9062e-04
 2292.000 0.00020268    -2.5684e-04
 2293.000 0.00015258     1.8119e-04
 2294.000 0.00018766     4.3147e-05
 2295.000 0.00023585    -2.7512e-04
 2296.000 0.00015637     2.9132e-04
 2297.000 0.00019768    -1.6542e-04
 2298.000 0.00018259     3.1942e-05
 2299.000 0.00016253     7.8259e-06
 2300.000 0.00015318     1.0139e-06
 2301.000 0.00014866     1.7098e-05
 2302.000 0.00015196    -2.2488e-05
 2303.000 0.00015491     7.0752e-05
 2304.000 0.00017735    -1.4358e-04
 2305.000 0.00013789     1.3217e-04
 2306.000 0.00015657    -3.6253e-05
 2307.000 0.00016239    -6.4315e-05
 2308.000 0.00013821     1.1351e-04
 2309.000 0.00015733    -1.2994e-04
 2310.000 0.00012901     1.2159e-04
 2311.000 0.00014875    -6.8074e-05
 2312.000 0.00013605    -4.3936e-05
 2313.000 0.00010661     1.4338e-04
 2314.000 0.00014717    -1.0958e-04
 2315.000 0.00015151     7.7612e-05
 2316.000 0.00017857    -6.4550e-05
 2317.000 0.00016963    -3.5411e-05
 2318.000 0.00013373     4.4435e-05
 2319.000 0.00012503     2.0869e-05
 2320.000 0.00014978     7.2787e-05
 2321.000 0.00019069    -2.1506e-04
 2322.000 0.00013019     1.7898e-04
 2323.000 0.00016153     5.0180e-05
 2324.000 0.00021932    -2.2100e-04
 2325.000 0.00016630     1.6896e-04
 2326.000 0.00017028    -1.1285e-04
 2327.000 0.00016259     2.1241e-04
 2328.000 0.00020116    -4.5921e-04
 2329.000 0.00005923     5.4145e-04
 2330.000 0.00015137    -3.0217e-04
 2331.000 0.00015129     1.1389e-04
 2332.000 0.00016643    -6.2084e-05
 2333.000 0.00017188     7.6302e-05
 2334.000 0.00019245    -1.5240e-04
 2335.000 0.00014630     1.3299e-04
 2336.000 0.00016213    -7.6761e-06
 2337.000 0.00017773    -1.0367e-04
 2338.000 0.00014108     1.0884e-04
 2339.000 0.00016568     3.5817e-05
 2340.000 0.00020929    -1.3804e-04
 2341.000 0.00018869     1.3110e-04
 2342.000 0.00020117    -1.8787e-04
 2343.000 0.00014990     2.3788e-04
 2344.000 0.00017427    -3.0982e-04
 2345.000 0.00009232     3.6347e-04
 2346.000 0.00016486    -2.1712e-04
 2347.000 0.00015320    -1.9287e-07
 2348.000 0.00013357     1.7007e-04
 2349.000 0.00017315    -3.2483e-04
 2350.000 0.00010086     4.5803e-04
 2351.000 0.00019886    -4.8554e-04
 2352.000 0.00010553     3.3615e-04
 2353.000 0.00015328    -1.2575e-05
 2354.000 0.00021338    -2.1175e-04
 2355.000 0.00015083     1.2368e-04
 2356.000 0.00014102     3.3490e-05
 2357.000 0.00017055    -2.1595e-05
 2358.000 0.00017145    -1.1889e-04
 2359.000 0.00012812     2.3177e-04
 2360.000 0.00019638    -1.3865e-04
 2361.000 0.00019256    -1.0965e-04
 2362.000 0.00013732     2.6872e-04
 2363.000 0.00018353    -3.5652e-04
 2364.000 0.00012008     4.9941e-04
 2365.000 0.00023135    -5.9278e-04
 2366.000 0.00011296     4.9375e-04
 2367.000 0.00017173    -3.1928e-04
 2368.000 0.00013003     1.8053e-04
 2369.000 0.00014998    -3.2957e-05
 2370.000 0.00017847     2.5331e-06
 2371.000 0.00020264    -3.0959e-06
 2372.000 0.00019368    -1.8893e-04
 2373.000 0.00010170     2.6069e-04
 2374.000 0.00013782    -8.5246e-05
 2375.000 0.00015888    -1.0072e-05
 2376.000 0.00014924    -5.8668e-05
 2377.000 0.00012987     1.8636e-04
 2378.000 0.00019313    -1.9100e-04
 2379.000 0.00017183     7.0280e-05
 2380.000 0.00017482     5.5622e-05
 2381.000 0.00020649    -1.2069e-04
 2382.000 0.00016894     1.1810e-05
 2383.000 0.00012577     3.9729e-05
 2384.000 0.00012529     8.5414e-05
 2385.000 0.00016187    -1.5902e-04
 2386.000 0.00014163     2.0976e-04
 2387.000 0.00018706    -2.8601e-04
 2388.000 0.00011955     2.5665e-04
 2389.000 0.00014704    -1.7057e-04
 2390.000 0.00011778     8.5147e-05
 2391.000 0.00010865    -4.9234e-05
 2392.000 0.00010054     1.1791e-04
 2393.000 0.00014491    -1.0752e-04
 2394.000 0.00013038    -4.1245e-05
 2395.000 0.00010290     1.9479e-04
 2396.000 0.00017391    -1.4699e-04
 2397.000 0.00017490    -2.6950e-05
 2398.000 0.00014660     7.9050e-05
 2399.000 0.00016257    -2.3631e-05
 2400.000 0.00017864     1.6075e-05
 2401.000 0.00019604    -3.2690e-05
 2402.000 0.00018447    -5.9133e-05
 2403.000 0.00013768     5.7904e-05
 2404.000 0.00013258     7.7658e-05
 2405.000 0.00016777    -1.2680e-04
 2406.000 0.00015830     1.6157e-04
 2407.000 0.00020681    -1.7160e-04
 2408.000 0.00016298    -2.9223e-05
 2409.000 0.00010591     2.0905e-04
 2410.000 0.00016137    -1.3179e-04
 2411.000 0.00017639     7.5458e-05
 2412.000 0.00019105    -1.7221e-04
 2413.000 0.00013406     1.8346e-04
 2414.000 0.00015818    -7.4990e-05
 2415.000 0.00015868    -2.5222e-05
 2416.000 0.00015053     1.2398e-04
 2417.000 0.00019550    -1.5197e-04
 2418.000 0.00018567     1.5512e-04
 2419.000 0.00020463    -2.9576e-04
 2420.000 0.00011504     3.7661e-04
 2421.000 0.00019526    -1.9183e-04
 2422.000 0.00019905    -6.7884e-05
 2423.000 0.00015411     1.7098e-04
 2424.000 0.00018210    -1.7847e-04
 2425.000 0.00014790     1.6974e-04
 2426.000 0.00016639    -1.8437e-04
 2427.000 0.00014252     3.1358e-04
 2428.000 0.00021786    -4.7468e-04
 2429.000 0.00009769     4.1207e-04
 2430.000 0.00013057    -2.5530e-04
 2431.000 0.00009724     2.1186e-04
 2432.000 0.00015788    -2.8324e-05
 2433.000 0.00018838    -2.7940e-04
 2434.000 0.00010515     4.6356e-04
 2435.000 0.00019624    -5.2892e-04
 2436.000 0.00009387     4.9136e-04
 2437.000 0.00016312    -4.0681e-04
 2438.000 0.00010572     3.7598e-04
 2439.000 0.00017136    -3.5886e-04
 2440.000 0.00009727     2.2108e-04
 2441.000 0.00011470     2.3664e-05
 2442.000 0.00017260    -7.2914e-05
 2443.000 0.00016815    -1.0611e-04
 2444.000 0.00011755     2.2044e-04
 2445.000 0.00015495    -2.4766e-04
 2446.000 0.00009736     2.0027e-04
 2447.000 0.00014011     4.8621e-05
 2448.000 0.00021660    -1.9232e-04
 2449.000 0.00019719     1.4524e-04
 2450.000 0.00022360    -1.1372e-04
 2451.000 0.00019640    -1.2007e-05
 2452.000 0.00015918     1.0163e-04
 2453.000 0.00017214    -9.3433e-05
 2454.000 0.00015057     6.4921e-05
 2455.000 0.00015555    -6.9498e-06
 2456.000 0.00015891    -4.6841e-05
 2457.000 0.00014369     8.2835e-05
 2458.000 0.00016643    -5.6740e-05
 2459.000 0.00016254    -1.5657e-05
 2460.000 0.00013682    -1.1613e-05
 2461.000 0.00012507     1.4593e-04
 2462.000 0.00017958    -1.7454e-04
 2463.000 0.00015252     6.2829e-05
 2464.000 0.00016067     1.3449e-04
 2465.000 0.00020445    -3.8700e-04
 2466.000 0.00009020     4.6534e-04
 2467.000 0.00017644    -2.7141e-04
 2468.000 0.00016444     3.0861e-05
 2469.000 0.00013183     2.4304e-05
 2470.000 0.00013231     7.0461e-05
 2471.000 0.00016883    -8.9909e-05
 2472.000 0.00016032     1.8994e-05
 2473.000 0.00014035    -5.4828e-05
 2474.000 0.00011811     1.8670e-04
 2475.000 0.00016812    -2.5846e-04
 2476.000 0.00012795     3.0605e-04
 2477.000 0.00020513    -2.6166e-04
 2478.000 0.00016800     5.4712e-05
 2479.000 0.00013492     6.7107e-05
 2480.000 0.00015065    -3.0282e-05
 2481.000 0.00015603    -8.0802e-06
 2482.000 0.00014265    -4.9957e-05
 2483.000 0.00011075     9.6790e-05
 2484.000 0.00014324     4.9138e-05
 2485.000 0.00018501    -2.3766e-04
 2486.000 0.00012705     3.0314e-04
 2487.000 0.00018427    -2.8380e-04
 2488.000 0.00014814     2.7196e-04
 2489.000 0.00020137    -2.6787e-04
 2490.000 0.00015489     2.0128e-04
 2491.000 0.00016752    -1.8257e-04
 2492.000 0.00010587     8.3341e-05
 2493.000 0.00010415     2.0879e-04
 2494.000 0.00020191    -3.2163e-04
 2495.000 0.00016020     2.4091e-04
 2496.000 0.00019707    -1.7052e-04
 2497.000 0.00017012     5.8255e-05
 2498.000 0.00015791     2.5942e-05
 2499.000 0.00016442    -4.9704e-05
 2500.000 0.00015952     1.0441e-04
 2501.000 0.00019258    -1.4019e-04
 2502.000 0.00015093     8.1004e-06
 2503.000 0.00012009     1.7265e-04
 2504.000 0.00017963    -1.5643e-04
 2505.000 0.00017286     5.5203e-05
 2506.000 0.00015986    -1.0176e-04
 2507.000 0.00011943     1.8727e-04
 2508.000 0.00015871    -1.6904e-04
 2509.000 0.00012330     4.0767e-05
 2510.000 0.00011088     1.4391e-04
 2511.000 0.00016758    -2.0170e-04
 2512.000 0.00013103     1.0340e-04
 2513.000 0.00012336    -3.8621e-05
 2514.000 0.00012124     8.4385e-05
 2515.000 0.00015262    -9.7917e-05
 2516.000 0.00016721     2.0654e-04
 2517.000 0.00022625    -4.6156e-04
 2518.000 0.00008927     4.6357e-04
 2519.000 0.00014408    -2.4197e-04
 2520.000 0.00013707     1.3338e-04
 2521.000 0.00015141    -1.6345e-04
 2522.000 0.00011921     2.4119e-04
 2523.000 0.00018414    -2.1853e-04
 2524.000 0.00016363     1.2027e-04
 2525.000 0.00016809    -1.1274e-04
 2526.000 0.00013587     1.1061e-04
 2527.000 0.00015641    -1.3151e-05
 2528.000 0.00017799    -5.1767e-05
 2529.000 0.00013825    -1.4770e-04
 2530.000 0.00006707     4.5392e-04
 2531.000 0.00019712    -4.6062e-04
 2532.000 0.00013460     2.3312e-04
 2533.000 0.00013979    -6.5594e-05
 2534.000 0.00013783    -1.3641e-05
 2535.000 0.00012525     5.6436e-05
 2536.000 0.00014264    -3.2284e-05
 2537.000 0.00014506    -1.7118e-05
 2538.000 0.00013849     4.6818e-05
 2539.000 0.00015100    -5.5674e-05
 2540.000 0.00013765     2.0717e-05
 2541.000 0.00013488     3.6288e-05
 2542.000 0.00012086    -2.3337e-04
 2543.000 0.00002824     4.2558e-04
 2544.000 0.00015105    -1.7638e-04
 2545.000 0.00020362    -1.4152e-04
 2546.000 0.00014774     9.1737e-05
 2547.000 0.00014220     7.6605e-05
 2548.000 0.00018189    -1.2678e-04
 2549.000 0.00016301     7.9091e-05
 2550.000 0.00017001    -3.4307e-05
 2551.000 0.00017526     4.7635e-05
 2552.000 0.00019718    -5.6214e-05
 2553.000 0.00016810    -1.2878e-04
 2554.000 0.00009911     3.3187e-04
 2555.000 0.00017528    -3.2774e-04
 2556.000 0.00013592     2.8592e-04
 2557.000 0.00018980    -2.5648e-04
 2558.000 0.00014474     1.4637e-04
 2559.000 0.00013899    -9.3156e-05
 2560.000 0.00011528     1.1849e-04
 2561.000 0.00015108    -2.3743e-05
 2562.000 0.00016908    -1.3032e-04
 2563.000 0.00013555     2.3583e-04
 2564.000 0.00019596    -2.4937e-04
 2565.000 0.00015597     1.5925e-04
 2566.000 0.00015470    -1.5529e-04
 2567.000 0.00011511     2.3201e-04
 2568.000 0.00017196    -1.9409e-04
 2569.000 0.00016089     1.3685e-04
 2570.000 0.00016786    -2.4507e-04
 2571.000 0.00009255     3.4975e-04
 2572.000 0.00017354    -2.1611e-04
 2573.000 0.00016539    -2.0130e-05
 2574.000 0.00013159     1.4273e-04
 2575.000 0.00014845    -2.4685e-04
 2576.000 0.00009867     4.4482e-04
 2577.000 0.00022232    -4.9185e-04
 2578.000 0.00013414     2.5159e-04
 2579.000 0.00013695     3.1428e-05
 2580.000 0.00017264    -1.8002e-04
 2581.000 0.00013000     2.1868e-04
 2582.000 0.00017694    -1.5720e-04
 2583.000 0.00016485     5.5961e-05
 2584.000 0.00016498     6.6809e-06
 2585.000 0.00017357    -3.1924e-05
 2586.000 0.00017257     6.3477e-05
 2587.000 0.00018177    -1.6078e-04
 2588.000 0.00013564     2.4768e-04
 2589.000 0.00018615    -2.5009e-04
 2590.000 0.00014606     2.0907e-04
 2591.000 0.00018114    -1.3519e-04
 2592.000 0.00016601     3.0414e-05
 2593.000 0.00015788     5.5533e-05
 2594.000 0.00018227    -5.7424e-05
 2595.000 0.00017319    -2.6658e-05
 2596.000 0.00015036     8.1555e-05
 2597.000 0.00015967    -1.0672e-04
 2598.000 0.00015089     2.3680e-04
 2599.000 0.00022334    -3.5310e-04
 2600.000 0.00013832     2.3077e-04
 2601.000 0.00014011    -4.9136e-05
 2602.000 0.00015160     2.3972e-05
 2603.000 0.00015477    -9.6672e-05
 2604.000 0.00012617     1.7210e-04
 2605.000 0.00017336    -1.3697e-04
 2606.000 0.00016740     5.6900e-05
 2607.000 0.00018164     3.0573e-05
 2608.000 0.00019334    -1.9443e-04
 2609.000 0.00011282     1.9384e-04
 2610.000 0.00011709    -7.2194e-05
 2611.000 0.00011355     4.8076e-05
 2612.000 0.00013412     2.4551e-05
 2613.000 0.00016561    -8.0761e-05
 2614.000 0.00016543     1.0847e-04
 2615.000 0.00020407    -1.2021e-04
 2616.000 0.00019088     6.1396e-05
 2617.000 0.00018901    -5.7453e-05
 2618.000 0.00016342     2.6096e-05
 2619.000 0.00014904     2.0328e-05
 2620.000 0.00015427     1.0251e-05
 2621.000 0.00017140     1.0069e-05
 2622.000 0.00017718    -1.1863e-04
 2623.000 0.00012683     1.2766e-04
 2624.000 0.00014093    -5.3205e-06
 2625.000 0.00017874     3.5880e-05
 2626.000 0.00021487    -1.4828e-04
 2627.000 0.00015967     9.2579e-06
 2628.000 0.00010635     1.2253e-04
 2629.000 0.00011417    -1.3253e-04
 2630.000 0.00009579     2.5039e-04
 2631.000 0.00016922    -3.1817e-04
 2632.000 0.00012855     3.3769e-04
 2633.000 0.00019961    -3.6221e-04
 2634.000 0.00012444     2.3378e-04
 2635.000 0.00013588    -5.3248e-05
 2636.000 0.00014885    -1.1608e-05
 2637.000 0.00014094    -2.5598e-05
 2638.000 0.00013570     1.3002e-04
 2639.000 0.00019174    -1.2681e-04
 2640.000 0.00017700    -4.7472e-05
 2641.000 0.00013913     1.7792e-04
 2642.000 0.00018345    -1.7105e-04
 2643.000 0.00014217    -7.2980e-06
 2644.000 0.00008481     1.0377e-04
 2645.000 0.00009844     1.8172e-05
 2646.000 0.00012441    -1.0241e-04
 2647.000 0.00010704     1.3144e-04
 2648.000 0.00015537    -2.9153e-05
 2649.000 0.00018536    -1.2487e-04
 2650.000 0.00014989     1.3587e-04
 2651.000 0.00016686    -1.0398e-04
 2652.000 0.00013479    -1.4204e-05
 2653.000 0.00010306     1.6283e-04
 2654.000 0.00015512    -1.3439e-04
 2655.000 0.00016271     1.0792e-04
 2656.000 0.00017888    -2.4582e-04
 2657.000 0.00010514     3.3588e-04
 2658.000 0.00016591    -2.9065e-04
 2659.000 0.00011600     1.6265e-04
 2660.000 0.00013920     7.8717e-05
 2661.000 0.00020933    -1.9594e-04
 2662.000 0.00018879     1.6101e-04
 2663.000 0.00019595    -2.8189e-04
 2664.000 0.00011083     4.1288e-04
 2665.000 0.00018955    -3.8659e-04
 2666.000 0.00013203     3.1604e-04
 2667.000 0.00017713    -2.6184e-04
 2668.000 0.00013670     2.1814e-04
 2669.000 0.00017144    -1.5969e-04
 2670.000 0.00016093     1.4912e-04
 2671.000 0.00018082    -2.5440e-04
 2672.000 0.00012386     4.0737e-04
 2673.000 0.00021821    -4.6721e-04
 2674.000 0.00013939     4.2245e-04
 2675.000 0.00020275    -3.6952e-04
 2676.000 0.00014646     3.3774e-04
 2677.000 0.00021882    -2.0955e-04
 2678.000 0.00019768    -6.0558e-05
 2679.000 0.00014265     2.4844e-04
 2680.000 0.00020381    -2.3605e-04
 2681.000 0.00017191     1.3741e-04
 2682.000 0.00017826    -8.4085e-05
 2683.000 0.00016591     8.6729e-05
 2684.000 0.00017234    -1.5015e-04
 2685.000 0.00013740     2.6566e-04
 2686.000 0.00019524    -3.5581e-04
 2687.000 0.00012494     3.8876e-04
 2688.000 0.00020489    -2.9771e-04
 2689.000 0.00017527     1.4468e-04
 2690.000 0.00016791    -1.4745e-04
 2691.000 0.00011451     1.6888e-04
 2692.000 0.00012781    -1.2786e-04
 2693.000 0.00010714     1.3873e-04
 2694.000 0.00015187    -3.4661e-05
 2695.000 0.00019419    -1.4547e-05
 2696.000 0.00019368    -1.6413e-04
 2697.000 0.00012022     2.3338e-04
 2698.000 0.00015232    -1.3602e-04
 2699.000 0.00014735     8.8282e-05
 2700.000 0.00015934    -1.1535e-04
 2701.000 0.00013175     1.3563e-04
 2702.000 0.00017305    -1.3826e-05
 2703.000 0.00019844    -1.7578e-04
 2704.000 0.00015054     2.7722e-04
 2705.000 0.00019128    -4.0125e-04
 2706.000 0.00008497     4.4547e-04
 2707.000 0.00015247    -3.3776e-04
 2708.000 0.00011868     2.9784e-04
 2709.000 0.00017648    -3.0405e-04
 2710.000 0.00012290     2.5009e-04
 2711.000 0.00016298    -1.3433e-04
 2712.000 0.00015972     2.7201e-05
 2713.000 0.00016165     5.6666e-05
 2714.000 0.00019228    -8.1665e-05
 2715.000 0.00016418    -8.2386e-05
 2716.000 0.00011328     2.7441e-04
 2717.000 0.00017963    -3.1174e-04
 2718.000 0.00013691     3.1815e-04
 2719.000 0.00019631    -3.4814e-04
 2720.000 0.00011480     2.2893e-04
 2721.000 0.00013284     2.9705e-05
 2722.000 0.00018623    -1.3565e-04
 2723.000 0.00016616     7.2150e-05
 2724.000 0.00017823     3.9893e-05
 2725.000 0.00020371    -1.5126e-04
 2726.000 0.00015993     1.4959e-04
 2727.000 0.00017453    -9.6816e-05
 2728.000 0.00015476     3.1455e-05
 2729.000 0.00014666     4.1014e-05
 2730.000 0.00015500    -9.6873e-05
 2731.000 0.00013024     1.4788e-04
 2732.000 0.00016497    -1.3769e-04
 2733.000 0.00015067     1.0872e-04
 2734.000 0.00017844    -4.4751e-05
 2735.000 0.00019408    -2.4938e-06
 2736.000 0.00018190    -1.1219e-04
 2737.000 0.00013176     2.2351e-04
 2738.000 0.00016385    -2.8847e-04
 2739.000 0.00009512     3.2544e-04
 2740.000 0.00016084    -2.0658e-04
 2741.000 0.00016821     1.5078e-04
 2742.000 0.00021508    -1.5955e-04
 2743.000 0.00017198    -5.2418e-05
 2744.000 0.00011966     3.1390e-04
 2745.000 0.00021303    -3.2904e-04
 2746.000 0.00017089     1.8920e-04
 2747.000 0.00018792    -7.2747e-05
 2748.000 0.00017657    -6.8493e-05
 2749.000 0.00013233     1.4938e-04
 2750.000 0.00014693    -1.7598e-04
 2751.000 0.00010347     2.0619e-04
 2752.000 0.00015766    -6.2864e-05
 2753.000 0.00018990    -8.6432e-05
 2754.000 0.00015913     3.0532e-05
 2755.000 0.00015227     1.0777e-04
 2756.000 0.00019829    -1.4431e-04
 2757.000 0.00017268     3.9708e-05
 2758.000 0.00013209    -1.0440e-04
 2759.000 0.00009244     3.8352e-04
 2760.000 0.00021506    -4.5607e-04
 2761.000 0.00014646     2.9343e-04
 2762.000 0.00015966    -2.2687e-04
 2763.000 0.00011834     2.8692e-04
 2764.000 0.00019326    -2.2338e-04
 2765.000 0.00017279     3.4259e-05
 2766.000 0.00014630     5.0226e-05
 2767.000 0.00013883    -1.2104e-04
 2768.000 0.00011250     3.2079e-04
 2769.000 0.00021423    -3.9374e-04
 2770.000 0.00014946     2.5518e-04
 2771.000 0.00016307    -1.5670e-04
 2772.000 0.00013841     1.4198e-04
 2773.000 0.00017184    -6.2700e-05
 2774.000 0.00018748     2.0775e-06
 2775.000 0.00017125    -1.3683e-04
 2776.000 0.00010853     2.6630e-04
 2777.000 0.00016066    -2.3928e-04
 2778.000 0.00012846     1.8482e-04
 2779.000 0.00015648    -1.3869e-04
 2780.000 0.00014748     1.4780e-04
 2781.000 0.00019374    -1.2096e-04
 2782.000 0.00018190    -1.2562e-05
 2783.000 0.00015739     9.5187e-05
 2784.000 0.00018589    -5.0128e-05
 2785.000 0.00017959    -1.0348e-04
 2786.000 0.00012942     2.0082e-04
 2787.000 0.00015895    -2.2159e-04
 2788.000 0.00011373     2.3704e-04
 2789.000 0.00017950    -6.0615e-05
 2790.000 0.00021689    -1.6486e-04
 2791.000 0.00016964     2.1220e-04
 2792.000 0.00021145    -1.4959e-04
 2793.000 0.00019296     2.4346e-05
 2794.000 0.00017139     3.3723e-05
 2795.000 0.00017503    -7.9781e-06
 2796.000 0.00017930     1.9693e-06
 2797.000 0.00017116    -7.4359e-05
 2798.000 0.00014540     1.8975e-04
 2799.000 0.00020399    -1.7853e-04
 2800.000 0.00018299     4.6823e-05
 2801.000 0.00015495    -5.1006e-05
 2802.000 0.00012585     1.5084e-04
 2803.000 0.00015826    -1.8330e-04
 2804.000 0.00011932     1.5427e-04
 2805.000 0.00013567    -1.0202e-04
 2806.000 0.00012298     7.9584e-05
 2807.000 0.00014595    -2.3545e-06
 2808.000 0.00016875    -7.1186e-05
 2809.000 0.00014231    -8.3405e-06
 2810.000 0.00013168     1.9941e-04
 2811.000 0.00020918    -2.6051e-04
 2812.000 0.00016521     1.1382e-04
 2813.000 0.00013862    -9.0504e-05
 2814.000 0.00010187     1.8723e-04
 2815.000 0.00014381    -1.8628e-04
 2816.000 0.00011237     1.1760e-04
 2817.000 0.00013470     3.8479e-05
 2818.000 0.00018901    -7.9641e-05
 2819.000 0.00018191    -8.8376e-05
 2820.000 0.00014808     2.7276e-04
 2821.000 0.00022032    -3.6626e-04
 2822.000 0.00012979     2.1565e-04
 2823.000 0.00013169     5.8250e-05
 2824.000 0.00017909    -1.7565e-04
 2825.000 0.00013590     1.0079e-04
 2826.000 0.00012862    -1.2066e-05
 2827.000 0.00014958     1.1691e-04
 2828.000 0.00020997    -2.1899e-04
 2829.000 0.00017865     2.0881e-04
 2830.000 0.00021827    -1.9059e-04
 2831.000 0.00018064     9.0063e-05
 2832.000 0.00017906     4.6639e-05
 2833.000 0.00019524    -1.7006e-04
 2834.000 0.00013394     1.6872e-04
 2835.000 0.00015337    -2.0453e-05
 2836.000 0.00019387     3.9509e-05
 2837.000 0.00023277    -1.4718e-04
 2838.000 0.00020606     1.5556e-04
 2839.000 0.00022233    -2.1718e-04
 2840.000 0.00017304     3.1978e-04
 2841.000 0.00022882    -4.3154e-04
 2842.000 0.00013130     4.8657e-04
 2843.000 0.00021430    -4.3163e-04
 2844.000 0.00014490     3.2555e-04
 2845.000 0.00020938    -6.7272e-05
 2846.000 0.00023287    -3.0240e-04
 2847.000 0.00011301     4.1677e-04
 2848.000 0.00019524    -1.5213e-04
 2849.000 0.00022477    -1.2444e-04
 2850.000 0.00018333     2.2406e-04
 2851.000 0.00025789    -7.5795e-05
 2852.000 0.00027197    -2.8376e-04
 2853.000 0.00015529     4.2627e-04
 2854.000 0.00022613    -2.9620e-04
 2855.000 0.00021711     2.7936e-04
 2856.000 0.00029056    -3.2642e-04
 2857.000 0.00019813     3.1042e-05
 2858.000 0.00012816     3.3701e-04
 2859.000 0.00023916    -2.9327e-04
 2860.000 0.00024775     2.2160e-04
 2861.000 0.00028762    -4.0547e-04
 2862.000 0.00018358     5.3682e-04
 2863.000 0.00029310    -4.6043e-04
 2864.000 0.00026380     4.7200e-04
 2865.000 0.00038260    -5.3895e-04
 2866.000 0.00026255     2.5069e-04
 2867.000 0.00020610    -8.2232e-05
 2868.000 0.00018792     3.0785e-04
 2869.000 0.00029744    -3.8298e-04
 2870.000 0.00023225     1.7579e-04
 2871.000 0.00022768     4.3530e-05
 2872.000 0.00028567     2.5449e-05
 2873.000 0.00032363    -2.6551e-04
 2874.000 0.00022094     1.9268e-04
 2875.000 0.00020143    -6.1248e-06
 2876.000 0.00023927     1.7592e-04
 2877.000 0.00032920    -3.8502e-04
 2878.000 0.00024422     3.1470e-04
 2879.000 0.00027585    -1.7411e-04
 2880.000 0.00026358     1.1834e-04
 2881.000 0.00026608    -2.1065e-04
 2882.000 0.00021509     4.0330e-04
 2883.000 0.00030944    -5.3050e-04
 2884.000 0.00023489     7.0532e-04
 2885.000 0.00042516    -7.0185e-04
 2886.000 0.00030259     2.2504e-04
 2887.000 0.00024968     2.1964e-04
 2888.000 0.00034890    -1.9083e-04
 2889.000 0.00029574    -3.7061e-04
 2890.000 0.00013391     1.0213e-03
 2891.000 0.00040088    -1.1416e-03
 2892.000 0.00023700     9.6018e-04
 2893.000 0.00042553    -5.8464e-04
 2894.000 0.00038647     1.2824e-05
 2895.000 0.00028703     1.7106e-04
 2896.000 0.00031582     7.2310e-05
 2897.000 0.00039791    -1.4050e-04
 2898.000 0.00033912    -3.5559e-04
 2899.000 0.00018167     9.7088e-04
 2900.000 0.00044380    -1.0105e-03
 2901.000 0.00030248     6.5030e-04
 2902.000 0.00035935    -4.0158e-04
 2903.000 0.00030640     2.9709e-04
 2904.000 0.00036443    -1.2088e-04
 2905.000 0.00036645    -1.4961e-04
 2906.000 0.00029411     2.7315e-04
 2907.000 0.00035261    -1.5794e-04
 2908.000 0.00035463     1.9715e-05
 2909.000 0.00031839    -1.5049e-04
 2910.000 0.00027272     5.2565e-04
 2911.000 0.00045827    -5.6480e-04
 2912.000 0.00042209     4.0317e-04
 2913.000 0.00048292    -4.6583e-04
 2914.000 0.00034783     2.8462e-04
 2915.000 0.00033991     9.0377e-05
 2916.000 0.00046120     1.2913e-04
 2917.000 0.00054398    -8.3798e-04
 2918.000 0.00021468     7.5029e-04
 2919.000 0.00026710     1.2714e-04
 2920.000 0.00047172    -3.4564e-04
 2921.000 0.00047495     4.7089e-05
 2922.000 0.00042560    -1.5820e-04
 2923.000 0.00035546     4.6096e-04
 2924.000 0.00049301    -4.3948e-04
 2925.000 0.00042196     4.5384e-05
 2926.000 0.00034027     1.9411e-04
 2927.000 0.00037313    -1.3452e-04
 2928.000 0.00037502     1.5816e-04
 2929.000 0.00043064    -1.7574e-04
 2930.000 0.00039995     2.6935e-05
 2931.000 0.00038052     1.3556e-04
 2932.000 0.00042645    -1.7702e-04
 2933.000 0.00035176    -1.5122e-04
 2934.000 0.00023304     5.1771e-04
 2935.000 0.00038893    -2.7194e-04
 2936.000 0.00043531    -8.6990e-05
 2937.000 0.00041517     2.2079e-04
 2938.000 0.00042873    -5.9395e-04
 2939.000 0.00025122     1.0086e-03
 2940.000 0.00051298    -8.0482e-04
 2941.000 0.00042523     1.1362e-04
 2942.000 0.00032460     2.7306e-04
 2943.000 0.00044158     9.9795e-05
 2944.000 0.00057190    -5.9220e-04
 2945.000 0.00042393     5.9928e-04
 2946.000 0.00054305    -2.0236e-04
 2947.000 0.00058134    -2.7480e-04
 2948.000 0.00043077     1.6841e-04
 2949.000 0.00043258     5.1543e-04
 2950.000 0.00061432    -1.1505e-03
 2951.000 0.00031748     1.2153e-03
 2952.000 0.00054892    -5.4090e-04
 2953.000 0.00055097    -4.2801e-04
 2954.000 0.00032282     8.7175e-04
 2955.000 0.00047169    -7.9689e-04
 2956.000 0.00032655     5.5173e-04
 2957.000 0.00042729     6.5241e-05
 2958.000 0.00054142    -7.3236e-04
 2959.000 0.00030672     7.7120e-04
 2960.000 0.00042188    -2.5330e-04
 2961.000 0.00053864     2.5160e-04
 2962.000 0.00064415    -8.2058e-04
 2963.000 0.00035257     6.4820e-04
 2964.000 0.00038083     1.4684e-04
 2965.000 0.00048788    -7.6282e-04
 2966.000 0.00026758     9.4035e-04
 2967.000 0.00052080    -1.5747e-04
 2968.000 0.00068348    -8.5370e-04
 2969.000 0.00042069     1.0195e-03
 2970.000 0.00054434    -9.0546e-04
 2971.000 0.00038472     9.0277e-04
 2972.000 0.00057910    -5.8164e-04
 2973.000 0.00056805     1.9119e-04
 2974.000 0.00058603    -8.9565e-06
 2975.000 0.00057511    -3.2877e-04
 2976.000 0.00045325     6.5839e-04
 2977.000 0.00059652    -7.1400e-04
 2978.000 0.00043005     3.3916e-04
 2979.000 0.00039013     1.1667e-04
 2980.000 0.00047828    -3.7433e-05
 2981.000 0.00055305    -4.7221e-05
 2982.000 0.00058552    -2.7483e-05
 2983.000 0.00064715     3.3211e-04
 2984.000 0.00075267    -1.0376e-03
 2985.000 0.00038955     1.0065e-03
 2986.000 0.00052502     2.9794e-06
 2987.000 0.00072259    -6.4586e-04
 2988.000 0.00056163     4.2930e-04
 2989.000 0.00056511    -8.4680e-05
 2990.000 0.00059952     9.5005e-05
 2991.000 0.00061957    -3.8150e-04
 2992.000 0.00045325     3.1277e-04
 2993.000 0.00053390     6.1223e-04
 2994.000 0.00086671    -1.2487e-03
 2995.000 0.00055807     5.3400e-04
 2996.000 0.00045014     3.1700e-04
 2997.000 0.00059743    -2.7069e-04
 2998.000 0.00060069    -9.8419e-05
 2999.000 0.00058909     5.7521e-04
 3000.000 0.00077296    -1.0296e-03
 3001.000 0.00054859     1.0937e-03
 3002.000 0.00068391    -1.1870e-03
 3003.000 0.00037319     9.7822e-04
 3004.000 0.00050982    -4.1728e-05
 3005.000 0.00069764    -5.0416e-04
 3006.000 0.00061821     4.5488e-04
 3007.000 0.00072537    -1.9581e-04
 3008.000 0.00074684    -1.8578e-04
 3009.000 0.00063089     1.1442e-04
 3010.000 0.00056501     2.8510e-05
 3011.000 0.00058723     3.0014e-04
 3012.000 0.00073232    -4.9184e-04
 3013.000 0.00064903     2.9694e-04
 3014.000 0.00068844     4.0284e-05
 3015.000 0.00069354    -6.6393e-04
 3016.000 0.00044451     1.0907e-03
 3017.000 0.00075919    -3.1651e-04
 3018.000 0.00093093    -6.8228e-04
 3019.000 0.00077120     1.0568e-03
 3020.000 0.00100010    -1.2132e-03
 3021.000 0.00068652     5.4115e-04
 3022.000 0.00057791     2.7842e-04
 3023.000 0.00069785    -2.8354e-04
 3024.000 0.00074017     3.9000e-04
 3025.000 0.00092098    -4.4553e-04
 3026.000 0.00083056    -2.3527e-04
 3027.000 0.00069802     1.1339e-03
 3028.000 0.00104070    -1.4489e-03
 3029.000 0.00078799     1.0895e-03
 3030.000 0.00085382    -9.9780e-04
 3031.000 0.00055659     7.2335e-04
 3032.000 0.00068401     6.5229e-04
 3033.000 0.00107920    -1.7259e-03
 3034.000 0.00061119     1.0720e-03
 3035.000 0.00065690     5.2013e-04
 3036.000 0.00099971    -1.3699e-03
 3037.000 0.00075155     1.4138e-03
 3038.000 0.00099376    -1.3430e-03
 3039.000 0.00069938     7.3867e-04
 3040.000 0.00068425     6.3831e-05
 3041.000 0.00084229     4.5030e-05
 3042.000 0.00089248    -8.9105e-04
 3043.000 0.00063285     1.6603e-03
 3044.000 0.00104130    -1.7415e-03
 3045.000 0.00082450     1.5542e-03
 3046.000 0.00101260    -2.0458e-03
 3047.000 0.00044690     2.1064e-03
 3048.000 0.00084364    -6.0495e-04
 3049.000 0.00103730    -9.0502e-04
 3050.000 0.00066965     8.5717e-04
 3051.000 0.00069836    -1.4549e-04
 3052.000 0.00086999     5.8233e-04
 3053.000 0.00116840    -1.4231e-03
 3054.000 0.00078739     1.0337e-03
 3055.000 0.00084317    -9.0994e-05
 3056.000 0.00097322    -2.2412e-04
 3057.000 0.00090601    -1.9607e-04
 3058.000 0.00086280     1.1524e-03
 3059.000 0.00132590    -1.3757e-03
 3060.000 0.00113240     4.1077e-04
 3061.000 0.00108840     6.2961e-04
 3062.000 0.00122920    -1.8204e-03
 3063.000 0.00069086     2.5771e-03
 3064.000 0.00122210    -2.0707e-03
 3065.000 0.00107320     1.6246e-03
 3066.000 0.00132410    -2.0291e-03
 3067.000 0.00084937     2.1379e-03
 3068.000 0.00131870    -8.5800e-04
 3069.000 0.00152270    -2.9783e-04
 3070.000 0.00142470     2.3732e-04
 3071.000 0.00126830    -1.0019e-03
 3072.000 0.00080162     1.9085e-03
 3073.000 0.00112030    -1.9198e-03
 3074.000 0.00075920     1.6921e-03
 3075.000 0.00096833    -1.4274e-03
 3076.000 0.00077309     1.5911e-03
 3077.000 0.00128030    -7.2250e-04
 3078.000 0.00146980    -6.0740e-04
 3079.000 0.00127270     8.3249e-04
 3080.000 0.00134400    -1.1122e-03
 3081.000 0.00102060     1.2480e-03
 3082.000 0.00118220    -9.6979e-04
 3083.000 0.00107210     1.0010e-03
 3084.000 0.00132840    -8.3570e-04
 3085.000 0.00130960     6.9123e-04
 3086.000 0.00141620    -1.1768e-03
 3087.000 0.00097852     7.5040e-04
 3088.000 0.00101960     1.0478e-03
 3089.000 0.00151820    -2.1965e-03
 3090.000 0.00106970     2.0554e-03
 3091.000 0.00144510    -1.0818e-03
 3092.000 0.00142550    -9.8277e-05
 3093.000 0.00126820     6.4869e-04
 3094.000 0.00141730    -6.5808e-04
 3095.000 0.00125730     1.2902e-04
 3096.000 0.00119820     7.4741e-04
 3097.000 0.00159650    -3.7427e-04
 3098.000 0.00168010    -1.1385e-03
 3099.000 0.00130200     2.1583e-03
 3100.000 0.00181960    -2.1203e-03
 3101.000 0.00147080     1.1246e-03
 3102.000 0.00156030     2.5181e-04
 3103.000 0.00172400    -1.6866e-03
 3104.000 0.00106580     1.5632e-03
 3105.000 0.00130380     8.1085e-04
 3106.000 0.00200140    -2.0490e-03
 3107.000 0.00151780     2.9805e-04
 3108.000 0.00114510     1.5222e-03
 3109.000 0.00170420    -7.9615e-04
 3110.000 0.00187650    -6.5842e-04
 3111.000 0.00165270     1.0532e-03
 3112.000 0.00179080    -1.3832e-03
 3113.000 0.00140030     1.3078e-03
 3114.000 0.00141380    -1.4240e-03
 3115.000 0.00093168     1.4144e-03
 3116.000 0.00114590    -5.5552e-05
 3117.000 0.00170160     8.5670e-04
 3118.000 0.00231330    -3.0352e-03
 3119.000 0.00147190     2.5656e-03
 3120.000 0.00157310    -1.5717e-03
 3121.000 0.00128140     1.3637e-03
 3122.000 0.00151300    -7.4335e-04
 3123.000 0.00148210     3.4691e-05
 3124.000 0.00149290     8.5478e-04
 3125.000 0.00173100    -2.0900e-03
 3126.000 0.00111260     2.3663e-03
 3127.000 0.00153100    -1.1545e-03
 3128.000 0.00168150     6.4421e-04
 3129.000 0.00178900    -1.6804e-03
 3130.000 0.00138220     2.9914e-03
 3131.000 0.00228990    -2.3982e-03
 3132.000 0.00192770    -1.0179e-03
 3133.000 0.00122450     4.4236e-03
 3134.000 0.00234560    -5.7309e-03
 3135.000 0.00138930     6.0357e-03
 3136.000 0.00248030    -6.1279e-03
 3137.000 0.00126440     4.6347e-03
 3138.000 0.00181910    -1.7873e-03
 3139.000 0.00203560     4.8528e-04
 3140.000 0.00225730    -1.2261e-04
 3141.000 0.00226930    -1.2530e-03
 3142.000 0.00146270     2.2315e-04
 3143.000 0.00121580     3.7186e-03
 3144.000 0.00268490    -4.8017e-03
 3145.000 0.00191710     2.0667e-03
 3146.000 0.00192530     1.1909e-03
 3147.000 0.00258210    -2.9385e-03
 3148.000 0.00185240     2.2443e-03
 3149.000 0.00213570     3.9393e-05
 3150.000 0.00247780    -2.0491e-03
 3151.000 0.00200230     3.2512e-03
 3152.000 0.00278780    -3.3899e-03
 3153.000 0.00213870     1.7007e-03
 3154.000 0.00226530     1.2413e-03
 3155.000 0.00301520    -2.9262e-03
 3156.000 0.00241460     2.3606e-03
 3157.000 0.00249070    -2.4560e-03
 3158.000 0.00192870     3.6348e-03
 3159.000 0.00263840    -4.4530e-03
 3160.000 0.00178040     4.7712e-03
 3161.000 0.00261440    -4.4797e-03
 3162.000 0.00192480     4.0059e-03
 3163.000 0.00253310    -3.7566e-03
 3164.000 0.00189190     3.5234e-03
 3165.000 0.00251360    -2.7598e-03
 3166.000 0.00215990     1.6633e-03
 3167.000 0.00217590    -1.6753e-03
 3168.000 0.00163990     1.7259e-03
 3169.000 0.00196060    -8.8276e-05
 3170.000 0.00240780    -6.1384e-04
 3171.000 0.00223920    -1.1511e-03
 3172.000 0.00187130     4.0226e-03
 3173.000 0.00322140    -4.6314e-03
 3174.000 0.00260160     2.6836e-03
 3175.000 0.00268200    -1.9016e-03
 3176.000 0.00231020     2.2098e-03
 3177.000 0.00266150    -2.5988e-03
 3178.000 0.00208380     2.6115e-03
 3179.000 0.00276740    -2.7938e-04
 3180.000 0.00319230    -3.0462e-03
 3181.000 0.00206640     3.1593e-03
 3182.000 0.00235880    -1.0811e-03
 3183.000 0.00257820     7.2728e-04
 3184.000 0.00315910     3.4102e-04
 3185.000 0.00367900    -2.4574e-03
 3186.000 0.00279130     1.0429e-03
 3187.000 0.00246270     1.6404e-03
 3188.000 0.00284480    -3.3404e-03
 3189.000 0.00207160     4.7895e-03
 3190.000 0.00341870    -3.0956e-03
 3191.000 0.00352640     1.5666e-04
 3192.000 0.00281110    -2.4690e-03
 3193.000 0.00141190     5.6160e-03
 3194.000 0.00271840    -3.7606e-03
 3195.000 0.00268170     1.3674e-03
 3196.000 0.00277180    -9.4816e-04
 3197.000 0.00273430     1.6596e-03
 3198.000 0.00340420    -1.4460e-03
 3199.000 0.00335250    -2.0522e-04
 3200.000 0.00313950     1.2991e-03
 3201.000 0.00333750    -2.5251e-03
 3202.000 0.00262170     3.3184e-03
 3203.000 0.00340370    -1.7618e-03
 3204.000 0.00334820    -1.2964e-03
 3205.000 0.00218870     3.2326e-04
 3206.000 0.00177120     4.4553e-03
 3207.000 0.00353650    -5.0478e-03
 3208.000 0.00305000     2.2250e-03
 3209.000 0.00306780    -8.2647e-04
 3210.000 0.00310860     1.2189e-03
 3211.000 0.00341530    -2.4536e-03
 3212.000 0.00280800     3.1117e-03
 3213.000 0.00348410    -2.2927e-03
 3214.000 0.00343340     1.6984e-03
 3215.000 0.00375710    -2.2543e-03
 3216.000 0.00313310     1.6327e-03
 3217.000 0.00297830    -1.4615e-03
 3218.000 0.00251570     2.3663e-03
 3219.000 0.00295580    -2.5874e-03
 3220.000 0.00288480     4.9168e-03
 3221.000 0.00465150    -6.0534e-03
 3222.000 0.00358940     2.3241e-03
 3223.000 0.00341210     2.0658e-03
 3224.000 0.00430250    -4.1810e-03
 3225.000 0.00306350     1.8819e-03
 3226.000 0.00289300     3.0645e-03
 3227.000 0.00423260    -5.0793e-03
 3228.000 0.00350480     4.8485e-03
 3229.000 0.00466490    -2.9871e-03
 3230.000 0.00480860     1.0016e-03
 3231.000 0.00499690    -7.5157e-04
 3232.000 0.00457450    -1.6595e-03
 3233.000 0.00357860     3.9485e-03
 3234.000 0.00454000    -2.3908e-03
 3235.000 0.00449970    -3.9561e-04
 3236.000 0.00416570     2.2110e-03
 3237.000 0.00494500    -1.7686e-03
 3238.000 0.00474100    -1.0363e-03
 3239.000 0.00393300     2.2897e-03
 3240.000 0.00448210     1.9906e-05
 3241.000 0.00518900    -1.4226e-03
 3242.000 0.00526730     1.8988e-03
 3243.000 0.00559600    -4.6701e-03
 3244.000 0.00395000     4.9334e-03
 3245.000 0.00427670    -3.2274e-03
 3246.000 0.00379670     3.1358e-03
 3247.000 0.00498760     7.0945e-04
 3248.000 0.00650260    -4.0290e-03
 3249.000 0.00589620     2.6782e-03
 3250.000 0.00599600    -2.4466e-03
 3251.000 0.00520560     1.7672e-03
 3252.000 0.00562100     2.6127e-03
 3253.000 0.00745270    -3.7203e-03
 3254.000 0.00693660    -1.8185e-03
 3255.000 0.00515160     3.3807e-03
 3256.000 0.00558140     1.5844e-03
 3257.000 0.00683960    -4.7480e-03
 3258.000 0.00613880     5.6534e-03
 3259.000 0.00762860    -4.7221e-03
 3260.000 0.00725810     2.0732e-03
 3261.000 0.00758940     6.4020e-04
 3262.000 0.00771880    -5.8454e-03
 3263.000 0.00539840     8.0426e-03
 3264.000 0.00701720    -2.6897e-03
 3265.000 0.00828760     6.2574e-04
 3266.000 0.00825020    -7.6601e-03
 3267.000 0.00533680     1.2759e-02
 3268.000 0.00809320    -9.3558e-03
 3269.000 0.00715570     2.5011e-03
 3270.000 0.00685330     3.1620e-03
 3271.000 0.00800250    -6.4396e-03
 3272.000 0.00682420     8.6315e-03
 3273.000 0.01018300    -8.6375e-04
 3274.000 0.01208800    -1.3899e-02
 3275.000 0.00648990     1.1442e-02
 3276.000 0.00678260     3.4744e-03
 3277.000 0.00970880    -9.5389e-03
 3278.000 0.00752750     4.0361e-03
 3279.000 0.00688980     2.6560e-03
 3280.000 0.00781960    -5.2552e-03
 3281.000 0.00796420     1.3653e-02
 3282.000 0.01294300    -2.0353e-02
 3283.000 0.00931730     1.6133e-02
 3284.000 0.01166500    -8.3385e-03
 3285.000 0.01139100     1.4907e-03
 3286.000 0.00976260    -5.7506e-03
 3287.000 0.00767270     1.8743e-02
 3288.000 0.01370400    -2.0492e-02
 3289.000 0.01035900     6.9694e-03
 3290.000 0.01002600     1.0687e-02
 3291.000 0.01528100    -1.6189e-02
 3292.000 0.01393600     1.4470e-02
 3293.000 0.01640300    -1.8820e-02
 3294.000 0.01144600     1.6265e-02
 3295.000 0.01184300    -1.4118e-02
 3296.000 0.00898580     2.0681e-02
 3297.000 0.01437100    -1.9151e-02
 3298.000 0.01137100     5.6130e-03
 3299.000 0.01018700     7.5952e-03
 3300.000 0.01500200     0.0000e+00
