# lambda(nm)  coeff spline
  800.000 0.00018515     0.0000e+00
  801.000 0.00011111     2.3449e-04
  802.000 0.00016716    -1.5742e-04
  803.000 0.00016746     6.0688e-05
  804.000 0.00017019    -7.0752e-05
  805.000 0.00014408     4.9279e-05
  806.000 0.00013747    -9.3627e-06
  807.000 0.00013599     1.8952e-05
  808.000 0.00014512    -2.7855e-06
  809.000 0.00014935    -3.7210e-05
  810.000 0.00013965     6.8046e-05
  811.000 0.00014985    -1.1557e-04
  812.000 0.00011490     1.2335e-04
  813.000 0.00012591    -1.0208e-04
  814.000 0.00011955     1.8074e-04
  815.000 0.00015829    -3.5028e-04
  816.000 0.00007234     4.7222e-04
  817.000 0.00015754    -5.1171e-04
  818.000 0.00006751     5.2325e-04
  819.000 0.00017220    -4.1298e-04
  820.000 0.00012156     1.9668e-04
  821.000 0.00013117    -1.2259e-05
  822.000 0.00014590    -1.1693e-04
  823.000 0.00011010     1.7679e-04
  824.000 0.00014562    -1.6231e-04
  825.000 0.00012010     1.0621e-04
  826.000 0.00013144    -4.1377e-05
  827.000 0.00013401     6.6752e-06
  828.000 0.00013059    -2.1264e-05
  829.000 0.00012611     7.2022e-05
  830.000 0.00015801    -4.8542e-05
  831.000 0.00017024     4.1266e-06
  832.000 0.00015286    -1.4562e-04
  833.000 0.00007613     2.2227e-04
  834.000 0.00010821    -9.0599e-05
  835.000 0.00012193     2.9966e-05
  836.000 0.00014254     1.2073e-05
  837.000 0.00016888    -4.3880e-05
  838.000 0.00016075    -4.3372e-05
  839.000 0.00013530     1.1345e-04
  840.000 0.00015949    -1.1258e-04
  841.000 0.00012674    -4.7652e-06
  842.000 0.00010102     1.7382e-04
  843.000 0.00016841    -1.3186e-04
  844.000 0.00015186    -1.5002e-04
  845.000 0.00008448     4.2696e-04
  846.000 0.00019073    -5.1603e-04
  847.000 0.00007232     2.8922e-04
  848.000 0.00006597     3.1527e-05
  849.000 0.00012696    -1.1284e-05
  850.000 0.00017264    -7.8249e-05
  851.000 0.00015910    -3.1039e-05
  852.000 0.00012443     7.5627e-05
  853.000 0.00012450    -6.3029e-05
  854.000 0.00010395     5.2767e-05
  855.000 0.00010596    -1.2680e-05
  856.000 0.00012791     1.1759e-04
  857.000 0.00018797    -2.2903e-04
  858.000 0.00013866     1.4231e-04
  859.000 0.00014521    -5.0449e-06
  860.000 0.00016047    -6.9869e-05
  861.000 0.00011478    -8.1179e-05
  862.000 0.00007905     4.5434e-04
  863.000 0.00021424    -7.1068e-04
  864.000 0.00006578     6.8648e-04
  865.000 0.00016669    -5.3900e-04
  866.000 0.00009603     4.4011e-04
  867.000 0.00017087    -3.4843e-04
  868.000 0.00012269     2.1547e-04
  869.000 0.00014133    -1.1255e-04
  870.000 0.00013880     1.0771e-04
  871.000 0.00017075    -1.1141e-04
  872.000 0.00015702     6.3850e-05
  873.000 0.00017182     2.7189e-05
  874.000 0.00017940    -2.1592e-04
  875.000 0.00008187     2.0585e-04
  876.000 0.00009143     3.5060e-05
  877.000 0.00015404    -2.7792e-05
  878.000 0.00017920    -1.4859e-04
  879.000 0.00010816     4.4960e-05
  880.000 0.00007023     1.6741e-04
  881.000 0.00013195    -1.1670e-04
  882.000 0.00015607     7.3798e-05
  883.000 0.00017543    -2.0705e-04
  884.000 0.00011323     2.6504e-04
  885.000 0.00015841    -2.0885e-04
  886.000 0.00012707     1.1123e-04
  887.000 0.00012924    -3.5004e-05
  888.000 0.00013054     2.3568e-05
  889.000 0.00013726    -2.6746e-05
  890.000 0.00013501     2.9598e-05
  891.000 0.00013727    -6.4587e-05
  892.000 0.00012711     1.5423e-04
  893.000 0.00018063    -1.7025e-04
  894.000 0.00014442    -1.1611e-05
  895.000 0.00011909     2.8197e-04
  896.000 0.00020909    -4.2430e-04
  897.000 0.00012704     3.8292e-04
  898.000 0.00016227    -4.0371e-04
  899.000 0.00007331     4.8679e-04
  900.000 0.00017371    -4.0728e-04
  901.000 0.00011494     1.8730e-04
  902.000 0.00011870     3.3275e-05
  903.000 0.00015432    -1.2923e-04
  904.000 0.00012254     7.9261e-05
  905.000 0.00013196     5.9391e-05
  906.000 0.00016506    -1.7474e-04
  907.000 0.00013765     2.7652e-04
  908.000 0.00019757    -4.0737e-04
  909.000 0.00010787     4.5525e-04
  910.000 0.00019423    -3.5728e-04
  911.000 0.00015192     2.0184e-04
  912.000 0.00017461    -6.0080e-05
  913.000 0.00018064    -6.1480e-05
  914.000 0.00012948    -3.7140e-05
  915.000 0.00007719     2.0326e-04
  916.000 0.00013882    -9.2375e-05
  917.000 0.00017635     2.1641e-05
  918.000 0.00019447    -1.1065e-04
  919.000 0.00014529     1.7150e-05
  920.000 0.00012067     1.8941e-04
  921.000 0.00017531    -2.9922e-04
  922.000 0.00011670     3.2798e-04
  923.000 0.00017080    -3.3642e-04
  924.000 0.00010278     2.8499e-04
  925.000 0.00014509    -1.4156e-04
  926.000 0.00013754    -1.7920e-05
  927.000 0.00009484     2.3384e-06
  928.000 0.00008889     2.2907e-04
  929.000 0.00017960    -3.3865e-04
  930.000 0.00013289     3.0099e-04
  931.000 0.00018437    -2.7619e-04
  932.000 0.00012509     1.3920e-04
  933.000 0.00010932    -1.9558e-05
  934.000 0.00010977     3.6349e-05
  935.000 0.00011743    -8.2578e-05
  936.000 0.00010292     1.6094e-04
  937.000 0.00014523    -2.2028e-04
  938.000 0.00011217     2.6794e-04
  939.000 0.00017825    -2.5665e-04
  940.000 0.00012902     6.6783e-05
  941.000 0.00010180     1.2158e-04
  942.000 0.00015359    -7.9024e-05
  943.000 0.00014879    -1.4502e-04
  944.000 0.00007735     2.5926e-04
  945.000 0.00012681    -1.6663e-04
  946.000 0.00012486     9.8795e-05
  947.000 0.00013578    -1.5133e-04
  948.000 0.00009450     1.9332e-04
  949.000 0.00013635    -1.2318e-04
  950.000 0.00012895     3.8983e-06
  951.000 0.00012669     1.3843e-04
  952.000 0.00017151    -2.7513e-04
  953.000 0.00009865     2.5600e-04
  954.000 0.00013746    -7.8847e-05
  955.000 0.00016817     1.0790e-05
  956.000 0.00016174    -1.8715e-04
  957.000 0.00008807     3.3438e-04
  958.000 0.00017539    -1.8442e-04
  959.000 0.00018664    -5.3132e-05
  960.000 0.00014955     1.0690e-04
  961.000 0.00015837    -9.9027e-05
  962.000 0.00014692     1.6758e-04
  963.000 0.00018192    -2.9261e-04
  964.000 0.00011098     3.6720e-04
  965.000 0.00018808    -2.8795e-04
  966.000 0.00014974     9.1955e-05
  967.000 0.00013911     8.6389e-05
  968.000 0.00016875    -1.9589e-04
  969.000 0.00012145     2.3553e-04
  970.000 0.00015824    -2.4170e-04
  971.000 0.00010561     1.9476e-04
  972.000 0.00012757    -8.9797e-05
  973.000 0.00012302     5.3686e-06
  974.000 0.00012725     1.2100e-04
  975.000 0.00016931    -2.6240e-04
  976.000 0.00010181     2.7124e-04
  977.000 0.00014469    -1.6027e-04
  978.000 0.00014402     1.0856e-04
  979.000 0.00015964    -1.7622e-04
  980.000 0.00009854     1.3600e-04
  981.000 0.00010142     1.6084e-05
  982.000 0.00012698    -6.4262e-05
  983.000 0.00010172    -6.3957e-05
  984.000 0.00008052     3.4445e-04
  985.000 0.00021032    -4.0785e-04
  986.000 0.00013007     2.6644e-05
  987.000 0.00006614     3.9919e-04
  988.000 0.00019224    -4.8324e-04
  989.000 0.00011836     3.3387e-04
  990.000 0.00014423    -2.5374e-04
  991.000 0.00008893     1.9406e-04
  992.000 0.00011446    -3.7528e-05
  993.000 0.00014530    -1.2090e-05
  994.000 0.00015087    -6.5731e-05
  995.000 0.00012613     9.3155e-05
  996.000 0.00014004    -7.4987e-05
  997.000 0.00013149     7.2034e-05
  998.000 0.00014345    -9.0090e-05
  999.000 0.00012657     1.1529e-04
 1000.000 0.00013996    -1.8944e-04
 1001.000 0.00010043     3.2495e-04
 1002.000 0.00018349    -3.7483e-04
 1003.000 0.00011287     2.5225e-04
 1004.000 0.00013538    -7.5350e-05
 1005.000 0.00014406    -3.3824e-05
 1006.000 0.00013901     1.2828e-04
 1007.000 0.00018896    -1.4927e-04
 1008.000 0.00015649    -2.5743e-05
 1009.000 0.00010363     1.2989e-04
 1010.000 0.00013634     1.9615e-05
 1011.000 0.00017163    -1.9287e-04
 1012.000 0.00011628     2.0800e-04
 1013.000 0.00014011    -1.6399e-04
 1014.000 0.00011457     1.5177e-04
 1015.000 0.00013442    -1.7077e-04
 1016.000 0.00010180     2.1647e-04
 1017.000 0.00015498    -1.8028e-04
 1018.000 0.00015493     1.8522e-04
 1019.000 0.00021956    -1.7256e-04
 1020.000 0.00019184    -4.9090e-05
 1021.000 0.00011749     8.9129e-05
 1022.000 0.00012411     1.7842e-04
 1023.000 0.00019786    -4.0002e-04
 1024.000 0.00010125     3.9956e-04
 1025.000 0.00016096    -2.6030e-04
 1026.000 0.00012607     7.4041e-05
 1027.000 0.00012525     1.6855e-04
 1028.000 0.00019825    -3.0534e-04
 1029.000 0.00013375     2.2780e-04
 1030.000 0.00016156    -5.2006e-05
 1031.000 0.00017197    -1.2418e-04
 1032.000 0.00011571     1.4869e-04
 1033.000 0.00013446    -2.0542e-05
 1034.000 0.00016016    -2.4826e-05
 1035.000 0.00015150    -8.6313e-05
 1036.000 0.00010884     1.6608e-04
 1037.000 0.00014223    -1.2170e-04
 1038.000 0.00013963     1.0479e-04
 1039.000 0.00014674    -2.3919e-04
 1040.000 0.00006290     3.0628e-04
 1041.000 0.00011961    -1.4262e-04
 1042.000 0.00013841     3.6736e-05
 1043.000 0.00013916    -1.1262e-04
 1044.000 0.00010330     1.9410e-04
 1045.000 0.00015008    -1.6795e-04
 1046.000 0.00013958     1.3402e-04
 1047.000 0.00017124    -1.1516e-04
 1048.000 0.00016030     7.1009e-05
 1049.000 0.00014296    -2.0728e-04
 1050.000 0.00007991     4.8385e-04
 1051.000 0.00020500    -5.9927e-04
 1052.000 0.00008459     4.4022e-04
 1053.000 0.00012996    -1.6694e-04
 1054.000 0.00013596    -8.6876e-06
 1055.000 0.00012518     1.0101e-04
 1056.000 0.00015934    -1.2571e-04
 1057.000 0.00012801     8.8798e-06
 1058.000 0.00009623     8.7488e-05
 1059.000 0.00013409     5.9008e-05
 1060.000 0.00019089    -2.0988e-04
 1061.000 0.00014189     1.4572e-04
 1062.000 0.00014824    -4.0885e-05
 1063.000 0.00015443     1.6864e-05
 1064.000 0.00016852     2.0831e-05
 1065.000 0.00016931    -1.7999e-04
 1066.000 0.00009668     2.5860e-04
 1067.000 0.00014181    -1.4785e-04
 1068.000 0.00013477     1.9771e-05
 1069.000 0.00013438     1.0866e-04
 1070.000 0.00016432    -2.7244e-04
 1071.000 0.00009662     3.9527e-04
 1072.000 0.00018567    -3.6812e-04
 1073.000 0.00013665     2.4880e-04
 1074.000 0.00017023    -1.3146e-04
 1075.000 0.00015551    -1.2751e-05
 1076.000 0.00011959     5.5267e-05
 1077.000 0.00013830     1.1946e-04
 1078.000 0.00019527    -3.0356e-04
 1079.000 0.00011767     2.8737e-04
 1080.000 0.00016163    -1.1656e-04
 1081.000 0.00016698    -5.2775e-05
 1082.000 0.00013971     1.3195e-04
 1083.000 0.00016691    -1.4819e-04
 1084.000 0.00013128     8.3826e-05
 1085.000 0.00011332    -8.1095e-05
 1086.000 0.00007593     1.2397e-04
 1087.000 0.00012099     7.9899e-05
 1088.000 0.00018981    -3.0101e-04
 1089.000 0.00013142     3.6088e-04
 1090.000 0.00018934    -4.4466e-04
 1091.000 0.00008751     4.5925e-04
 1092.000 0.00017704    -2.4419e-04
 1093.000 0.00017299    -4.3988e-05
 1094.000 0.00014316     2.6546e-04
 1095.000 0.00022718    -3.3474e-04
 1096.000 0.00016892     2.1982e-04
 1097.000 0.00016773    -2.0213e-04
 1098.000 0.00011838     2.9975e-04
 1099.000 0.00019285    -2.5395e-04
 1100.000 0.00015160     2.1717e-05
 1101.000 0.00011391     1.8844e-04
 1102.000 0.00016102    -2.6667e-04
 1103.000 0.00010148     2.3833e-04
 1104.000 0.00014079    -9.3540e-05
 1105.000 0.00014712    -6.2048e-05
 1106.000 0.00011933     1.3701e-04
 1107.000 0.00014423    -1.6986e-04
 1108.000 0.00010295     1.4533e-04
 1109.000 0.00013165     8.4143e-06
 1110.000 0.00016735    -1.3699e-04
 1111.000 0.00013459     1.2877e-04
 1112.000 0.00014389    -1.2575e-04
 1113.000 0.00011294     1.3274e-04
 1114.000 0.00014409    -3.2588e-05
 1115.000 0.00017133    -2.5844e-05
 1116.000 0.00017289    -1.8116e-05
 1117.000 0.00014861    -5.6732e-05
 1118.000 0.00010978     1.5774e-04
 1119.000 0.00014423    -1.3457e-04
 1120.000 0.00013302     1.0657e-04
 1121.000 0.00014671    -1.4230e-04
 1122.000 0.00010171     1.1047e-04
 1123.000 0.00011357     4.1556e-05
 1124.000 0.00015613    -9.2500e-05
 1125.000 0.00014749     2.1244e-05
 1126.000 0.00013126    -3.8015e-05
 1127.000 0.00011808     1.4911e-04
 1128.000 0.00017726    -1.2428e-04
 1129.000 0.00016899    -5.6683e-05
 1130.000 0.00013570     2.0089e-04
 1131.000 0.00018171    -2.7109e-04
 1132.000 0.00011801     2.2522e-04
 1133.000 0.00013858    -1.2416e-04
 1134.000 0.00013447     1.2335e-04
 1135.000 0.00017917    -7.6381e-05
 1136.000 0.00017308    -1.2257e-04
 1137.000 0.00010060     1.6831e-04
 1138.000 0.00011054    -5.6164e-05
 1139.000 0.00012232     6.7384e-05
 1140.000 0.00014627    -1.4035e-04
 1141.000 0.00010611     1.0936e-04
 1142.000 0.00013114     9.4064e-05
 1143.000 0.00019795    -2.3493e-04
 1144.000 0.00014808     1.4558e-04
 1145.000 0.00014852    -4.5543e-05
 1146.000 0.00015995     1.0253e-04
 1147.000 0.00019782    -2.0592e-04
 1148.000 0.00014334     1.6707e-04
 1149.000 0.00015234    -8.1471e-05
 1150.000 0.00011842    -9.8705e-05
 1151.000 0.00005512     3.0001e-04
 1152.000 0.00013887    -2.1903e-04
 1153.000 0.00013050     2.3399e-05
 1154.000 0.00011791     1.0011e-04
 1155.000 0.00014404    -1.9154e-04
 1156.000 0.00011423     3.3040e-04
 1157.000 0.00021560    -3.4298e-04
 1158.000 0.00014375     2.1996e-06
 1159.000 0.00007188     3.3406e-04
 1160.000 0.00016900    -3.2450e-04
 1161.000 0.00013513     1.7802e-04
 1162.000 0.00013930    -1.5932e-04
 1163.000 0.00010969     2.5659e-04
 1164.000 0.00016449    -3.6058e-04
 1165.000 0.00008439     3.7634e-04
 1166.000 0.00015188    -2.5923e-04
 1167.000 0.00013499     1.5431e-04
 1168.000 0.00015188    -1.5534e-04
 1169.000 0.00011392     1.3795e-04
 1170.000 0.00014344     8.4309e-06
 1171.000 0.00017301    -1.7137e-04
 1172.000 0.00013083     2.4655e-04
 1173.000 0.00018145    -2.5804e-04
 1174.000 0.00013088     1.7846e-04
 1175.000 0.00014775    -5.1169e-05
 1176.000 0.00015200    -4.9506e-05
 1177.000 0.00012249     4.6635e-05
 1178.000 0.00014364     1.6693e-04
 1179.000 0.00023239    -3.0875e-04
 1180.000 0.00017301     1.7928e-04
 1181.000 0.00016439    -1.0381e-04
 1182.000 0.00013105     8.7636e-05
 1183.000 0.00012613    -7.6215e-05
 1184.000 0.00010560     1.2356e-04
 1185.000 0.00015559     5.0855e-06
 1186.000 0.00019840    -1.8698e-04
 1187.000 0.00013468     1.0367e-04
 1188.000 0.00011013     7.3215e-06
 1189.000 0.00012240     8.7963e-05
 1190.000 0.00016849    -1.5626e-04
 1191.000 0.00012216    -1.7463e-05
 1192.000 0.00007583     2.2611e-04
 1193.000 0.00014329    -2.0422e-04
 1194.000 0.00012233     6.0260e-05
 1195.000 0.00012635     1.1306e-04
 1196.000 0.00018088    -2.0944e-04
 1197.000 0.00014324     1.7170e-04
 1198.000 0.00015465    -1.8304e-04
 1199.000 0.00011049     2.2706e-04
 1200.000 0.00015587    -1.8795e-04
 1201.000 0.00013838     1.4752e-04
 1202.000 0.00015645    -1.8877e-04
 1203.000 0.00011002     2.2055e-04
 1204.000 0.00015634    -1.3695e-04
 1205.000 0.00015618     4.8368e-05
 1206.000 0.00014797    -1.0482e-04
 1207.000 0.00009697     1.1418e-04
 1208.000 0.00011429     5.8036e-05
 1209.000 0.00017365    -9.4082e-05
 1210.000 0.00018147     9.0508e-06
 1211.000 0.00018565     3.6039e-05
 1212.000 0.00017292    -2.5467e-04
 1213.000 0.00007583     4.7646e-04
 1214.000 0.00017700    -4.6163e-04
 1215.000 0.00010104     3.0727e-04
 1216.000 0.00012633    -1.5996e-04
 1217.000 0.00011788     1.3013e-04
 1218.000 0.00014730    -1.3332e-04
 1219.000 0.00013047     1.2566e-04
 1220.000 0.00015573    -1.1679e-04
 1221.000 0.00013459     6.3097e-05
 1222.000 0.00012620    -5.9096e-05
 1223.000 0.00010507     9.6849e-05
 1224.000 0.00014724     5.1502e-05
 1225.000 0.00019771    -2.5306e-04
 1226.000 0.00012613     2.2843e-04
 1227.000 0.00014715    -1.0505e-04
 1228.000 0.00014292     4.0275e-05
 1229.000 0.00014715    -5.2893e-06
 1230.000 0.00015134    -1.9358e-05
 1231.000 0.00014295     7.2400e-06
 1232.000 0.00013880     1.5838e-05
 1233.000 0.00014272    -2.2171e-05
 1234.000 0.00013038    -2.4715e-05
 1235.000 0.00011778     1.1947e-04
 1236.000 0.00015142    -1.7573e-04
 1237.000 0.00013039     2.5542e-04
 1238.000 0.00018506    -3.9175e-04
 1239.000 0.00009257     4.2863e-04
 1240.000 0.00018084    -2.3820e-04
 1241.000 0.00017243    -5.5901e-05
 1242.000 0.00010519     1.0883e-04
 1243.000 0.00011343     7.3471e-05
 1244.000 0.00016372    -1.5041e-04
 1245.000 0.00013424     4.9555e-05
 1246.000 0.00011748     2.8513e-05
 1247.000 0.00013436     3.8232e-05
 1248.000 0.00015527    -1.5726e-04
 1249.000 0.00012187     2.6496e-04
 1250.000 0.00018502    -3.2328e-04
 1251.000 0.00010940     1.9552e-04
 1252.000 0.00012164     6.8346e-05
 1253.000 0.00017625    -2.1469e-04
 1254.000 0.00012589     1.6059e-04
 1255.000 0.00013011    -1.0017e-04
 1256.000 0.00010902     8.8249e-05
 1257.000 0.00011708    -7.7921e-05
 1258.000 0.00011321     1.5185e-04
 1259.000 0.00016355    -2.0423e-04
 1260.000 0.00013063     1.6553e-04
 1261.000 0.00015499    -1.1419e-04
 1262.000 0.00012599    -2.8936e-05
 1263.000 0.00009541     2.2045e-04
 1264.000 0.00017219    -2.0871e-04
 1265.000 0.00015403     4.4742e-05
 1266.000 0.00013470     2.2720e-05
 1267.000 0.00014990     7.1559e-05
 1268.000 0.00020183    -8.8577e-05
 1269.000 0.00018856    -1.0845e-04
 1270.000 0.00010411     9.5296e-05
 1271.000 0.00009252     1.6443e-04
 1272.000 0.00017168    -2.0850e-04
 1273.000 0.00015504     9.4780e-05
 1274.000 0.00016764     4.8216e-06
 1275.000 0.00018033    -1.1353e-04
 1276.000 0.00014217     1.4418e-04
 1277.000 0.00017049    -6.4333e-05
 1278.000 0.00016839    -6.9373e-05
 1279.000 0.00012928     1.1977e-04
 1280.000 0.00014146    -1.0195e-04
 1281.000 0.00014935     2.6230e-04
 1282.000 0.00023964    -4.5284e-04
 1283.000 0.00012995     3.4918e-04
 1284.000 0.00016032    -1.0354e-04
 1285.000 0.00016625    -8.1682e-05
 1286.000 0.00013375     1.9968e-04
 1287.000 0.00019265    -1.6866e-04
 1288.000 0.00017295     3.3390e-06
 1289.000 0.00014454     1.0304e-04
 1290.000 0.00017260    -7.6679e-05
 1291.000 0.00017487     4.8937e-05
 1292.000 0.00017791    -1.1445e-04
 1293.000 0.00013690     1.4456e-04
 1294.000 0.00013868    -2.0705e-04
 1295.000 0.00009166     3.9085e-04
 1296.000 0.00018846    -4.9343e-04
 1297.000 0.00010111     4.7798e-04
 1298.000 0.00018718    -3.7796e-04
 1299.000 0.00013018     1.7544e-04
 1300.000 0.00012573    -8.5131e-06
 1301.000 0.00014154    -1.9831e-05
 1302.000 0.00013751    -3.1202e-05
 1303.000 0.00011641     4.2220e-05
 1304.000 0.00011283    -3.2560e-05
 1305.000 0.00009164    -1.7642e-05
 1306.000 0.00007962     1.5815e-04
 1307.000 0.00014718    -1.3746e-04
 1308.000 0.00015403     2.7452e-05
 1309.000 0.00013495    -1.2792e-04
 1310.000 0.00007741     2.5348e-04
 1311.000 0.00015808    -5.6749e-05
 1312.000 0.00020110    -2.5239e-04
 1313.000 0.00012067     3.2560e-04
 1314.000 0.00016712    -2.8874e-04
 1315.000 0.00011635     2.4604e-04
 1316.000 0.00015398    -1.6503e-04
 1317.000 0.00012874     3.6851e-05
 1318.000 0.00010513     2.7404e-05
 1319.000 0.00012060     8.8014e-05
 1320.000 0.00017404    -1.5164e-04
 1321.000 0.00016282     1.3058e-04
 1322.000 0.00017518    -2.2922e-04
 1323.000 0.00012088     3.8633e-04
 1324.000 0.00020810    -4.6698e-04
 1325.000 0.00010817     3.5868e-04
 1326.000 0.00015415    -9.2283e-05
 1327.000 0.00019601    -1.4268e-05
 1328.000 0.00018720    -1.5467e-04
 1329.000 0.00012089     2.8794e-04
 1330.000 0.00017826    -2.5499e-04
 1331.000 0.00014546     1.9102e-04
 1332.000 0.00017897    -1.1122e-04
 1333.000 0.00016701    -1.8945e-05
 1334.000 0.00012864     2.8544e-05
 1335.000 0.00011227     3.6768e-05
 1336.000 0.00013305     4.7284e-05
 1337.000 0.00016177    -1.7827e-04
 1338.000 0.00010396     1.4660e-04
 1339.000 0.00012868     8.7055e-05
 1340.000 0.00018713    -2.9244e-04
 1341.000 0.00012090     3.3462e-04
 1342.000 0.00018658    -2.5458e-04
 1343.000 0.00013584    -1.4838e-05
 1344.000 0.00007989     2.8267e-04
 1345.000 0.00015791    -3.1200e-04
 1346.000 0.00010282     1.6669e-04
 1347.000 0.00010272    -2.4814e-05
 1348.000 0.00012939     9.3188e-05
 1349.000 0.00016995    -2.6460e-04
 1350.000 0.00009486     2.7131e-04
 1351.000 0.00013765    -1.1335e-04
 1352.000 0.00013874    -6.8118e-05
 1353.000 0.00010666     1.8680e-04
 1354.000 0.00014627    -2.4894e-04
 1355.000 0.00008789     2.2100e-04
 1356.000 0.00011651    -1.1308e-04
 1357.000 0.00011191     3.1998e-05
 1358.000 0.00012357     8.2649e-05
 1359.000 0.00016465    -1.8607e-04
 1360.000 0.00011583     1.2224e-04
 1361.000 0.00012334     3.5089e-05
 1362.000 0.00016146    -7.8938e-05
 1363.000 0.00015502     1.3301e-05
 1364.000 0.00015329     5.3993e-05
 1365.000 0.00017041    -1.1617e-04
 1366.000 0.00014075     1.3002e-04
 1367.000 0.00015722    -1.2714e-04
 1368.000 0.00012697     9.8227e-05
 1369.000 0.00014041    -3.6257e-06
 1370.000 0.00015748    -6.1944e-05
 1371.000 0.00015174     1.1454e-04
 1372.000 0.00018091    -1.8677e-04
 1373.000 0.00014545     2.4474e-04
 1374.000 0.00018658    -3.3266e-04
 1375.000 0.00010659     3.5918e-04
 1376.000 0.00016431    -2.7781e-04
 1377.000 0.00011597     1.1569e-04
 1378.000 0.00010587     4.4479e-05
 1379.000 0.00013172    -7.7907e-05
 1380.000 0.00011991     4.1191e-05
 1381.000 0.00013001     4.4605e-05
 1382.000 0.00015786    -1.1311e-04
 1383.000 0.00014502     1.6370e-04
 1384.000 0.00017001    -3.1471e-04
 1385.000 0.00007834     3.9519e-04
 1386.000 0.00015587    -2.5084e-04
 1387.000 0.00014969     1.0589e-04
 1388.000 0.00015874    -8.1363e-05
 1389.000 0.00013359     1.4358e-05
 1390.000 0.00010978     3.1973e-05
 1391.000 0.00011665     4.1832e-05
 1392.000 0.00014114    -9.3580e-05
 1393.000 0.00010819    -1.2151e-05
 1394.000 0.00006641     8.9205e-05
 1395.000 0.00009568     8.1631e-05
 1396.000 0.00015108    -2.5895e-04
 1397.000 0.00008888     2.4856e-04
 1398.000 0.00012493    -1.4580e-04
 1399.000 0.00011626     6.6329e-05
 1400.000 0.00014356     9.6308e-05
 1401.000 0.00019812    -2.8800e-04
 1402.000 0.00013861     3.7127e-04
 1403.000 0.00020752    -4.2657e-04
 1404.000 0.00010117     2.8347e-04
 1405.000 0.00012280     6.0594e-05
 1406.000 0.00018791    -2.6496e-04
 1407.000 0.00011551     1.7419e-04
 1408.000 0.00012700     7.1542e-05
 1409.000 0.00017124    -2.6386e-04
 1410.000 0.00009393     2.5459e-04
 1411.000 0.00013692    -3.2691e-05
 1412.000 0.00016494    -2.1364e-04
 1413.000 0.00009710     3.1210e-04
 1414.000 0.00014737    -3.2610e-04
 1415.000 0.00009691     3.8792e-04
 1416.000 0.00018152    -4.1517e-04
 1417.000 0.00010105     2.8228e-04
 1418.000 0.00012360    -9.5830e-05
 1419.000 0.00012848    -4.9818e-06
 1420.000 0.00011720     1.8797e-05
 1421.000 0.00012054     1.7515e-05
 1422.000 0.00013427    -2.6518e-05
 1423.000 0.00012691    -3.7984e-05
 1424.000 0.00011268     1.3724e-04
 1425.000 0.00016530    -1.0986e-04
 1426.000 0.00016863     6.4512e-06
 1427.000 0.00014747    -6.2888e-05
 1428.000 0.00010877     1.3986e-04
 1429.000 0.00013644    -9.8338e-05
 1430.000 0.00011604    -3.4928e-05
 1431.000 0.00007899     1.3815e-04
 1432.000 0.00011676    -6.8752e-05
 1433.000 0.00013896     4.3439e-05
 1434.000 0.00016973    -5.3582e-05
 1435.000 0.00017608     2.4369e-05
 1436.000 0.00016447    -1.5165e-04
 1437.000 0.00010411     2.8975e-04
 1438.000 0.00016857    -2.5843e-04
 1439.000 0.00013316     1.4473e-04
 1440.000 0.00014842    -1.6491e-05
 1441.000 0.00015716    -1.1789e-04
 1442.000 0.00011207     1.6507e-04
 1443.000 0.00015398    -2.0390e-05
 1444.000 0.00017844    -1.8821e-04
 1445.000 0.00011971     2.7409e-04
 1446.000 0.00017594    -2.1837e-04
 1447.000 0.00014156     5.5742e-05
 1448.000 0.00011573     4.6703e-05
 1449.000 0.00012331    -4.2096e-05
 1450.000 0.00010395    -3.9960e-05
 1451.000 0.00008245     1.8910e-04
 1452.000 0.00014564    -2.0828e-04
 1453.000 0.00013185     1.8215e-04
 1454.000 0.00015700    -2.8668e-04
 1455.000 0.00008768     3.9776e-04
 1456.000 0.00017822    -3.4521e-04
 1457.000 0.00012834     1.4054e-04
 1458.000 0.00012051     3.5343e-05
 1459.000 0.00014479    -8.9252e-05
 1460.000 0.00013715     1.3015e-04
 1461.000 0.00017681    -1.4753e-04
 1462.000 0.00014959     5.8691e-05
 1463.000 0.00013661    -1.7954e-06
 1464.000 0.00012700    -3.1289e-05
 1465.000 0.00011881     1.3547e-04
 1466.000 0.00015889    -2.2098e-04
 1467.000 0.00009596     1.3040e-04
 1468.000 0.00009787     8.8412e-05
 1469.000 0.00014618    -2.0565e-04
 1470.000 0.00009474     1.3569e-04
 1471.000 0.00010914     5.7932e-05
 1472.000 0.00015728    -1.6498e-04
 1473.000 0.00013724     1.9290e-04
 1474.000 0.00018368    -2.0773e-04
 1475.000 0.00015804     2.0554e-04
 1476.000 0.00018624    -2.9139e-04
 1477.000 0.00009948     2.7026e-04
 1478.000 0.00012892    -9.2442e-05
 1479.000 0.00014060    -7.0493e-06
 1480.000 0.00013306     5.3193e-06
 1481.000 0.00012428    -2.1668e-05
 1482.000 0.00012977     1.6697e-04
 1483.000 0.00019438    -2.9150e-04
 1484.000 0.00012434     1.9114e-04
 1485.000 0.00013703     2.3316e-05
 1486.000 0.00017845    -1.1203e-04
 1487.000 0.00014549    -2.1492e-05
 1488.000 0.00010776     1.6937e-04
 1489.000 0.00014115    -2.2928e-04
 1490.000 0.00008258     1.9599e-04
 1491.000 0.00010388    -7.5452e-05
 1492.000 0.00012438     1.0102e-04
 1493.000 0.00016215    -2.2501e-04
 1494.000 0.00010278     2.1617e-04
 1495.000 0.00013445    -9.3445e-05
 1496.000 0.00012640    -8.0712e-05
 1497.000 0.00008679     2.2693e-04
 1498.000 0.00015335    -1.9000e-04
 1499.000 0.00015326     1.3318e-04
 1500.000 0.00017227    -2.2814e-04
 1501.000 0.00011716     3.3464e-04
 1502.000 0.00018818    -3.5363e-04
 1503.000 0.00012569     2.7881e-04
 1504.000 0.00015638    -2.0254e-04
 1505.000 0.00012577     1.6354e-04
 1506.000 0.00014412    -1.5786e-04
 1507.000 0.00010395     1.1679e-04
 1508.000 0.00011228    -1.8285e-05
 1509.000 0.00012046    -4.4548e-05
 1510.000 0.00010011     2.5298e-05
 1511.000 0.00009986     6.3958e-05
 1512.000 0.00012099    -1.5285e-04
 1513.000 0.00008271     1.9098e-04
 1514.000 0.00012451    -1.3061e-04
 1515.000 0.00012478     8.2259e-05
 1516.000 0.00015363    -2.6949e-05
 1517.000 0.00016238    -9.5063e-05
 1518.000 0.00012880     1.5322e-04
 1519.000 0.00017085    -6.4040e-05
 1520.000 0.00017794    -1.0682e-04
 1521.000 0.00013430     1.8694e-04
 1522.000 0.00016796    -1.7715e-04
 1523.000 0.00013810     1.4053e-04
 1524.000 0.00014604    -1.5818e-04
 1525.000 0.00011960     2.8593e-04
 1526.000 0.00018914    -4.0964e-04
 1527.000 0.00008213     2.9332e-04
 1528.000 0.00009233    -6.0378e-05
 1529.000 0.00011297     1.0835e-05
 1530.000 0.00013590     3.0777e-05
 1531.000 0.00015431    -1.6107e-04
 1532.000 0.00010825     2.2666e-04
 1533.000 0.00015914    -1.6389e-04
 1534.000 0.00014070     1.2900e-05
 1535.000 0.00009613    -4.4495e-05
 1536.000 0.00007494     3.0536e-04
 1537.000 0.00017855    -4.2815e-04
 1538.000 0.00009563     2.8804e-04
 1539.000 0.00013734     2.3761e-05
 1540.000 0.00019575    -2.8288e-04
 1541.000 0.00012492     3.3233e-04
 1542.000 0.00017057    -3.4757e-04
 1543.000 0.00009665     3.4053e-04
 1544.000 0.00015852    -1.9982e-04
 1545.000 0.00013345    -6.2875e-05
 1546.000 0.00007057     2.2446e-04
 1547.000 0.00012400    -1.3712e-04
 1548.000 0.00014565     1.3333e-04
 1549.000 0.00019927    -2.0439e-04
 1550.000 0.00015898     1.2076e-04
 1551.000 0.00015694    -4.9142e-05
 1552.000 0.00014524     1.7851e-05
 1553.000 0.00012555    -7.0202e-05
 1554.000 0.00009570     2.0200e-04
 1555.000 0.00016610    -1.3629e-04
 1556.000 0.00017789    -8.5161e-06
 1557.000 0.00016320     1.1470e-05
 1558.000 0.00014929    -3.2682e-05
 1559.000 0.00012516     5.7939e-05
 1560.000 0.00014160     4.4346e-05
 1561.000 0.00017558    -1.3008e-04
 1562.000 0.00014576     9.3186e-05
 1563.000 0.00015006    -3.7940e-05
 1564.000 0.00014541     4.8738e-06
 1565.000 0.00014178     2.4565e-05
 1566.000 0.00013776    -1.0547e-04
 1567.000 0.00009993     1.9447e-04
 1568.000 0.00015014    -1.4416e-04
 1569.000 0.00014602     5.6188e-05
 1570.000 0.00014684    -5.0954e-05
 1571.000 0.00013368     6.3746e-05
 1572.000 0.00014266    -7.1191e-05
 1573.000 0.00012121     3.8437e-05
 1574.000 0.00011238    -6.8373e-06
 1575.000 0.00010584     2.6520e-06
 1576.000 0.00012733     1.6441e-04
 1577.000 0.00020612    -3.1649e-04
 1578.000 0.00013609     2.0863e-04
 1579.000 0.00014204    -6.2139e-05
 1580.000 0.00014161     1.6498e-06
 1581.000 0.00012523    -4.0160e-05
 1582.000 0.00010879     1.5863e-04
 1583.000 0.00016670    -1.4826e-04
 1584.000 0.00014984    -1.4206e-05
 1585.000 0.00012062     1.3092e-04
 1586.000 0.00016682    -5.6974e-05
 1587.000 0.00017981    -1.0229e-04
 1588.000 0.00012912     8.4054e-05
 1589.000 0.00012133     2.3476e-05
 1590.000 0.00013204    -6.6956e-05
 1591.000 0.00012515     1.3875e-04
 1592.000 0.00017920    -1.2240e-04
 1593.000 0.00016534    -5.6618e-05
 1594.000 0.00012544     1.9263e-04
 1595.000 0.00015225    -3.1364e-04
 1596.000 0.00007238     4.2186e-04
 1597.000 0.00016607    -3.3243e-04
 1598.000 0.00011660     4.8920e-05
 1599.000 0.00008531     2.4584e-04
 1600.000 0.00015126    -4.4883e-04
 1601.000 0.00004269     5.0235e-04
 1602.000 0.00014385    -3.0218e-04
 1603.000 0.00015570     1.7052e-04
 1604.000 0.00019091    -2.3975e-04
 1605.000 0.00013311     2.3040e-04
 1606.000 0.00016683    -1.3274e-04
 1607.000 0.00017563     1.5103e-04
 1608.000 0.00022518    -2.2690e-04
 1609.000 0.00015870     6.0372e-05
 1610.000 0.00011640     1.3049e-04
 1611.000 0.00014239    -1.7259e-04
 1612.000 0.00009612     1.2631e-04
 1613.000 0.00010010    -3.1136e-05
 1614.000 0.00012069     9.7899e-05
 1615.000 0.00016599    -2.1220e-04
 1616.000 0.00012918     2.5823e-04
 1617.000 0.00018111    -2.8829e-04
 1618.000 0.00011345     1.7741e-04
 1619.000 0.00012886     7.7089e-05
 1620.000 0.00018704    -2.2914e-04
 1621.000 0.00013168     1.5824e-04
 1622.000 0.00012064    -1.3790e-04
 1623.000 0.00008770     2.6195e-04
 1624.000 0.00016673    -2.3808e-04
 1625.000 0.00014455     8.3122e-05
 1626.000 0.00013536    -1.6466e-05
 1627.000 0.00012835    -4.1798e-06
 1628.000 0.00013296     1.0290e-04
 1629.000 0.00017175    -2.0236e-04
 1630.000 0.00013375     2.4579e-04
 1631.000 0.00019518    -1.8423e-04
 1632.000 0.00016668    -4.8463e-05
 1633.000 0.00010442     1.7552e-04
 1634.000 0.00013755    -8.1273e-05
 1635.000 0.00012130    -1.4671e-04
 1636.000 0.00005329     3.5754e-04
 1637.000 0.00015463    -2.6735e-04
 1638.000 0.00015430     1.0186e-04
 1639.000 0.00015917    -1.0888e-04
 1640.000 0.00013953     1.8660e-04
 1641.000 0.00018171    -2.6660e-04
 1642.000 0.00012210     2.6904e-04
 1643.000 0.00017137    -1.5630e-04
 1644.000 0.00016205     4.6243e-06
 1645.000 0.00014252     7.6545e-05
 1646.000 0.00016007    -8.8324e-05
 1647.000 0.00014311     6.9693e-05
 1648.000 0.00014883    -5.4366e-05
 1649.000 0.00013808     4.8951e-05
 1650.000 0.00015862     4.6304e-05
 1651.000 0.00018416    -2.0417e-04
 1652.000 0.00010015     1.1306e-04
 1653.000 0.00007851     1.2616e-04
 1654.000 0.00014130    -1.1110e-04
 1655.000 0.00015445     2.0414e-05
 1656.000 0.00016671     2.4106e-05
 1657.000 0.00017916    -1.1570e-04
 1658.000 0.00012091     1.4491e-05
 1659.000 0.00007504     1.3201e-04
 1660.000 0.00011920    -2.3680e-06
 1661.000 0.00015357    -1.8128e-04
 1662.000 0.00009128     1.4754e-04
 1663.000 0.00011329     9.6936e-05
 1664.000 0.00017891    -2.7362e-04
 1665.000 0.00011039     1.9271e-04
 1666.000 0.00011447    -6.1611e-05
 1667.000 0.00011559     3.5978e-05
 1668.000 0.00012937    -6.3393e-06
 1669.000 0.00013375    -6.7020e-05
 1670.000 0.00011753     1.5082e-04
 1671.000 0.00016657    -1.4470e-04
 1672.000 0.00014577     8.9468e-06
 1673.000 0.00012161     8.8754e-05
 1674.000 0.00016256     2.6695e-05
 1675.000 0.00020054    -2.1336e-04
 1676.000 0.00013759     2.2115e-04
 1677.000 0.00016314    -1.4024e-04
 1678.000 0.00015396     1.3142e-04
 1679.000 0.00018796    -1.2636e-04
 1680.000 0.00016179     1.2990e-05
 1681.000 0.00013203     5.2856e-05
 1682.000 0.00013779    -1.1296e-05
 1683.000 0.00014206    -1.6613e-05
 1684.000 0.00013620     1.6970e-05
 1685.000 0.00013339    -3.2966e-05
 1686.000 0.00012869     1.0355e-04
 1687.000 0.00016332    -1.4526e-04
 1688.000 0.00013342     9.0326e-05
 1689.000 0.00014213     1.5622e-05
 1690.000 0.00016292    -8.0333e-05
 1691.000 0.00014472     7.1772e-05
 1692.000 0.00014631    -8.8014e-05
 1693.000 0.00011676     9.3444e-05
 1694.000 0.00014212     4.3698e-05
 1695.000 0.00017154    -2.4388e-04
 1696.000 0.00010836     3.7620e-04
 1697.000 0.00018368    -4.2994e-04
 1698.000 0.00009476     3.5812e-04
 1699.000 0.00014237    -1.8336e-04
 1700.000 0.00014010     7.6058e-05
 1701.000 0.00013661    -1.2819e-04
 1702.000 0.00010492     2.6750e-04
 1703.000 0.00018343    -2.8060e-04
 1704.000 0.00014289     1.4059e-04
 1705.000 0.00014453    -2.8679e-05
 1706.000 0.00014413    -3.8111e-05
 1707.000 0.00012541     7.1205e-05
 1708.000 0.00015210     2.5752e-05
 1709.000 0.00017162    -2.1723e-04
 1710.000 0.00010008     2.9682e-04
 1711.000 0.00015033    -2.3930e-04
 1712.000 0.00011756     1.6227e-04
 1713.000 0.00014110    -7.1931e-05
 1714.000 0.00013282    -6.5468e-05
 1715.000 0.00009715     1.6946e-04
 1716.000 0.00014169    -1.3113e-04
 1717.000 0.00013727     6.1288e-05
 1718.000 0.00015003    -1.0944e-05
 1719.000 0.00013847    -1.6343e-04
 1720.000 0.00007943     3.7980e-04
 1721.000 0.00019179    -3.2736e-04
 1722.000 0.00015757     5.0153e-05
 1723.000 0.00011703     8.8826e-05
 1724.000 0.00014763     2.1384e-05
 1725.000 0.00018541    -1.3128e-04
 1726.000 0.00015339     8.4944e-05
 1727.000 0.00014062    -9.2994e-05
 1728.000 0.00012328     2.5961e-04
 1729.000 0.00018872    -4.4877e-04
 1730.000 0.00007839     4.8084e-04
 1731.000 0.00016739    -2.7862e-04
 1732.000 0.00016047     5.8118e-05
 1733.000 0.00013526    -6.3593e-05
 1734.000 0.00008568     5.0034e-05
 1735.000 0.00007135     7.4955e-05
 1736.000 0.00011168    -2.1896e-05
 1737.000 0.00012912    -1.2471e-04
 1738.000 0.00008335     1.4148e-04
 1739.000 0.00011284     1.0338e-05
 1740.000 0.00015007    -1.3640e-04
 1741.000 0.00012081     1.3631e-04
 1742.000 0.00013697    -1.3632e-04
 1743.000 0.00010410     1.1478e-04
 1744.000 0.00011227    -7.6567e-05
 1745.000 0.00011106     1.3521e-04
 1746.000 0.00014597    -2.4754e-04
 1747.000 0.00009915     3.6456e-04
 1748.000 0.00019387    -3.6146e-04
 1749.000 0.00013287     1.4696e-04
 1750.000 0.00011167     1.2416e-05
 1751.000 0.00013306     5.8914e-05
 1752.000 0.00016938    -1.5849e-04
 1753.000 0.00012578     9.5539e-05
 1754.000 0.00013256     7.8617e-05
 1755.000 0.00017898    -1.7217e-04
 1756.000 0.00014117     1.0468e-04
 1757.000 0.00012842    -9.6172e-05
 1758.000 0.00010351     2.0705e-04
 1759.000 0.00015023    -3.0226e-04
 1760.000 0.00008339     3.2062e-04
 1761.000 0.00014502    -2.0941e-04
 1762.000 0.00013699     9.9074e-05
 1763.000 0.00013793    -1.3306e-04
 1764.000 0.00009573     1.7433e-04
 1765.000 0.00013356    -8.4080e-05
 1766.000 0.00014865     2.5548e-05
 1767.000 0.00016694     1.0881e-06
 1768.000 0.00016215    -1.6838e-04
 1769.000 0.00008625     2.4577e-04
 1770.000 0.00013627    -5.9190e-05
 1771.000 0.00016871    -1.1449e-04
 1772.000 0.00012756     7.5621e-05
 1773.000 0.00013287     9.0771e-05
 1774.000 0.00018107    -1.8136e-04
 1775.000 0.00013590     7.4460e-05
 1776.000 0.00012277     7.5764e-05
 1777.000 0.00014507    -1.6494e-04
 1778.000 0.00009113     1.2654e-04
 1779.000 0.00010807     8.4069e-05
 1780.000 0.00015807    -2.6445e-04
 1781.000 0.00009459     2.9286e-04
 1782.000 0.00016137    -1.2541e-04
 1783.000 0.00018757    -3.4680e-05
 1784.000 0.00016585    -2.3386e-05
 1785.000 0.00013265     5.9346e-05
 1786.000 0.00013285    -1.3596e-05
 1787.000 0.00013723     2.0117e-05
 1788.000 0.00014094    -7.0894e-05
 1789.000 0.00012482     1.4448e-04
 1790.000 0.00017019    -1.3807e-04
 1791.000 0.00015016     1.5417e-05
 1792.000 0.00012027     1.7246e-05
 1793.000 0.00011939     8.9660e-05
 1794.000 0.00016140    -1.1854e-04
 1795.000 0.00015831     1.1392e-04
 1796.000 0.00020094    -6.2805e-05
 1797.000 0.00019927    -1.2850e-04
 1798.000 0.00012791     1.5866e-04
 1799.000 0.00014918     4.9650e-05
 1800.000 0.00019849    -1.8902e-04
 1801.000 0.00014085     6.4712e-05
 1802.000 0.00010864     8.2748e-05
 1803.000 0.00014454     1.2958e-05
 1804.000 0.00018139    -1.2888e-04
 1805.000 0.00013638     1.1399e-05
 1806.000 0.00010792     1.8258e-04
 1807.000 0.00017463    -1.7072e-04
 1808.000 0.00016128     1.9924e-05
 1809.000 0.00012890    -2.3158e-05
 1810.000 0.00010887     1.4681e-04
 1811.000 0.00015853    -1.4594e-04
 1812.000 0.00014039     3.0139e-05
 1813.000 0.00009502    -1.3800e-04
 1814.000 0.00003977     4.6258e-04
 1815.000 0.00017920    -5.4425e-04
 1816.000 0.00010051     4.0571e-04
 1817.000 0.00014845    -3.1879e-04
 1818.000 0.00011271     3.6737e-04
 1819.000 0.00019139    -4.6418e-04
 1820.000 0.00009132     4.1685e-04
 1821.000 0.00015823    -2.0134e-04
 1822.000 0.00015876    -9.7696e-06
 1823.000 0.00011536    -2.3162e-05
 1824.000 0.00007759     1.3620e-04
 1825.000 0.00012964     1.7295e-05
 1826.000 0.00017862    -2.2380e-04
 1827.000 0.00012875     2.8480e-04
 1828.000 0.00018571    -2.7441e-04
 1829.000 0.00014488     2.2610e-04
 1830.000 0.00016886    -2.4111e-04
 1831.000 0.00010943     2.3790e-04
 1832.000 0.00012946    -2.3372e-04
 1833.000 0.00007868     2.7212e-04
 1834.000 0.00015915    -6.7257e-05
 1835.000 0.00020849    -1.8987e-04
 1836.000 0.00015760     2.2536e-04
 1837.000 0.00019099    -2.0588e-04
 1838.000 0.00014242     1.0642e-04
 1839.000 0.00014210     6.9711e-05
 1840.000 0.00019083    -9.0963e-05
 1841.000 0.00017538    -9.0939e-05
 1842.000 0.00012001     2.1520e-04
 1843.000 0.00017007    -1.3728e-04
 1844.000 0.00017902     8.7254e-05
 1845.000 0.00020290    -1.2216e-04
 1846.000 0.00017729     1.0444e-04
 1847.000 0.00018447    -9.8850e-05
 1848.000 0.00014560     1.4663e-05
 1849.000 0.00011829     1.0956e-04
 1850.000 0.00015982    -3.9852e-05
 1851.000 0.00017756    -9.2890e-05
 1852.000 0.00015217     1.5263e-04
 1853.000 0.00018927    -1.4269e-04
 1854.000 0.00016764     6.5753e-05
 1855.000 0.00018182     9.4538e-05
 1856.000 0.00024003    -1.7972e-04
 1857.000 0.00021434     1.2096e-04
 1858.000 0.00023352    -3.4890e-05
 1859.000 0.00023734    -7.3560e-05
 1860.000 0.00022180     2.1297e-04
 1861.000 0.00027505    -3.6558e-04
 1862.000 0.00019547     4.5237e-04
 1863.000 0.00029567    -3.6523e-04
 1864.000 0.00027104     2.5956e-04
 1865.000 0.00033538    -1.3919e-04
 1866.000 0.00034009    -6.0583e-05
 1867.000 0.00030014     1.1356e-04
 1868.000 0.00034752     1.3032e-04
 1869.000 0.00044455    -3.3694e-04
 1870.000 0.00038683     2.8892e-04
 1871.000 0.00043837    -1.6320e-04
 1872.000 0.00044883     1.1739e-04
 1873.000 0.00050053    -5.8919e-05
 1874.000 0.00053573     1.9286e-05
 1875.000 0.00056626    -4.6247e-05
 1876.000 0.00058625     1.0246e-04
 1877.000 0.00065160    -9.1436e-05
 1878.000 0.00068936     9.7743e-05
 1879.000 0.00075310    -1.4366e-04
 1880.000 0.00075646     1.1460e-04
 1881.000 0.00080355    -5.2374e-05
 1882.000 0.00085079     9.5791e-05
 1883.000 0.00090740    -2.7457e-04
 1884.000 0.00087255     4.5373e-04
 1885.000 0.00101870    -4.5435e-04
 1886.000 0.00099011     3.1522e-04
 1887.000 0.00105480    -2.4687e-04
 1888.000 0.00107890     4.2870e-04
 1889.000 0.00126590    -4.9055e-04
 1890.000 0.00123350     2.1708e-04
 1891.000 0.00127110     4.2226e-05
 1892.000 0.00135660    -9.8584e-05
 1893.000 0.00139480     6.8310e-05
 1894.000 0.00145660    -3.3057e-05
 1895.000 0.00151220     2.6717e-05
 1896.000 0.00159930     1.1519e-04
 1897.000 0.00173250    -2.1087e-04
 1898.000 0.00178290     2.3150e-04
 1899.000 0.00192980    -1.3613e-04
 1900.000 0.00202200    -1.5178e-05
 1901.000 0.00211500     2.0164e-04
 1902.000 0.00227680    -3.7860e-04
 1903.000 0.00230620     5.1834e-04
 1904.000 0.00255750    -3.6337e-04
 1905.000 0.00268520     1.9353e-04
 1906.000 0.00287820    -1.8958e-05
 1907.000 0.00308710    -2.2299e-05
 1908.000 0.00329730     1.1596e-04
 1909.000 0.00356980    -6.7722e-05
 1910.000 0.00381970     1.9332e-05
 1911.000 0.00406930    -1.1403e-05
 1912.000 0.00433950     1.4988e-04
 1913.000 0.00470460    -1.8723e-05
 1914.000 0.00509430     7.2610e-05
 1915.000 0.00551870    -6.3519e-05
 1916.000 0.00593170     1.1306e-04
 1917.000 0.00642960     1.2066e-04
 1918.000 0.00700970    -1.0252e-04
 1919.000 0.00758060     2.3423e-04
 1920.000 0.00830890     1.1002e-04
 1921.000 0.00914580    -2.2717e-05
 1922.000 0.01001000     1.4465e-04
 1923.000 0.01099700     1.8091e-04
 1924.000 0.01212400    -2.8283e-05
 1925.000 0.01331500     3.1623e-04
 1926.000 0.01471100    -6.6519e-06
 1927.000 0.01624300     5.2638e-04
 1928.000 0.01812600     7.1184e-06
 1929.000 0.02016700     3.9314e-04
 1930.000 0.02250900     2.2631e-04
 1931.000 0.02512500     3.4563e-04
 1932.000 0.02811000     6.0519e-04
 1933.000 0.03158600     1.7960e-04
 1934.000 0.03540100     7.1040e-04
 1935.000 0.03983700     7.0481e-04
 1936.000 0.04499200     7.8436e-04
 1937.000 0.05088800     6.0377e-04
 1938.000 0.05757000     1.5165e-03
 1939.000 0.06540900     2.7205e-04
 1940.000 0.07403300     2.1052e-03
 1941.000 0.08425900     9.1914e-04
 1942.000 0.09575600     1.8441e-03
 1943.000 0.10898000     2.0664e-03
 1944.000 0.12422000     1.9863e-03
 1945.000 0.14143000     1.8084e-03
 1946.000 0.16077000     3.5601e-03
 1947.000 0.18301001     1.3511e-03
 1948.000 0.20749001     4.4755e-03
 1949.000 0.23563999     2.7670e-03
 1950.000 0.26646999     5.3675e-04
 1951.000 0.29910999     5.9460e-03
 1952.000 0.33594002     8.1936e-04
 1953.000 0.37467999     2.2362e-03
 1954.000 0.41588001     4.9962e-03
 1955.000 0.46035000    -2.6012e-03
 1956.000 0.50435001     2.5889e-03
 1957.000 0.54943001    -1.2746e-03
 1958.000 0.59405998    -1.9064e-04
 1959.000 0.63766998    -4.0827e-03
 1960.000 0.67857002     2.6158e-04
 1961.000 0.71821999    -4.4641e-03
 1962.000 0.75433998    -3.5850e-03
 1963.000 0.78665001    -4.0558e-03
 1964.000 0.81514000    -3.1121e-03
 1965.000 0.84023003    -3.8957e-03
 1966.000 0.86161003    -3.5652e-03
 1967.000 0.87955002    -2.4836e-03
 1968.000 0.89472000    -3.1204e-03
 1969.000 0.90703003    -2.1947e-03
 1970.000 0.91700996    -2.0815e-03
 1971.000 0.92499001    -1.4786e-03
 1972.000 0.93141998    -1.3044e-03
 1973.000 0.93655998    -1.0438e-03
 1974.000 0.94058998    -1.1805e-03
 1975.000 0.94364998    -5.4248e-05
 1976.000 0.94632004    -9.4215e-04
 1977.000 0.94827003    -4.9754e-04
 1978.000 0.94973999     5.2060e-05
 1979.000 0.95105003    -6.7017e-04
 1980.000 0.95192001    -1.1748e-05
 1981.000 0.95260002    -4.2267e-04
 1982.000 0.95299004    -3.7544e-05
 1983.000 0.95329002     3.2681e-05
 1984.000 0.95348000    -7.5327e-04
 1985.000 0.95325996     5.2039e-04
 1986.000 0.95320000    -3.6791e-04
 1987.000 0.95291000    -4.2892e-04
 1988.000 0.95228996     1.0329e-04
 1989.000 0.95165001    -1.0373e-04
 1990.000 0.95087997    -4.6884e-04
 1991.000 0.94976997    -6.0694e-05
 1992.000 0.94857002     1.7192e-04
 1993.000 0.94744003    -2.0720e-04
 1994.000 0.94614998    -3.0351e-04
 1995.000 0.94464996     1.6146e-04
 1996.000 0.94319000    -1.0201e-04
 1997.000 0.94178001     5.4642e-04
 1998.000 0.94038002    -2.0237e-03
 1999.000 0.93801003     1.7284e-03
 2000.000 0.93640999    -2.7017e-04
 2001.000 0.93487999    -2.2872e-04
 2002.000 0.93320000     2.8861e-04
 2003.000 0.93162003    -3.2927e-04
 2004.000 0.92997002     6.0934e-04
 2005.000 0.92857002    -6.0705e-04
 2006.000 0.92696999     6.1641e-04
 2007.000 0.92561996    -3.5727e-04
 2008.000 0.92425003     6.9217e-04
 2009.000 0.92319000    -5.4950e-04
 2010.000 0.92202003     8.4385e-04
 2011.000 0.92122002    -6.0566e-04
 2012.000 0.92019997     2.6086e-04
 2013.000 0.91931000     3.4069e-04
 2014.000 0.91875000     3.5698e-04
 2015.000 0.91834000    -8.6831e-04
 2016.000 0.91752998     7.1535e-04
 2017.000 0.91707001     1.0778e-04
 2018.000 0.91683998     2.3313e-04
 2019.000 0.91669998    -4.9979e-04
 2020.000 0.91642998     9.8600e-04
 2021.000 0.91664001    -5.6363e-04
 2022.000 0.91671997     4.8790e-04
 2023.000 0.91694000    -5.4729e-04
 2024.000 0.91698997     6.8064e-04
 2025.000 0.91737000    -1.9577e-04
 2026.000 0.91772003    -7.6767e-05
 2027.000 0.91800003     8.2314e-05
 2028.000 0.91839996     4.6675e-04
 2029.000 0.91903000    -5.6801e-04
 2030.000 0.91942001     3.6461e-04
 2031.000 0.91996002     1.0020e-05
 2032.000 0.92058998     1.3371e-04
 2033.000 0.92124001    -4.2314e-04
 2034.000 0.92167000     2.3836e-04
 2035.000 0.92218002    -5.1258e-05
 2036.000 0.92269997     2.7269e-05
 2037.000 0.92327003     2.4255e-04
 2038.000 0.92389999    -6.3858e-04
 2039.000 0.92428001     8.1294e-04
 2040.000 0.92499001    -6.3350e-04
 2041.000 0.92546997     3.4115e-04
 2042.000 0.92597000    -6.1141e-04
 2043.000 0.92629997     1.0846e-03
 2044.000 0.92703003    -1.3259e-03
 2045.000 0.92722000     9.7783e-04
 2046.000 0.92775002    -5.4451e-04
 2047.000 0.92809998     1.1963e-04
 2048.000 0.92848000     2.4571e-04
 2049.000 0.92898003    -3.8221e-04
 2050.000 0.92931999     3.2275e-04
 2051.000 0.92974998    -3.6862e-04
 2052.000 0.93005997     4.3167e-04
 2053.000 0.93050003    -5.7757e-04
 2054.000 0.93069000     3.7808e-04
 2055.000 0.93100998    -1.5470e-04
 2056.000 0.93127998    -5.9109e-05
 2057.000 0.93153000     2.7120e-04
 2058.000 0.93188004    -4.2557e-04
 2059.000 0.93205002     3.5075e-04
 2060.000 0.93235001    -1.9739e-04
 2061.000 0.93258003     1.9057e-05
 2062.000 0.93275002    -2.3909e-04
 2063.000 0.93281998     3.3719e-04
 2064.000 0.93309998     1.5057e-04
 2065.000 0.93345001    -5.1924e-04
 2066.000 0.93349998     1.2599e-04
 2067.000 0.93361000     3.7553e-04
 2068.000 0.93396004    -1.8797e-04
 2069.000 0.93414001    -6.4399e-04
 2070.000 0.93403999     1.0839e-03
 2071.000 0.93448997    -3.9176e-04
 2072.000 0.93472000    -8.3664e-04
 2073.000 0.93453003     1.2183e-03
 2074.000 0.93488998    -7.3707e-04
 2075.000 0.93500000     2.3034e-04
 2076.000 0.93508003    -3.6417e-04
 2077.000 0.93508003     7.4616e-04
 2078.000 0.93538002    -8.2055e-04
 2079.000 0.93533997     4.9579e-04
 2080.000 0.93547997    -8.2287e-05
 2081.000 0.93566002     7.3683e-05
 2082.000 0.93583000    -2.7287e-04
 2083.000 0.93595001     7.1796e-04
 2084.000 0.93638000    -7.3908e-04
 2085.000 0.93651001     4.3844e-04
 2086.000 0.93680000    -5.4737e-05
 2087.000 0.93712997     2.0377e-05
 2088.000 0.93749001     1.5359e-04
 2089.000 0.93793999    -9.5020e-05
 2090.000 0.93832001    -1.9328e-04
 2091.000 0.93864998     5.6783e-04
 2092.000 0.93926003    -3.9759e-04
 2093.000 0.93973999     2.4203e-04
 2094.000 0.94028999    -1.5032e-04
 2095.000 0.94084000     3.5925e-04
 2096.000 0.94151001    -5.6663e-04
 2097.000 0.94195000     5.2709e-04
 2098.000 0.94262001    -1.6159e-04
 2099.000 0.94324997    -1.2105e-04
 2100.000 0.94383003     3.4643e-04
 2101.000 0.94455002    -4.2512e-04
 2102.000 0.94511002     3.9411e-04
 2103.000 0.94584999    -7.1452e-05
 2104.000 0.94653999    -4.0813e-04
 2105.000 0.94706001     6.8409e-04
 2106.000 0.94792999    -2.2848e-04
 2107.000 0.94865997    -6.1017e-04
 2108.000 0.94912003     1.0496e-03
 2109.000 0.95000999    -1.0087e-03
 2110.000 0.95051003     6.4562e-04
 2111.000 0.95116997    -6.1429e-04
 2112.000 0.95167000     8.5207e-04
 2113.000 0.95250000    -8.1417e-04
 2114.000 0.95296997     2.4441e-04
 2115.000 0.95347000     1.6870e-05
 2116.000 0.95402000    -1.2059e-05
 2117.000 0.95454002    -1.4853e-04
 2118.000 0.95500000     2.4593e-04
 2119.000 0.95551003    -5.3491e-04
 2120.000 0.95583000     7.5341e-04
 2121.000 0.95639000    -1.0386e-03
 2122.000 0.95651001     7.6114e-04
 2123.000 0.95692001    -2.6597e-04
 2124.000 0.95725998    -1.1747e-04
 2125.000 0.95752998     3.1608e-04
 2126.000 0.95791000    -4.8677e-04
 2127.000 0.95809998     4.9069e-04
 2128.000 0.95848000    -3.3572e-04
 2129.000 0.95874001     1.3213e-04
 2130.000 0.95900002    -1.9279e-04
 2131.000 0.95925003     5.7907e-04
 2132.000 0.95968002    -1.0436e-03
 2133.000 0.95966003     8.9548e-04
 2134.000 0.95997002    -5.5847e-04
 2135.000 0.96011002     3.1851e-04
 2136.000 0.96030998    -3.5577e-04
 2137.000 0.96040001     4.4495e-04
 2138.000 0.96060997    -7.0442e-04
 2139.000 0.96058998     9.9303e-04
 2140.000 0.96092003    -1.1675e-03
 2141.000 0.96077003     7.9669e-04
 2142.000 0.96091003    -2.7930e-04
 2143.000 0.96092003    -4.5951e-04
 2144.000 0.96078003     1.2174e-03
 2145.000 0.96117996    -1.1704e-03
 2146.000 0.96108002     4.6509e-04
 2147.000 0.96114998     3.2950e-04
 2148.000 0.96143997    -4.6289e-04
 2149.000 0.96148003     2.2447e-05
 2150.000 0.96148003     1.3278e-04
 2151.000 0.96158997     1.0606e-04
 2152.000 0.96170998    -4.9661e-04
 2153.000 0.96158997     4.4026e-04
 2154.000 0.96171997     2.3568e-04
 2155.000 0.96196999    -6.6290e-04
 2156.000 0.96188004     3.7614e-04
 2157.000 0.96194000     5.7835e-05
 2158.000 0.96208000    -1.2729e-04
 2159.000 0.96214996     3.1102e-05
 2160.000 0.96218002    -2.3653e-04
 2161.000 0.96211998     3.7439e-04
 2162.000 0.96222000    -3.0064e-04
 2163.000 0.96219002     4.8149e-05
 2164.000 0.96214996     4.7622e-05
 2165.000 0.96214996     1.6888e-06
 2166.000 0.96211998    -2.3428e-04
 2167.000 0.96195999     1.5540e-04
 2168.000 0.96188004     9.2892e-05
 2169.000 0.96185997    -1.6762e-04
 2170.000 0.96166000    -5.0183e-04
 2171.000 0.96117996     4.9449e-04
 2172.000 0.96099998     3.2426e-04
 2173.000 0.96098999    -7.7162e-04
 2174.000 0.96052002     2.3650e-06
 2175.000 0.96000999     5.2183e-04
 2176.000 0.95983002    -1.0941e-04
 2177.000 0.95954002    -7.4427e-04
 2178.000 0.95883003     5.6651e-04
 2179.000 0.95834000    -2.0204e-04
 2180.000 0.95778000    -1.7812e-04
 2181.000 0.95704002    -1.6535e-04
 2182.000 0.95621002     2.9936e-04
 2183.000 0.95552002    -1.9209e-04
 2184.000 0.95473999    -7.1144e-05
 2185.000 0.95383003    -3.0290e-04
 2186.000 0.95276001     3.2236e-04
 2187.000 0.95176003    -5.6632e-04
 2188.000 0.95045998     1.4252e-04
 2189.000 0.94914001    -1.2325e-04
 2190.000 0.94775002    -6.9736e-05
 2191.000 0.94621002    -4.9777e-04
 2192.000 0.94441002     5.0075e-04
 2193.000 0.94282997    -1.8548e-04
 2194.000 0.94110001    -6.5833e-04
 2195.000 0.93897003     4.1873e-04
 2196.000 0.93693001    -4.7689e-04
 2197.000 0.93472000     4.6894e-04
 2198.000 0.93265999    -4.9889e-04
 2199.000 0.93025002    -5.7312e-04
 2200.000 0.92758003     1.2313e-03
 2201.000 0.92543999    -1.1726e-03
 2202.000 0.92281998     5.7916e-04
 2203.000 0.92038002    -6.3730e-05
 2204.000 0.91796997    -1.4479e-04
 2205.000 0.91550003     2.8355e-04
 2206.000 0.91315002    -2.6982e-04
 2207.000 0.91077003     6.1581e-04
 2208.000 0.90867996    -4.5393e-04
 2209.000 0.90642998     2.4044e-04
 2210.000 0.90428001     9.2301e-05
 2211.000 0.90231003     4.7022e-04
 2212.000 0.90058998    -4.7355e-04
 2213.000 0.89865997     1.6421e-04
 2214.000 0.89690002     8.3707e-04
 2215.000 0.89557999    -8.7303e-04
 2216.000 0.89392998     6.7522e-04
 2217.000 0.89255997    -1.4784e-04
 2218.000 0.89130997     6.3621e-04
 2219.000 0.89036003    -5.9661e-04
 2220.000 0.88922997     6.6945e-04
 2221.000 0.88848000     1.9937e-04
 2222.000 0.88793999    -2.0717e-04
 2223.000 0.88734001     2.6950e-04
 2224.000 0.88698997     6.2879e-04
 2225.000 0.88705002    -3.2418e-04
 2226.000 0.88708000     4.8757e-04
 2227.000 0.88733002    -3.0592e-04
 2228.000 0.88754997     5.5576e-04
 2229.000 0.88814003     3.0351e-04
 2230.000 0.88900002    -1.5024e-04
 2231.000 0.88988998     4.7734e-04
 2232.000 0.89110001     1.6118e-04
 2233.000 0.89252998     1.9767e-04
 2234.000 0.89408997    -1.7184e-04
 2235.000 0.89567001     6.1008e-04
 2236.000 0.89764000     7.1160e-05
 2237.000 0.89973000    -1.7465e-04
 2238.000 0.90181000     5.6749e-04
 2239.000 0.90421997    -1.1548e-04
 2240.000 0.90667999     1.9473e-04
 2241.000 0.90926003     5.6617e-05
 2242.000 0.91189003    -1.2136e-04
 2243.000 0.91453003     4.8881e-04
 2244.000 0.91740997    -3.9420e-04
 2245.000 0.92014000     1.8850e-04
 2246.000 0.92291000    -1.1994e-04
 2247.000 0.92558998    -2.4890e-04
 2248.000 0.92815002     3.9592e-04
 2249.000 0.93084000    -5.5521e-04
 2250.000 0.93325996     2.0491e-04
 2251.000 0.93570000    -1.4404e-04
 2252.000 0.93805000    -1.6893e-04
 2253.000 0.94021004    -3.2008e-04
 2254.000 0.94217003     2.4901e-04
 2255.000 0.94408997    -9.1627e-04
 2256.000 0.94552002     4.7675e-04
 2257.000 0.94704002    -4.5105e-04
 2258.000 0.94828003    -3.5255e-04
 2259.000 0.94927002     3.6115e-04
 2260.000 0.95036003    -4.9193e-04
 2261.000 0.95117996    -1.3932e-05
 2262.000 0.95182999    -4.7179e-04
 2263.000 0.95218002     1.0116e-04
 2264.000 0.95254997     1.8664e-04
 2265.000 0.95285004    -1.2670e-03
 2266.000 0.95246002     7.4101e-04
 2267.000 0.95228996    -3.7726e-04
 2268.000 0.95189003    -6.1121e-04
 2269.000 0.95096001    -3.5844e-04
 2270.000 0.94966003    -1.7473e-04
 2271.000 0.94815002    -2.0288e-04
 2272.000 0.94614998    -1.9540e-03
 2273.000 0.94285004     2.1936e-04
 2274.000 0.93906998    -1.8042e-03
 2275.000 0.93392998    -1.1622e-03
 2276.000 0.92735001    -2.1868e-03
 2277.000 0.91888000    -1.4309e-03
 2278.000 0.90856003    -3.1895e-03
 2279.000 0.89558998    -1.7117e-03
 2280.000 0.88028999    -3.9434e-03
 2281.000 0.86162003    -2.7346e-03
 2282.000 0.84004997    -2.5188e-03
 2283.000 0.81529999    -6.2699e-03
 2284.000 0.78574997    -1.2017e-03
 2285.000 0.75376999    -3.5031e-03
 2286.000 0.71861000    -3.8659e-03
 2287.000 0.68005997    -1.3736e-03
 2288.000 0.63969002    -1.5593e-03
 2289.000 0.59754002    -3.0695e-03
 2290.000 0.55335999     1.6571e-03
 2291.000 0.50978001     4.1363e-05
 2292.000 0.46671001     1.2374e-03
 2293.000 0.42460999     8.2897e-04
 2294.000 0.38382999     3.3670e-03
 2295.000 0.34568001     1.4832e-03
 2296.000 0.30948999     2.4601e-03
 2297.000 0.27587000     4.0964e-03
 2298.000 0.24573000     2.0343e-03
 2299.000 0.21811001     2.8864e-03
 2300.000 0.19318001     2.5601e-03
 2301.000 0.17090000     2.7731e-03
 2302.000 0.15111000     1.2876e-03
 2303.000 0.13310000     2.7566e-03
 2304.000 0.11751000     2.2061e-03
 2305.000 0.10396000     6.5895e-04
 2306.000 0.09163800     2.5261e-03
 2307.000 0.08119500     5.1047e-04
 2308.000 0.07172100     1.2460e-03
 2309.000 0.06338400     1.3276e-03
 2310.000 0.05625200     6.7345e-04
 2311.000 0.04993600     8.7456e-04
 2312.000 0.04439900     5.0230e-04
 2313.000 0.03949700     9.2625e-04
 2314.000 0.03528800    -4.9330e-05
 2315.000 0.03137400     1.0411e-03
 2316.000 0.02813900    -4.0927e-05
 2317.000 0.02514500     5.6863e-04
 2318.000 0.02256700     2.6242e-04
 2319.000 0.02027600     1.0370e-04
 2320.000 0.01819400     5.7678e-04
 2321.000 0.01647500    -2.3280e-04
 2322.000 0.01478000     4.9841e-04
 2323.000 0.01339200     8.1139e-05
 2324.000 0.01214800     4.1030e-05
 2325.000 0.01099500     3.0074e-04
 2326.000 0.01002500    -1.4597e-04
 2327.000 0.00907680     4.1395e-04
 2328.000 0.00831840    -3.7102e-04
 2329.000 0.00747400     5.5412e-04
 2330.000 0.00691220    -1.4985e-04
 2331.000 0.00635210     5.5477e-05
 2332.000 0.00579810    -3.5456e-05
 2333.000 0.00528470     3.2994e-04
 2334.000 0.00493950    -2.7510e-04
 2335.000 0.00450140     2.1307e-04
 2336.000 0.00414740    -7.2558e-05
 2337.000 0.00380560     1.5037e-04
 2338.000 0.00352640    -1.5332e-04
 2339.000 0.00321900     2.9370e-04
 2340.000 0.00304900    -1.9710e-04
 2341.000 0.00281460     1.0830e-04
 2342.000 0.00262060     6.3063e-06
 2343.000 0.00244830    -3.3230e-06
 2344.000 0.00226410    -6.4415e-05
 2345.000 0.00207210     2.1418e-04
 2346.000 0.00198330    -1.7311e-04
 2347.000 0.00183080     9.6077e-05
 2348.000 0.00172590     7.4406e-05
 2349.000 0.00165550    -1.8670e-04
 2350.000 0.00151180     2.3260e-04
 2351.000 0.00145790    -2.0490e-04
 2352.000 0.00132350     1.0401e-04
 2353.000 0.00125420     1.7947e-04
 2354.000 0.00127760    -2.6571e-04
 2355.000 0.00117200     1.0935e-04
 2356.000 0.00109010    -2.9510e-05
 2357.000 0.00103260     1.5509e-04
 2358.000 0.00102960    -2.6383e-04
 2359.000 0.00091024     2.0209e-04
 2360.000 0.00087377    -4.7183e-05
 2361.000 0.00082355    -9.5858e-05
 2362.000 0.00075201     3.0270e-04
 2363.000 0.00080240    -3.8334e-04
 2364.000 0.00069075     2.5844e-04
 2365.000 0.00067360    -8.3417e-05
 2366.000 0.00064906     3.0888e-05
 2367.000 0.00061586    -9.2095e-05
 2368.000 0.00055869     1.9367e-04
 2369.000 0.00058930    -1.5592e-04
 2370.000 0.00056765     1.1643e-04
 2371.000 0.00056320    -2.0661e-04
 2372.000 0.00047620     2.1472e-04
 2373.000 0.00047823    -1.1807e-04
 2374.000 0.00045449     1.0294e-04
 2375.000 0.00046457    -9.0770e-05
 2376.000 0.00043876     4.4798e-05
 2377.000 0.00043070     1.8076e-05
 2378.000 0.00041538    -1.6066e-04
 2379.000 0.00034599     3.0015e-04
 2380.000 0.00040823    -2.5016e-04
 2381.000 0.00035742     2.2191e-05
 2382.000 0.00031746     2.2650e-04
 2383.000 0.00037836    -3.2302e-04
 2384.000 0.00030338     2.5030e-04
 2385.000 0.00032343    -1.0800e-04
 2386.000 0.00031517     1.1843e-05
 2387.000 0.00030904     7.3410e-05
 2388.000 0.00032944    -1.4630e-04
 2389.000 0.00028556     1.2612e-04
 2390.000 0.00027950    -1.3125e-04
 2391.000 0.00023469     1.6637e-04
 2392.000 0.00027050    -5.0521e-05
 2393.000 0.00027715    -1.3925e-04
 2394.000 0.00022523     2.5609e-04
 2395.000 0.00027737    -2.6077e-04
 2396.000 0.00023772     2.3623e-04
 2397.000 0.00028117    -1.8555e-04
 2398.000 0.00024770     4.4469e-05
 2399.000 0.00022715     8.5200e-05
 2400.000 0.00025907    -7.0447e-05
 2401.000 0.00025756    -3.9909e-06
 2402.000 0.00025722     9.3431e-05
 2403.000 0.00028009    -2.3047e-04
 2404.000 0.00019450     1.7770e-04
 2405.000 0.00018360    -3.2183e-05
 2406.000 0.00019461     8.2494e-05
 2407.000 0.00023921    -9.6254e-05
 2408.000 0.00022025    -7.8839e-05
 2409.000 0.00017171     2.3413e-04
 2410.000 0.00022927    -2.2109e-04
 2411.000 0.00019243     8.3811e-05
 2412.000 0.00018792     7.9820e-05
 2413.000 0.00021526    -2.1199e-04
 2414.000 0.00015827     2.6216e-04
 2415.000 0.00019931    -2.4848e-04
 2416.000 0.00015867     2.4168e-04
 2417.000 0.00020446    -1.9965e-04
 2418.000 0.00018354     1.5666e-04
 2419.000 0.00020951    -1.4565e-04
 2420.000 0.00016328    -7.2619e-06
 2421.000 0.00013004     2.5264e-04
 2422.000 0.00021151    -3.1503e-04
 2423.000 0.00016218     2.2267e-04
 2424.000 0.00018618    -1.3567e-04
 2425.000 0.00016863     7.0700e-05
 2426.000 0.00016157    -8.4194e-05
 2427.000 0.00013457     1.4643e-04
 2428.000 0.00016242    -1.7244e-04
 2429.000 0.00012630     1.5951e-04
 2430.000 0.00014235    -1.5260e-04
 2431.000 0.00012212     2.3320e-04
 2432.000 0.00019467    -2.2351e-04
 2433.000 0.00015579    -7.7528e-06
 2434.000 0.00012051     2.7612e-04
 2435.000 0.00020850    -3.5709e-04
 2436.000 0.00014277     2.2994e-04
 2437.000 0.00015863    -7.3129e-05
 2438.000 0.00017515     6.6534e-05
 2439.000 0.00019993    -1.4345e-04
 2440.000 0.00014997     5.8816e-05
 2441.000 0.00012729     7.1865e-05
 2442.000 0.00015593    -3.8354e-05
 2443.000 0.00015621    -8.8607e-05
 2444.000 0.00011758     1.5932e-04
 2445.000 0.00015075    -1.1788e-04
 2446.000 0.00013358     1.0156e-05
 2447.000 0.00014000     2.1880e-04
 2448.000 0.00021985    -4.4476e-04
 2449.000 0.00010663     4.0184e-04
 2450.000 0.00015249    -2.0810e-04
 2451.000 0.00015477     1.6910e-04
 2452.000 0.00019612    -2.3388e-04
 2453.000 0.00013103     1.2779e-04
 2454.000 0.00011756     3.2447e-05
 2455.000 0.00014752     3.0030e-06
 2456.000 0.00016326    -1.2978e-04
 2457.000 0.00011903     1.5629e-04
 2458.000 0.00014127    -9.6572e-05
 2459.000 0.00013474     5.7375e-05
 2460.000 0.00013966    -6.4229e-05
 2461.000 0.00011367     1.4079e-05
 2462.000 0.00010640     1.2023e-04
 2463.000 0.00016377    -1.0716e-04
 2464.000 0.00016465    -3.0521e-05
 2465.000 0.00013463     4.3847e-05
 2466.000 0.00012328    -3.2847e-05
 2467.000 0.00010738     6.0242e-05
 2468.000 0.00012693     4.5805e-06
 2469.000 0.00014753    -7.2264e-05
 2470.000 0.00012243     1.0275e-05
 2471.000 0.00010689     8.8525e-05
 2472.000 0.00015151    -3.4152e-06
 2473.000 0.00016537    -2.5942e-04
 2474.000 0.00008158     4.5521e-04
 2475.000 0.00020152    -3.3905e-04
 2476.000 0.00017192     3.7322e-06
 2477.000 0.00010731     1.1406e-04
 2478.000 0.00011026    -5.4602e-05
 2479.000 0.00011042     8.7611e-05
 2480.000 0.00014226    -1.0576e-04
 2481.000 0.00012773     5.7223e-05
 2482.000 0.00012595    -4.6627e-05
 2483.000 0.00010191    -4.2749e-06
 2484.000 0.00009635     1.7461e-04
 2485.000 0.00017247    -2.0407e-04
 2486.000 0.00015626     8.7699e-05
 2487.000 0.00014715    -1.0413e-04
 2488.000 0.00011588     1.9584e-04
 2489.000 0.00016841    -1.7644e-04
 2490.000 0.00014234     3.8331e-05
 2491.000 0.00011473     1.3878e-05
 2492.000 0.00010476     1.1998e-05
 2493.000 0.00010559     2.9311e-06
 2494.000 0.00010606    -2.5882e-05
 2495.000 0.00011115     1.2832e-04
 2496.000 0.00016929    -1.6909e-04
 2497.000 0.00013988     2.2736e-05
 2498.000 0.00011863     1.2710e-04
 2499.000 0.00016384    -1.3239e-04
 2500.000 0.00014758     3.3651e-05
 2501.000 0.00013079    -5.3901e-06
 2502.000 0.00013077     8.8530e-05
 2503.000 0.00017699    -7.1288e-05
 2504.000 0.00016390    -1.5924e-04
 2505.000 0.00008373     3.0575e-04
 2506.000 0.00014640    -2.0674e-04
 2507.000 0.00015353     1.8795e-04
 2508.000 0.00020322    -2.8972e-04
 2509.000 0.00011466     1.4141e-04
 2510.000 0.00008971     1.0572e-04
 2511.000 0.00013911    -1.1821e-04
 2512.000 0.00013488     4.5334e-05
 2513.000 0.00014335     1.3075e-05
 2514.000 0.00015065    -1.0465e-04
 2515.000 0.00011641     1.5629e-04
 2516.000 0.00014465    -1.4565e-04
 2517.000 0.00012198     1.2083e-04
 2518.000 0.00014570    -5.9320e-05
 2519.000 0.00014461    -3.2404e-05
 2520.000 0.00011841     3.8278e-05
 2521.000 0.00011123    -6.5880e-06
 2522.000 0.00013075     1.4827e-04
 2523.000 0.00020103    -2.8195e-04
 2524.000 0.00013530     1.6346e-04
 2525.000 0.00011884    -7.6255e-05
 2526.000 0.00011142     1.9580e-04
 2527.000 0.00018165    -2.4106e-04
 2528.000 0.00014994     1.5678e-04
 2529.000 0.00014224    -2.4201e-04
 2530.000 0.00007098     4.2988e-04
 2531.000 0.00017285    -4.3875e-04
 2532.000 0.00009602     2.5292e-04
 2533.000 0.00011227    -1.4465e-05
 2534.000 0.00012856    -1.9482e-04
 2535.000 0.00005651     2.6372e-04
 2536.000 0.00011801    -5.8751e-05
 2537.000 0.00015698    -1.6389e-04
 2538.000 0.00012178     2.6930e-04
 2539.000 0.00018429    -3.2706e-04
 2540.000 0.00010125     1.6565e-04
 2541.000 0.00009822     1.4452e-04
 2542.000 0.00014739    -4.3052e-04
 2543.000 0.00003283     5.9520e-04
 2544.000 0.00016295    -4.8219e-04
 2545.000 0.00011785     2.8224e-04
 2546.000 0.00014811    -1.9460e-04
 2547.000 0.00012818     1.9501e-04
 2548.000 0.00017161    -2.0527e-04
 2549.000 0.00013896     1.6959e-04
 2550.000 0.00016487    -1.2172e-04
 2551.000 0.00015048     7.5474e-05
 2552.000 0.00016703     5.4576e-06
 2553.000 0.00017425    -1.5328e-04
 2554.000 0.00011770     2.2506e-04
 2555.000 0.00014274    -2.5742e-04
 2556.000 0.00009206     3.5030e-04
 2557.000 0.00017781    -3.2520e-04
 2558.000 0.00012534     1.2118e-04
 2559.000 0.00010695     4.4954e-05
 2560.000 0.00013055    -4.9057e-05
 2561.000 0.00014713     1.0916e-04
 2562.000 0.00018535    -2.5773e-04
 2563.000 0.00011913     2.9511e-04
 2564.000 0.00016642    -2.4164e-04
 2565.000 0.00013859     2.2075e-04
 2566.000 0.00015464    -3.7807e-04
 2567.000 0.00002880     4.4018e-04
 2568.000 0.00010665    -1.6051e-04
 2569.000 0.00014840    -1.4753e-05
 2570.000 0.00013489    -1.1204e-04
 2571.000 0.00008505     2.4494e-04
 2572.000 0.00015343    -1.5841e-04
 2573.000 0.00015703     2.8817e-08
 2574.000 0.00012775    -3.8982e-05
 2575.000 0.00007894     3.8719e-05
 2576.000 0.00008589     2.1866e-04
 2577.000 0.00017665    -4.1052e-04
 2578.000 0.00008512     3.2967e-04
 2579.000 0.00013718    -4.6610e-05
 2580.000 0.00018435    -1.7257e-04
 2581.000 0.00013463     1.5554e-04
 2582.000 0.00014071    -1.1480e-04
 2583.000 0.00013164     2.1275e-04
 2584.000 0.00019419    -3.0649e-04
 2585.000 0.00012801     2.4082e-04
 2586.000 0.00015599    -9.1828e-05
 2587.000 0.00014501    -1.0727e-04
 2588.000 0.00008900     2.5071e-04
 2589.000 0.00014588    -2.1825e-04
 2590.000 0.00013429     2.1147e-04
 2591.000 0.00017672    -3.0350e-04
 2592.000 0.00010652     3.2675e-04
 2593.000 0.00016918    -2.0636e-04
 2594.000 0.00015540     4.0029e-05
 2595.000 0.00014452     6.3638e-05
 2596.000 0.00017110    -6.9822e-05
 2597.000 0.00015413    -4.5649e-05
 2598.000 0.00012806     1.9782e-04
 2599.000 0.00017266    -3.2161e-04
 2600.000 0.00008912     3.1978e-04
 2601.000 0.00014423    -1.2560e-04
 2602.000 0.00014376    -1.5084e-04
 2603.000 0.00006952     2.8636e-04
 2604.000 0.00013026    -1.8470e-04
 2605.000 0.00013211     9.9121e-05
 2606.000 0.00015862    -6.3818e-05
 2607.000 0.00016109     1.1912e-05
 2608.000 0.00014253    -1.1001e-04
 2609.000 0.00009161     2.3397e-04
 2610.000 0.00013725    -2.4653e-04
 2611.000 0.00010145     2.6349e-04
 2612.000 0.00017082    -1.7640e-04
 2613.000 0.00016608    -2.5354e-06
 2614.000 0.00013693     4.0085e-05
 2615.000 0.00012310    -6.5883e-05
 2616.000 0.00010097     1.7365e-04
 2617.000 0.00013794    -2.7411e-04
 2618.000 0.00007510     3.2394e-04
 2619.000 0.00015299    -1.7727e-04
 2620.000 0.00016739     4.1813e-06
 2621.000 0.00015468    -2.1200e-06
 2622.000 0.00013507    -3.7101e-05
 2623.000 0.00010689     9.9106e-05
 2624.000 0.00013321    -3.2321e-05
 2625.000 0.00016223     4.6379e-05
 2626.000 0.00018311    -2.0203e-04
 2627.000 0.00009421     1.0308e-04
 2628.000 0.00006546     1.5063e-04
 2629.000 0.00013077    -1.4124e-04
 2630.000 0.00013369     3.9976e-05
 2631.000 0.00013124    -5.0888e-05
 2632.000 0.00012411     1.3549e-04
 2633.000 0.00017407    -1.4855e-04
 2634.000 0.00014611    -8.8153e-06
 2635.000 0.00010180     8.5711e-05
 2636.000 0.00011875     3.3532e-05
 2637.000 0.00014950    -1.3704e-04
 2638.000 0.00010971     9.1379e-05
 2639.000 0.00011425     3.7502e-05
 2640.000 0.00013653    -1.3495e-04
 2641.000 0.00010049     1.5237e-04
 2642.000 0.00012766    -9.5260e-05
 2643.000 0.00012036     2.1851e-05
 2644.000 0.00010533    -3.8526e-05
 2645.000 0.00009438     1.5673e-04
 2646.000 0.00014087    -2.4377e-04
 2647.000 0.00009480     2.6298e-04
 2648.000 0.00014716    -2.1757e-04
 2649.000 0.00012339     1.5053e-04
 2650.000 0.00015124    -7.4831e-05
 2651.000 0.00014992    -2.6227e-05
 2652.000 0.00011856    -4.9917e-07
 2653.000 0.00010340     1.2542e-04
 2654.000 0.00014242    -1.7612e-04
 2655.000 0.00011032     1.5233e-04
 2656.000 0.00012977    -1.2388e-04
 2657.000 0.00011338     1.2817e-04
 2658.000 0.00014189    -1.1939e-04
 2659.000 0.00014062     1.7072e-04
 2660.000 0.00019094    -2.5393e-04
 2661.000 0.00013710     2.2006e-04
 2662.000 0.00017270    -8.9670e-05
 2663.000 0.00017228    -7.7503e-05
 2664.000 0.00013879     2.0126e-04
 2665.000 0.00017301    -3.2128e-04
 2666.000 0.00009223     3.9386e-04
 2667.000 0.00016036    -3.6071e-04
 2668.000 0.00010476     3.0659e-04
 2669.000 0.00016777    -1.5398e-04
 2670.000 0.00017249    -4.0391e-05
 2671.000 0.00012969     3.0429e-05
 2672.000 0.00012453     1.4451e-04
 2673.000 0.00017652    -2.6558e-04
 2674.000 0.00011482     2.3569e-04
 2675.000 0.00013187    -2.0466e-04
 2676.000 0.00010278     3.0611e-04
 2677.000 0.00018991    -3.2245e-04
 2678.000 0.00014267     1.7746e-04
 2679.000 0.00015514    -2.9133e-05
 2680.000 0.00016514    -7.5746e-05
 2681.000 0.00013394     8.4918e-05
 2682.000 0.00013570    -6.6166e-05
 2683.000 0.00012856     1.2634e-04
 2684.000 0.00015576    -2.3317e-04
 2685.000 0.00010407     3.3300e-04
 2686.000 0.00016612    -4.1639e-04
 2687.000 0.00008330     4.6335e-04
 2688.000 0.00017635    -3.8177e-04
 2689.000 0.00012512     1.9805e-04
 2690.000 0.00012721    -9.0520e-05
 2691.000 0.00011796     9.5988e-05
 2692.000 0.00012821    -1.7643e-04
 2693.000 0.00007849     2.4992e-04
 2694.000 0.00013985    -1.5678e-04
 2695.000 0.00014369     3.2073e-05
 2696.000 0.00013730    -3.2891e-05
 2697.000 0.00012369     5.6173e-05
 2698.000 0.00013680    -3.1481e-05
 2699.000 0.00013452    -2.2591e-05
 2700.000 0.00010997    -1.1776e-05
 2701.000 0.00008671     7.7436e-05
 2702.000 0.00012762     8.7054e-05
 2703.000 0.00019884    -2.4379e-04
 2704.000 0.00015429     1.9349e-04
 2705.000 0.00015470    -2.6039e-04
 2706.000 0.00007249     3.5237e-04
 2707.000 0.00014791    -2.0329e-04
 2708.000 0.00017214     1.5365e-04
 2709.000 0.00019250    -4.3452e-04
 2710.000 0.00005714     6.5012e-04
 2711.000 0.00019178    -5.4594e-04
 2712.000 0.00011539     2.6747e-04
 2713.000 0.00012434    -1.1884e-05
 2714.000 0.00016383    -3.6689e-05
 2715.000 0.00015601    -1.2522e-04
 2716.000 0.00010460     2.7603e-04
 2717.000 0.00015994    -3.3838e-04
 2718.000 0.00008705     3.0812e-04
 2719.000 0.00012949    -2.0212e-04
 2720.000 0.00011793     1.7637e-04
 2721.000 0.00015423    -2.1619e-04
 2722.000 0.00010994     2.0487e-04
 2723.000 0.00014126    -1.4962e-04
 2724.000 0.00012786     1.2529e-04
 2725.000 0.00015774    -9.1849e-05
 2726.000 0.00014578    -8.9313e-06
 2727.000 0.00012816     9.3614e-05
 2728.000 0.00015113    -1.2198e-04
 2729.000 0.00011449     3.6666e-05
 2730.000 0.00008818     3.7301e-05
 2731.000 0.00009714     2.5749e-05
 2732.000 0.00012063    -5.3116e-05
 2733.000 0.00011812     3.0716e-05
 2734.000 0.00013406     4.0952e-05
 2735.000 0.00016138    -1.2624e-04
 2736.000 0.00013329     1.3157e-04
 2737.000 0.00016075    -6.6719e-05
 2738.000 0.00016413    -9.1682e-06
 2739.000 0.00015998     5.8212e-05
 2740.000 0.00018378    -5.5981e-05
 2741.000 0.00017517    -2.8748e-05
 2742.000 0.00015655     1.1091e-04
 2743.000 0.00016989    -2.2314e-04
 2744.000 0.00010535     3.1437e-04
 2745.000 0.00017118    -2.5211e-04
 2746.000 0.00014608     1.4848e-04
 2747.000 0.00018339     3.2654e-05
 2748.000 0.00022218    -2.7021e-04
 2749.000 0.00013657     3.0180e-04
 2750.000 0.00016336    -2.6257e-04
 2751.000 0.00011128     2.7528e-04
 2752.000 0.00017008    -1.7325e-04
 2753.000 0.00014828    -6.5883e-05
 2754.000 0.00008206     1.7026e-04
 2755.000 0.00011940     6.1973e-06
 2756.000 0.00017369    -9.3351e-05
 2757.000 0.00016443    -1.4094e-05
 2758.000 0.00012415    -3.6393e-05
 2759.000 0.00008353     1.5763e-04
 2760.000 0.00013632    -3.3657e-05
 2761.000 0.00018409    -5.3121e-05
 2762.000 0.00016395    -1.6132e-04
 2763.000 0.00009327     3.9516e-04
 2764.000 0.00018488    -4.4557e-04
 2765.000 0.00010585     3.6327e-04
 2766.000 0.00016319    -1.8929e-04
 2767.000 0.00015970     2.8909e-05
 2768.000 0.00014114    -1.6766e-05
 2769.000 0.00011983     2.1656e-05
 2770.000 0.00010847    -1.0157e-05
 2771.000 0.00010414     6.1152e-05
 2772.000 0.00013843    -2.7319e-06
 2773.000 0.00016245    -1.1184e-04
 2774.000 0.00013344     1.3193e-04
 2775.000 0.00015029    -1.4072e-04
 2776.000 0.00011656     1.2746e-04
 2777.000 0.00014075    -2.1589e-05
 2778.000 0.00015644    -9.2099e-05
 2779.000 0.00011790     6.4607e-05
 2780.000 0.00012746     1.2227e-04
 2781.000 0.00019741    -1.9135e-04
 2782.000 0.00015663    -2.1235e-05
 2783.000 0.00010653     2.2037e-04
 2784.000 0.00016485    -2.0974e-04
 2785.000 0.00014123     1.2696e-04
 2786.000 0.00014660    -1.2415e-04
 2787.000 0.00010246     7.2575e-05
 2788.000 0.00009839     7.4270e-05
 2789.000 0.00015344    -1.4933e-05
 2790.000 0.00018351    -1.6442e-04
 2791.000 0.00013076     1.7569e-04
 2792.000 0.00015227    -9.2768e-05
 2793.000 0.00014167     2.7236e-06
 2794.000 0.00012912     7.0173e-05
 2795.000 0.00015367    -6.0816e-05
 2796.000 0.00016231     7.7632e-05
 2797.000 0.00017543    -2.2283e-04
 2798.000 0.00010268     2.9847e-04
 2799.000 0.00016056    -1.8727e-04
 2800.000 0.00015303     5.8133e-05
 2801.000 0.00014639    -3.9927e-05
 2802.000 0.00014298     1.2096e-04
 2803.000 0.00016298    -3.0344e-04
 2804.000 0.00007026     4.1648e-04
 2805.000 0.00013583    -4.1274e-04
 2806.000 0.00005695     3.6779e-04
 2807.000 0.00012817    -1.5782e-04
 2808.000 0.00014689    -5.1502e-05
 2809.000 0.00013232     1.6409e-04
 2810.000 0.00017802    -2.4324e-04
 2811.000 0.00011901     1.8063e-04
 2812.000 0.00014206     1.3096e-05
 2813.000 0.00018845    -9.2971e-05
 2814.000 0.00015985    -9.1152e-05
 2815.000 0.00009032     2.1200e-04
 2816.000 0.00012599    -1.2564e-04
 2817.000 0.00013915     1.5552e-04
 2818.000 0.00020250    -1.9528e-04
 2819.000 0.00016786     3.7665e-05
 2820.000 0.00013591     6.0759e-05
 2821.000 0.00015606     3.1898e-05
 2822.000 0.00018426    -1.4005e-04
 2823.000 0.00014079     9.8287e-05
 2824.000 0.00013303    -3.8838e-05
 2825.000 0.00012104     3.1684e-05
 2826.000 0.00012408     2.2821e-06
 2827.000 0.00014481     6.5327e-05
 2828.000 0.00017728    -1.9315e-04
 2829.000 0.00012199     1.8072e-04
 2830.000 0.00012897    -1.5611e-04
 2831.000 0.00010909     2.8254e-04
 2832.000 0.00019806    -3.2097e-04
 2833.000 0.00014743     1.6374e-04
 2834.000 0.00015792     3.2717e-05
 2835.000 0.00019198    -1.5319e-04
 2836.000 0.00016006     1.8416e-04
 2837.000 0.00018865    -2.2041e-04
 2838.000 0.00014250     2.4903e-04
 2839.000 0.00017841    -2.8335e-04
 2840.000 0.00011396     2.8221e-04
 2841.000 0.00015876    -1.8998e-04
 2842.000 0.00014120     1.0357e-04
 2843.000 0.00014822    -7.6814e-05
 2844.000 0.00014996     1.7201e-04
 2845.000 0.00022488    -1.7213e-04
 2846.000 0.00018540    -1.6988e-04
 2847.000 0.00007560     4.2972e-04
 2848.000 0.00017359    -3.0225e-04
 2849.000 0.00016471     1.3807e-04
 2850.000 0.00019979     1.3730e-05
 2851.000 0.00021878    -2.8953e-04
 2852.000 0.00011400     4.0177e-04
 2853.000 0.00018368    -2.7081e-04
 2854.000 0.00016261     1.3695e-04
 2855.000 0.00019954     7.0989e-05
 2856.000 0.00025510    -3.0913e-04
 2857.000 0.00014434     1.6762e-04
 2858.000 0.00012793     2.0476e-04
 2859.000 0.00023288    -2.5851e-04
 2860.000 0.00023529     2.1402e-04
 2861.000 0.00027503    -3.7360e-04
 2862.000 0.00016450     3.7877e-04
 2863.000 0.00022327    -1.2568e-04
 2864.000 0.00023809    -1.3977e-04
 2865.000 0.00019529     3.3902e-04
 2866.000 0.00028845    -4.0055e-04
 2867.000 0.00020587     2.0876e-04
 2868.000 0.00020764     7.1626e-05
 2869.000 0.00025695    -2.1002e-04
 2870.000 0.00021171     2.0115e-04
 2871.000 0.00023433    -1.8743e-04
 2872.000 0.00021630     3.0468e-04
 2873.000 0.00030941    -3.6446e-04
 2874.000 0.00022767     1.0406e-04
 2875.000 0.00015135    -1.9250e-05
 2876.000 0.00015996     4.8252e-04
 2877.000 0.00035072    -8.1794e-04
 2878.000 0.00018532     6.5228e-04
 2879.000 0.00024607    -4.3428e-04
 2880.000 0.00016624     2.4136e-04
 2881.000 0.00016783    -4.2656e-05
 2882.000 0.00019196     6.4498e-05
 2883.000 0.00020939    -2.5554e-04
 2884.000 0.00018032     6.7865e-04
 2885.000 0.00041711    -8.6390e-04
 2886.000 0.00026280     4.3034e-04
 2887.000 0.00023334    -1.0838e-04
 2888.000 0.00026003     3.4007e-04
 2889.000 0.00036837    -7.6200e-04
 2890.000 0.00017440     8.9405e-04
 2891.000 0.00033421    -6.9154e-04
 2892.000 0.00027839     5.7833e-04
 2893.000 0.00040832    -5.0728e-04
 2894.000 0.00032652     1.8041e-04
 2895.000 0.00025222    -1.6935e-04
 2896.000 0.00020254     6.4472e-04
 2897.000 0.00043258    -7.3122e-04
 2898.000 0.00032991     2.8391e-04
 2899.000 0.00027926    -9.2281e-05
 2900.000 0.00026383     2.9654e-04
 2901.000 0.00036549    -3.9133e-04
 2902.000 0.00026780     7.2697e-05
 2903.000 0.00020506     3.1025e-04
 2904.000 0.00029014    -4.2676e-04
 2905.000 0.00021732     4.4941e-04
 2906.000 0.00032184    -3.0682e-04
 2907.000 0.00031462     1.0743e-04
 2908.000 0.00029741    -1.8286e-04
 2909.000 0.00020358     1.6427e-04
 2910.000 0.00023395     2.7097e-04
 2911.000 0.00040962    -3.7635e-04
 2912.000 0.00039262     7.8392e-05
 2913.000 0.00034589    -1.1560e-04
 2914.000 0.00025903     1.4324e-04
 2915.000 0.00027043     1.3219e-04
 2916.000 0.00037152    -1.3387e-04
 2917.000 0.00035388    -3.0910e-04
 2918.000 0.00021418     6.3792e-04
 2919.000 0.00034735    -6.0535e-04
 2920.000 0.00027833     5.7034e-04
 2921.000 0.00040301    -5.1381e-04
 2922.000 0.00033269     3.1490e-04
 2923.000 0.00036535    -1.2790e-04
 2924.000 0.00040948     2.6553e-04
 2925.000 0.00050506    -6.2553e-04
 2926.000 0.00032917     6.0778e-04
 2927.000 0.00040426    -2.9969e-04
 2928.000 0.00041692     2.1642e-04
 2929.000 0.00046199    -3.7152e-04
 2930.000 0.00031398     1.1117e-04
 2931.000 0.00025108     4.3750e-04
 2932.000 0.00040434    -5.6421e-04
 2933.000 0.00028613     1.9050e-04
 2934.000 0.00024351     2.5573e-04
 2935.000 0.00041049     4.4177e-05
 2936.000 0.00051209    -8.2472e-04
 2937.000 0.00027057     1.1960e-03
 2938.000 0.00048417    -1.2285e-03
 2939.000 0.00027321     1.1706e-03
 2940.000 0.00050137    -8.1908e-04
 2941.000 0.00042475     2.7709e-04
 2942.000 0.00039271    -2.1781e-05
 2943.000 0.00041817     1.5504e-04
 2944.000 0.00047917    -3.8514e-04
 2945.000 0.00037691     4.0594e-04
 2946.000 0.00049588     8.8743e-05
 2947.000 0.00060441    -8.2355e-04
 2948.000 0.00033576     9.4239e-04
 2949.000 0.00043210    -7.5608e-04
 2950.000 0.00026783     5.1825e-04
 2951.000 0.00036473     2.5010e-04
 2952.000 0.00059661    -7.0876e-04
 2953.000 0.00041720     1.1720e-04
 2954.000 0.00028543     5.2581e-04
 2955.000 0.00042207    -6.0998e-04
 2956.000 0.00030108     3.6834e-04
 2957.000 0.00033989     9.5420e-05
 2958.000 0.00045376    -2.9966e-04
 2959.000 0.00041872     2.0976e-04
 2960.000 0.00045900    -8.7464e-05
 2961.000 0.00047474    -7.1439e-06
 2962.000 0.00041406    -3.4248e-04
 2963.000 0.00024909     7.5133e-04
 2964.000 0.00047054    -3.4430e-04
 2965.000 0.00052623    -3.6868e-04
 2966.000 0.00033234     3.2154e-04
 2967.000 0.00030917     1.0682e-04
 2968.000 0.00041759     4.0700e-05
 2969.000 0.00051360    -3.4408e-04
 2970.000 0.00035563    -1.8824e-04
 2971.000 0.00019457     1.0785e-03
 2972.000 0.00052413    -1.1821e-03
 2973.000 0.00037571     7.8204e-04
 2974.000 0.00053031    -1.2792e-04
 2975.000 0.00060226    -7.6625e-04
 2976.000 0.00031308     1.0261e-03
 2977.000 0.00048351    -5.8061e-04
 2978.000 0.00045776     1.1925e-04
 2979.000 0.00041778     1.8242e-05
 2980.000 0.00039185    -1.0792e-04
 2981.000 0.00035099     3.2385e-04
 2982.000 0.00046924    -2.3282e-04
 2983.000 0.00048637     7.0347e-07
 2984.000 0.00048889     1.4234e-04
 2985.000 0.00050630    -4.8074e-04
 2986.000 0.00039100     9.8436e-04
 2987.000 0.00069218    -9.5781e-04
 2988.000 0.00050084    -1.0823e-04
 2989.000 0.00026241     1.1082e-03
 2990.000 0.00061382    -7.8552e-04
 2991.000 0.00055757    -4.1207e-04
 2992.000 0.00025209     9.3843e-04
 2993.000 0.00047119    -1.9418e-04
 2994.000 0.00069437    -1.3722e-04
 2995.000 0.00068277    -6.6563e-04
 2996.000 0.00038588     1.0880e-03
 2997.000 0.00056478    -8.3163e-04
 2998.000 0.00048768     7.0253e-04
 2999.000 0.00068534    -3.2991e-04
 3000.000 0.00073981    -2.4201e-04
 3001.000 0.00061330     2.1209e-04
 3002.000 0.00055124    -2.1964e-04
 3003.000 0.00048838     6.6165e-04
 3004.000 0.00065931    -1.0242e-03
 3005.000 0.00041094     9.1951e-04
 3006.000 0.00053257    -4.3380e-04
 3007.000 0.00057109     3.1704e-04
 3008.000 0.00066024    -5.3056e-04
 3009.000 0.00047442     1.5540e-04
 3010.000 0.00037265     4.1328e-04
 3011.000 0.00053356    -2.3243e-04
 3012.000 0.00062537     1.0185e-04
 3013.000 0.00063003    -6.9787e-04
 3014.000 0.00036506     1.0718e-03
 3015.000 0.00058434    -6.8398e-04
 3016.000 0.00057046     2.6513e-04
 3017.000 0.00061152    -4.6882e-05
 3018.000 0.00069028     1.4860e-04
 3019.000 0.00082585    -2.0666e-04
 3020.000 0.00077483    -4.4149e-04
 3021.000 0.00049687     6.1099e-04
 3022.000 0.00059564     2.5793e-04
 3023.000 0.00083033    -8.2718e-04
 3024.000 0.00064284     5.1770e-04
 3025.000 0.00068732     1.4819e-04
 3026.000 0.00082951    -5.2419e-04
 3027.000 0.00077564     7.7221e-04
 3028.000 0.00092094    -1.3696e-03
 3029.000 0.00048746     1.2337e-03
 3030.000 0.00061171    -2.1876e-04
 3031.000 0.00071780    -4.6763e-04
 3032.000 0.00056042     5.0847e-04
 3033.000 0.00066719     1.8640e-05
 3034.000 0.00081721    -3.2353e-04
 3035.000 0.00078123     1.5950e-04
 3036.000 0.00074671    -3.0569e-04
 3037.000 0.00066597     7.8596e-04
 3038.000 0.00086477    -1.1609e-03
 3039.000 0.00054757     7.6168e-04
 3040.000 0.00059619     3.0910e-04
 3041.000 0.00086287    -6.8972e-04
 3042.000 0.00067099    -3.0158e-04
 3043.000 0.00034291     1.0788e-03
 3044.000 0.00065932    -1.4680e-04
 3045.000 0.00091370    -8.6379e-04
 3046.000 0.00069282     7.5042e-04
 3047.000 0.00074360    -5.0794e-04
 3048.000 0.00065728     4.5873e-04
 3049.000 0.00075612    -2.1601e-04
 3050.000 0.00076203    -1.5228e-04
 3051.000 0.00062560    -2.8903e-05
 3052.000 0.00060583     9.6786e-04
 3053.000 0.00097381    -1.5160e-03
 3054.000 0.00073727     1.4691e-03
 3055.000 0.00101220    -1.2916e-03
 3056.000 0.00079931     7.7032e-04
 3057.000 0.00082982    -3.2929e-04
 3058.000 0.00083607     4.0128e-04
 3059.000 0.00104670    -4.9555e-05
 3060.000 0.00113080    -9.6224e-04
 3061.000 0.00075391     1.1326e-03
 3062.000 0.00089124    -4.8275e-04
 3063.000 0.00084572    -2.9866e-04
 3064.000 0.00066892     8.8973e-04
 3065.000 0.00093934    -5.7692e-04
 3066.000 0.00092207    -3.0818e-04
 3067.000 0.00074026     8.2242e-04
 3068.000 0.00104570    -5.7983e-05
 3069.000 0.00130220    -8.8412e-04
 3070.000 0.00098133     1.3026e-04
 3071.000 0.00070940     6.5672e-04
 3072.000 0.00082873    -4.0959e-04
 3073.000 0.00086388     4.7656e-04
 3074.000 0.00104370    -6.2862e-04
 3075.000 0.00090912     1.5152e-04
 3076.000 0.00085868     5.2739e-04
 3077.000 0.00110270    -4.9432e-04
 3078.000 0.00105320    -3.1124e-04
 3079.000 0.00085202     8.2919e-04
 3080.000 0.00104070    -6.6636e-04
 3081.000 0.00092783     2.6938e-05
 3082.000 0.00096589     1.4642e-03
 3083.000 0.00150370    -2.8852e-03
 3084.000 0.00088933     3.1635e-03
 3085.000 0.00143380    -2.8157e-03
 3086.000 0.00100120     2.2367e-03
 3087.000 0.00132890    -1.5695e-03
 3088.000 0.00114710     9.8411e-04
 3089.000 0.00119040    -1.0164e-03
 3090.000 0.00093590     1.2946e-03
 3091.000 0.00124410    -7.8575e-04
 3092.000 0.00125600     7.0627e-05
 3093.000 0.00126620     4.9304e-04
 3094.000 0.00148260    -8.0560e-04
 3095.000 0.00122110    -1.3804e-04
 3096.000 0.00095284     1.3172e-03
 3097.000 0.00131420    -1.3531e-03
 3098.000 0.00111270     7.1791e-04
 3099.000 0.00119350     1.7522e-04
 3100.000 0.00138590    -7.4919e-04
 3101.000 0.00125120     8.5895e-04
 3102.000 0.00144840    -6.9519e-04
 3103.000 0.00131550    -5.8771e-05
 3104.000 0.00102660    -5.7224e-06
 3105.000 0.00111260     2.3311e-03
 3106.000 0.00203800    -4.2821e-03
 3107.000 0.00097867     2.8890e-03
 3108.000 0.00118140     2.9834e-04
 3109.000 0.00170280    -2.1704e-03
 3110.000 0.00116440     2.0244e-03
 3111.000 0.00145200    -9.7111e-04
 3112.000 0.00134680    -4.9675e-04
 3113.000 0.00103280     1.7053e-03
 3114.000 0.00149230    -1.6834e-03
 3115.000 0.00129900     1.1117e-03
 3116.000 0.00135170    -1.2872e-03
 3117.000 0.00119590     2.7861e-03
 3118.000 0.00201480    -4.0091e-03
 3119.000 0.00112810     3.0165e-03
 3120.000 0.00126860    -1.8939e-03
 3121.000 0.00084471     1.1727e-03
 3122.000 0.00102810     8.4682e-04
 3123.000 0.00161210    -2.1563e-03
 3124.000 0.00122310     1.9404e-03
 3125.000 0.00150440    -1.5836e-03
 3126.000 0.00128970     1.4178e-03
 3127.000 0.00148360    -1.6361e-03
 3128.000 0.00126500     2.6516e-03
 3129.000 0.00197140    -3.4205e-03
 3130.000 0.00128590     2.6788e-03
 3131.000 0.00158090    -1.4118e-03
 3132.000 0.00140200     1.2500e-04
 3133.000 0.00126820     1.1824e-03
 3134.000 0.00166700    -1.6590e-03
 3135.000 0.00148390     1.9621e-03
 3136.000 0.00193900    -2.3601e-03
 3137.000 0.00145820     1.8629e-03
 3138.000 0.00166660    -9.5638e-04
 3139.000 0.00178280     1.4094e-03
 3140.000 0.00220550    -2.8423e-03
 3141.000 0.00129850     1.9816e-03
 3142.000 0.00135710     7.0965e-04
 3143.000 0.00188350    -2.0133e-03
 3144.000 0.00138190     1.1757e-03
 3145.000 0.00123310    -5.7280e-04
 3146.000 0.00113190     1.4011e-03
 3147.000 0.00173020    -8.3445e-04
 3148.000 0.00190160    -6.2466e-04
 3149.000 0.00186210     2.0677e-03
 3150.000 0.00241990    -4.0623e-03
 3151.000 0.00139640     4.6939e-03
 3152.000 0.00239990    -2.5511e-03
 3153.000 0.00213470    -2.1016e-03
 3154.000 0.00108810     6.2689e-03
 3155.000 0.00278740    -6.4988e-03
 3156.000 0.00195920     4.5614e-03
 3157.000 0.00248660    -3.6130e-03
 3158.000 0.00192390     3.3502e-03
 3159.000 0.00240540    -3.5226e-03
 3160.000 0.00165970     3.3769e-03
 3161.000 0.00214310    -2.6106e-03
 3162.000 0.00162660     1.0660e-03
 3163.000 0.00157910     1.1608e-03
 3164.000 0.00242550    -3.4558e-04
 3165.000 0.00268930    -3.2740e-03
 3166.000 0.00142620     4.2803e-03
 3167.000 0.00211050    -2.1627e-03
 3168.000 0.00231040     1.4642e-03
 3169.000 0.00251320    -3.6769e-03
 3170.000 0.00134520     5.0184e-03
 3171.000 0.00223460    -4.0524e-03
 3172.000 0.00173950     2.8840e-03
 3173.000 0.00207530    -2.4983e-03
 3174.000 0.00163740     2.4668e-03
 3175.000 0.00203470    -2.3579e-03
 3176.000 0.00165800     2.3208e-03
 3177.000 0.00219850    -1.4222e-03
 3178.000 0.00227660     5.9354e-04
 3179.000 0.00262940     6.9621e-04
 3180.000 0.00318790    -2.1442e-03
 3181.000 0.00253320     6.0137e-04
 3182.000 0.00221720     1.7709e-03
 3183.000 0.00284760    -2.0066e-03
 3184.000 0.00281000     2.2474e-03
 3185.000 0.00325550    -4.0843e-03
 3186.000 0.00208330     4.3837e-03
 3187.000 0.00253010    -3.7365e-03
 3188.000 0.00147630     1.5586e-03
 3189.000 0.00141670     3.4673e-03
 3190.000 0.00297490    -5.7209e-03
 3191.000 0.00189390     3.5809e-03
 3192.000 0.00206140    -1.1119e-03
 3193.000 0.00215760     4.3892e-04
 3194.000 0.00256150     1.2025e-03
 3195.000 0.00321390    -3.7577e-03
 3196.000 0.00199100     2.5767e-03
 3197.000 0.00225610     2.3791e-03
 3198.000 0.00371680    -4.9194e-03
 3199.000 0.00270640     2.4719e-03
 3200.000 0.00264760     7.4144e-04
 3201.000 0.00308740    -2.4461e-03
 3202.000 0.00253210     3.0722e-03
 3203.000 0.00331670    -1.8032e-03
 3204.000 0.00325710    -9.2445e-04
 3205.000 0.00218070    -5.9975e-04
 3206.000 0.00133480     4.7065e-03
 3207.000 0.00301090    -3.0941e-03
 3208.000 0.00304440    -2.1856e-03
 3209.000 0.00208710     5.8917e-03
 3210.000 0.00372710    -5.7974e-03
 3211.000 0.00277340     1.7355e-03
 3212.000 0.00216160     9.0666e-04
 3213.000 0.00236800    -4.5297e-04
 3214.000 0.00258580     9.7364e-04
 3215.000 0.00299300    -2.3052e-03
 3216.000 0.00283520     4.8570e-03
 3217.000 0.00384140    -1.0139e-02
 3218.000 0.00103550     1.2826e-02
 3219.000 0.00354260    -9.2880e-03
 3220.000 0.00297890     5.9011e-03
 3221.000 0.00393210    -5.2151e-03
 3222.000 0.00316800     4.6556e-03
 3223.000 0.00382160    -4.9009e-03
 3224.000 0.00239150     2.4460e-03
 3225.000 0.00209620     1.9258e-03
 3226.000 0.00288340    -3.6543e-03
 3227.000 0.00248290     5.5651e-03
 3228.000 0.00438200    -4.8085e-03
 3229.000 0.00398930    -8.1813e-05
 3230.000 0.00356530     4.9480e-03
 3231.000 0.00521240    -7.2835e-03
 3232.000 0.00376390     5.6123e-03
 3233.000 0.00392030    -5.5365e-03
 3234.000 0.00277520     8.7245e-03
 3235.000 0.00519930    -7.9463e-03
 3236.000 0.00451500     4.4105e-03
 3237.000 0.00505350    -2.3588e-03
 3238.000 0.00436570    -2.3331e-03
 3239.000 0.00255930     4.9798e-03
 3240.000 0.00347100    -1.2774e-03
 3241.000 0.00454390     1.0969e-03
 3242.000 0.00564040    -2.9688e-03
 3243.000 0.00467170    -1.6131e-03
 3244.000 0.00301050     5.2661e-03
 3245.000 0.00412370    -2.8047e-03
 3246.000 0.00461100     2.1975e-03
 3247.000 0.00539790    -4.1876e-03
 3248.000 0.00423110     2.8308e-03
 3249.000 0.00415510    -5.9089e-04
 3250.000 0.00422010     3.7874e-04
 3251.000 0.00445070     6.9538e-05
 3252.000 0.00499170     1.2055e-03
 3253.000 0.00588700    -2.7658e-03
 3254.000 0.00564920     3.0590e-03
 3255.000 0.00594520    -6.2675e-03
 3256.000 0.00407630     9.0215e-03
 3257.000 0.00550510    -1.0032e-02
 3258.000 0.00357790     1.0971e-02
 3259.000 0.00674310    -3.2983e-03
 3260.000 0.00795300    -9.5097e-03
 3261.000 0.00504750     1.6645e-02
 3262.000 0.00843780    -1.9294e-02
 3263.000 0.00463210     1.7355e-02
 3264.000 0.00700610    -1.3046e-02
 3265.000 0.00595250     1.4265e-02
 3266.000 0.00920820    -1.8157e-02
 3267.000 0.00453820     1.0809e-02
 3268.000 0.00421830     1.0198e-03
 3269.000 0.00611960    -1.5614e-03
 3270.000 0.00703800    -6.7143e-04
 3271.000 0.00714880    -5.9845e-04
 3272.000 0.00637570    -2.2382e-03
 3273.000 0.00627900     1.3610e-02
 3274.000 0.01119600    -2.2118e-02
 3275.000 0.00624540     1.5655e-02
 3276.000 0.00697430    -6.4271e-03
 3277.000 0.00737400     8.0778e-03
 3278.000 0.00983960    -1.3489e-02
 3279.000 0.00639650     1.0425e-02
 3280.000 0.00706610    -3.5347e-03
 3281.000 0.00793960     4.9373e-03
 3282.000 0.01039300    -6.7352e-03
 3283.000 0.00904580    -8.0024e-04
 3284.000 0.00770410     9.9691e-03
 3285.000 0.01110800    -1.0603e-02
 3286.000 0.00970430     3.5961e-03
 3287.000 0.00849680    -2.6045e-03
 3288.000 0.00814650     1.1965e-02
 3289.000 0.01271400    -1.5750e-02
 3290.000 0.01150800     1.6392e-02
 3291.000 0.01493800    -2.2002e-02
 3292.000 0.00984410     2.0472e-02
 3293.000 0.01161500    -1.8696e-02
 3294.000 0.00689560     1.5372e-02
 3295.000 0.00917030    -8.2563e-04
 3296.000 0.01251900    -5.6251e-03
 3297.000 0.01235500     2.2498e-03
 3298.000 0.01066200    -1.2548e-02
 3299.000 0.00494640     2.3807e-02
 3300.000 0.01301100     0.0000e+00
