8.000000000000000000e+02 1.049005201356201698e-09 3.969579779103383360e-02
8.500000000000000000e+02 9.288867913086133828e-11 5.514321605688790769e-03
9.000000000000000000e+02 -1.186713432494935831e-14 4.301256108159560923e-06
9.500000000000000000e+02 3.813019622810048647e-13 -2.581359951051961213e-05
1.000000000000000000e+03 7.065407513872269876e-13 -3.780818813858649824e-05
1.050000000000000000e+03 2.255293519462548836e-13 -3.995769228629535071e-05
1.100000000000000000e+03 1.420283912703266629e-12 -3.944306064496370934e-05
1.150000000000000000e+03 1.069689640513278750e-11 -3.180049990390344962e-05
1.200000000000000000e+03 6.028049367725737184e-09 3.061574554309950437e-04
1.250000000000000000e+03 6.282257484975297121e-09 3.171795981411322800e-04
1.300000000000000000e+03 4.486069639165398386e-09 3.277655444983854972e-04
1.350000000000000000e+03 1.042734428038117800e-10 -1.894155175691748571e-05
1.400000000000000000e+03 1.131294298933091477e-12 -8.914297351115152180e-06
1.450000000000000000e+03 5.372962033944099305e-12 -3.151659089888514832e-05
1.500000000000000000e+03 2.700085540637623815e-09 1.019266074460977079e-04
1.550000000000000000e+03 4.431813579682796962e-09 3.286432469148030475e-04
1.600000000000000000e+03 6.238208675673046363e-09 3.294974418552124593e-04
1.650000000000000000e+03 5.284659454341290002e-09 3.235753427338571280e-04
1.700000000000000000e+03 6.077039646129165960e-09 3.411689306766970959e-04
1.750000000000000000e+03 3.603160890919997131e-09 3.055015323809138366e-04
1.800000000000000000e+03 1.792999693861079724e-09 4.598265334540682978e-05
1.850000000000000000e+03 2.345687227097218587e-12 -1.689374442762813172e-05
1.900000000000000000e+03 7.523763263620320121e-13 2.040130049257577277e-07
1.950000000000000000e+03 1.410367003558904711e-09 5.791243952488150752e-05
2.000000000000000000e+03 2.599902880880156666e-09 2.244354560429583491e-04
2.050000000000000000e+03 7.659206482316639348e-09 3.076514791725173514e-04
2.100000000000000000e+03 5.947854954398613781e-09 3.976359011890003470e-04
2.150000000000000000e+03 3.656998456641336367e-09 4.088937893239398308e-04
2.200000000000000000e+03 6.807568948150080427e-09 3.648420513741120917e-04
2.250000000000000000e+03 5.338628273029223235e-09 3.816405706382917039e-04
2.300000000000000000e+03 1.288955624592826252e-09 3.797304074327109940e-05
